00:00:14.514 200 GET /api/health-check with 15 bytes took 3ms
00:00:44.844 200 GET /api/health-check with 15 bytes took 3ms
00:01:15.140 200 GET /api/health-check with 15 bytes took 3ms
00:01:45.480 200 GET /api/health-check with 15 bytes took 3ms
00:02:15.828 200 GET /api/health-check with 15 bytes took 4ms
00:02:46.160 200 GET /api/health-check with 15 bytes took 3ms
00:03:16.481 200 GET /api/health-check with 15 bytes took 3ms
00:03:46.792 200 GET /api/health-check with 15 bytes took 2ms
00:04:17.134 200 GET /api/health-check with 15 bytes took 5ms
00:04:47.449 200 GET /api/health-check with 15 bytes took 3ms
00:05:17.770 200 GET /api/health-check with 15 bytes took 2ms
00:05:48.072 200 GET /api/health-check with 15 bytes took 3ms
00:06:18.382 200 GET /api/health-check with 15 bytes took 3ms
00:06:48.678 200 GET /api/health-check with 15 bytes took 2ms
00:07:18.968 200 GET /api/health-check with 15 bytes took 2ms
00:07:49.277 200 GET /api/health-check with 15 bytes took 2ms
00:08:19.583 200 GET /api/health-check with 15 bytes took 3ms
00:08:49.898 200 GET /api/health-check with 15 bytes took 2ms
00:09:20.198 200 GET /api/health-check with 15 bytes took 2ms
00:09:22.001 Table counts: notes: 592, revisions: 51, attachments: 23, branches: 608, attributes: 882, etapi_tokens: 2, blobs: 250
00:09:22.026 All consistency checks passed with no errors detected (took 26ms)
00:09:50.514 200 GET /api/health-check with 15 bytes took 3ms
00:10:20.790 200 GET /api/health-check with 15 bytes took 1ms
00:10:51.095 200 GET /api/health-check with 15 bytes took 2ms
00:11:21.399 200 GET /api/health-check with 15 bytes took 1ms
00:11:51.723 200 GET /api/health-check with 15 bytes took 2ms
00:12:21.996 200 GET /api/health-check with 15 bytes took 2ms
00:12:52.395 200 GET /api/health-check with 15 bytes took 4ms
00:13:22.667 200 GET /api/health-check with 15 bytes took 2ms
00:13:52.983 200 GET /api/health-check with 15 bytes took 3ms
00:14:23.273 200 GET /api/health-check with 15 bytes took 2ms
00:14:53.572 200 GET /api/health-check with 15 bytes took 2ms
00:15:23.940 200 GET /api/health-check with 15 bytes took 1ms
00:15:54.234 200 GET /api/health-check with 15 bytes took 2ms
00:16:24.541 200 GET /api/health-check with 15 bytes took 2ms
00:16:54.869 200 GET /api/health-check with 15 bytes took 1ms
00:17:25.172 200 GET /api/health-check with 15 bytes took 3ms
00:17:55.496 200 GET /api/health-check with 15 bytes took 2ms
00:18:25.790 200 GET /api/health-check with 15 bytes took 3ms
00:18:56.058 200 GET /api/health-check with 15 bytes took 2ms
00:19:26.367 200 GET /api/health-check with 15 bytes took 3ms
00:19:56.647 200 GET /api/health-check with 15 bytes took 2ms
00:20:26.960 200 GET /api/health-check with 15 bytes took 2ms
00:20:57.242 200 GET /api/health-check with 15 bytes took 1ms
00:21:27.597 200 GET /api/health-check with 15 bytes took 2ms
00:21:57.908 200 GET /api/health-check with 15 bytes took 1ms
00:22:28.249 200 GET /api/health-check with 15 bytes took 2ms
00:22:58.539 200 GET /api/health-check with 15 bytes took 1ms
00:23:28.882 200 GET /api/health-check with 15 bytes took 3ms
00:23:59.230 200 GET /api/health-check with 15 bytes took 3ms
00:24:29.525 200 GET /api/health-check with 15 bytes took 2ms
00:24:59.863 200 GET /api/health-check with 15 bytes took 2ms
00:25:30.158 200 GET /api/health-check with 15 bytes took 4ms
00:26:00.460 200 GET /api/health-check with 15 bytes took 2ms
00:26:30.790 200 GET /api/health-check with 15 bytes took 5ms
00:27:01.122 200 GET /api/health-check with 15 bytes took 3ms
00:27:31.436 200 GET /api/health-check with 15 bytes took 2ms
00:28:01.785 200 GET /api/health-check with 15 bytes took 2ms
00:28:32.066 200 GET /api/health-check with 15 bytes took 2ms
00:29:02.343 200 GET /api/health-check with 15 bytes took 2ms
00:29:32.640 200 GET /api/health-check with 15 bytes took 3ms
00:30:02.989 200 GET /api/health-check with 15 bytes took 2ms
00:30:33.317 200 GET /api/health-check with 15 bytes took 2ms
00:31:03.644 200 GET /api/health-check with 15 bytes took 2ms
00:31:33.906 200 GET /api/health-check with 15 bytes took 2ms
00:32:04.215 200 GET /api/health-check with 15 bytes took 2ms
00:32:34.491 200 GET /api/health-check with 15 bytes took 1ms
00:33:04.816 200 GET /api/health-check with 15 bytes took 2ms
00:33:35.088 200 GET /api/health-check with 15 bytes took 1ms
00:34:05.366 200 GET /api/health-check with 15 bytes took 2ms
00:34:35.668 200 GET /api/health-check with 15 bytes took 2ms
00:35:05.990 200 GET /api/health-check with 15 bytes took 5ms
00:35:36.268 200 GET /api/health-check with 15 bytes took 1ms
00:36:06.561 200 GET /api/health-check with 15 bytes took 3ms
00:36:36.858 200 GET /api/health-check with 15 bytes took 1ms
00:37:07.193 200 GET /api/health-check with 15 bytes took 2ms
00:37:37.480 200 GET /api/health-check with 15 bytes took 1ms
00:38:07.775 200 GET /api/health-check with 15 bytes took 2ms
00:38:38.059 200 GET /api/health-check with 15 bytes took 1ms
00:39:08.354 200 GET /api/health-check with 15 bytes took 3ms
00:39:38.632 200 GET /api/health-check with 15 bytes took 2ms
00:40:08.949 200 GET /api/health-check with 15 bytes took 2ms
00:40:39.244 200 GET /api/health-check with 15 bytes took 0ms
00:41:09.584 200 GET /api/health-check with 15 bytes took 3ms
00:41:39.892 200 GET /api/health-check with 15 bytes took 3ms
00:42:10.189 200 GET /api/health-check with 15 bytes took 2ms
00:42:40.498 200 GET /api/health-check with 15 bytes took 3ms
00:43:10.807 200 GET /api/health-check with 15 bytes took 3ms
00:43:41.098 200 GET /api/health-check with 15 bytes took 2ms
00:44:11.399 200 GET /api/health-check with 15 bytes took 3ms
00:44:41.745 200 GET /api/health-check with 15 bytes took 3ms
00:45:12.077 200 GET /api/health-check with 15 bytes took 3ms
00:45:42.371 200 GET /api/health-check with 15 bytes took 1ms
00:46:12.651 200 GET /api/health-check with 15 bytes took 1ms
00:46:42.945 200 GET /api/health-check with 15 bytes took 2ms
00:47:13.256 200 GET /api/health-check with 15 bytes took 3ms
00:47:43.568 200 GET /api/health-check with 15 bytes took 3ms
00:48:13.869 200 GET /api/health-check with 15 bytes took 2ms
00:48:44.172 200 GET /api/health-check with 15 bytes took 1ms
00:49:14.487 200 GET /api/health-check with 15 bytes took 3ms
00:49:44.779 200 GET /api/health-check with 15 bytes took 1ms
00:50:15.079 200 GET /api/health-check with 15 bytes took 2ms
00:50:45.386 200 GET /api/health-check with 15 bytes took 2ms
00:51:15.750 200 GET /api/health-check with 15 bytes took 2ms
00:51:46.026 200 GET /api/health-check with 15 bytes took 2ms
00:52:16.317 200 GET /api/health-check with 15 bytes took 3ms
00:52:46.567 200 GET /api/health-check with 15 bytes took 2ms
00:53:16.878 200 GET /api/health-check with 15 bytes took 3ms
00:53:47.153 200 GET /api/health-check with 15 bytes took 1ms
00:54:17.487 200 GET /api/health-check with 15 bytes took 3ms
00:54:47.797 200 GET /api/health-check with 15 bytes took 3ms
00:55:18.096 200 GET /api/health-check with 15 bytes took 2ms
00:55:48.402 200 GET /api/health-check with 15 bytes took 2ms
00:56:18.699 200 GET /api/health-check with 15 bytes took 2ms
00:56:48.999 200 GET /api/health-check with 15 bytes took 4ms
00:57:19.341 200 GET /api/health-check with 15 bytes took 5ms
00:57:49.687 200 GET /api/health-check with 15 bytes took 2ms
00:58:20.034 200 GET /api/health-check with 15 bytes took 4ms
00:58:50.349 200 GET /api/health-check with 15 bytes took 3ms
00:59:20.715 200 GET /api/health-check with 15 bytes took 4ms
00:59:51.026 200 GET /api/health-check with 15 bytes took 2ms
01:00:21.363 200 GET /api/health-check with 15 bytes took 3ms
01:00:51.680 200 GET /api/health-check with 15 bytes took 1ms
01:01:22.009 200 GET /api/health-check with 15 bytes took 3ms
01:01:52.318 200 GET /api/health-check with 15 bytes took 2ms
01:02:22.587 200 GET /api/health-check with 15 bytes took 2ms
01:02:52.876 200 GET /api/health-check with 15 bytes took 2ms
01:03:23.157 200 GET /api/health-check with 15 bytes took 1ms
01:03:53.480 200 GET /api/health-check with 15 bytes took 4ms
01:04:24.030 200 GET /api/health-check with 15 bytes took 3ms
01:04:54.366 200 GET /api/health-check with 15 bytes took 4ms
01:05:24.668 200 GET /api/health-check with 15 bytes took 3ms
01:05:54.919 200 GET /api/health-check with 15 bytes took 1ms
01:06:25.211 200 GET /api/health-check with 15 bytes took 2ms
01:06:55.562 200 GET /api/health-check with 15 bytes took 3ms
01:07:25.845 200 GET /api/health-check with 15 bytes took 2ms
01:07:56.128 200 GET /api/health-check with 15 bytes took 1ms
01:08:26.484 200 GET /api/health-check with 15 bytes took 2ms
01:08:56.768 200 GET /api/health-check with 15 bytes took 1ms
01:09:22.002 Table counts: notes: 592, revisions: 51, attachments: 23, branches: 608, attributes: 882, etapi_tokens: 2, blobs: 250
01:09:22.030 All consistency checks passed with no errors detected (took 29ms)
01:09:22.328 Updating attribute _help_Un4wj2Mak2Ky_ldocName from "User Guide/User Guide/Installation & Setup/Server Installation/Nix flake.clone" to "User Guide/User Guide/Installation & Setup/Desktop Installation/Nix flake"
01:09:22.332 Updating attribute _help_Un4wj2Mak2Ky_liconClass from "bx bx-file" to "bx bxl-tux"
01:09:22.335 Updating attribute _help_Un4wj2Mak2Ky_ldocName from "User Guide/User Guide/Installation & Setup/Desktop Installation/Nix flake" to "User Guide/User Guide/Installation & Setup/Server Installation/Nix flake.clone"
01:09:22.336 Updating attribute _help_Un4wj2Mak2Ky_liconClass from "bx bxl-tux" to "bx bx-file"
01:09:22.340 Updating attribute _help_ZjLYv08Rp3qC_ldocName from "User Guide/User Guide/Basic Concepts and Features/Navigation/Quick edit.clone" to "User Guide/User Guide/Basic Concepts and Features/UI Elements/Quick edit"
01:09:22.343 Updating attribute _help_ZjLYv08Rp3qC_ldocName from "User Guide/User Guide/Basic Concepts and Features/UI Elements/Quick edit" to "User Guide/User Guide/Basic Concepts and Features/Navigation/Quick edit.clone"
01:09:27.133 200 GET /api/health-check with 15 bytes took 3ms
01:09:57.414 200 GET /api/health-check with 15 bytes took 1ms
01:10:27.722 200 GET /api/health-check with 15 bytes took 3ms
01:10:58.003 200 GET /api/health-check with 15 bytes took 2ms
01:11:28.282 200 GET /api/health-check with 15 bytes took 1ms
01:11:58.580 200 GET /api/health-check with 15 bytes took 1ms
01:12:28.883 200 GET /api/health-check with 15 bytes took 1ms
01:12:59.199 200 GET /api/health-check with 15 bytes took 1ms
01:13:29.471 200 GET /api/health-check with 15 bytes took 2ms
01:13:59.824 200 GET /api/health-check with 15 bytes took 2ms
01:14:30.142 200 GET /api/health-check with 15 bytes took 1ms
01:15:00.440 200 GET /api/health-check with 15 bytes took 2ms
01:15:30.786 Slow 200 GET /api/health-check with 15 bytes took 16ms
01:16:01.118 200 GET /api/health-check with 15 bytes took 2ms
01:16:31.448 200 GET /api/health-check with 15 bytes took 2ms
01:17:01.774 200 GET /api/health-check with 15 bytes took 1ms
01:17:32.085 200 GET /api/health-check with 15 bytes took 4ms
01:18:02.392 200 GET /api/health-check with 15 bytes took 2ms
01:18:32.674 200 GET /api/health-check with 15 bytes took 1ms
01:19:02.988 200 GET /api/health-check with 15 bytes took 2ms
01:19:33.289 200 GET /api/health-check with 15 bytes took 1ms
01:20:03.634 200 GET /api/health-check with 15 bytes took 4ms
01:20:33.926 200 GET /api/health-check with 15 bytes took 1ms
01:21:04.230 200 GET /api/health-check with 15 bytes took 2ms
01:21:34.505 200 GET /api/health-check with 15 bytes took 1ms
01:22:04.812 200 GET /api/health-check with 15 bytes took 2ms
01:22:35.116 200 GET /api/health-check with 15 bytes took 1ms
01:23:05.402 200 GET /api/health-check with 15 bytes took 2ms
01:23:35.706 200 GET /api/health-check with 15 bytes took 1ms
01:24:06.045 200 GET /api/health-check with 15 bytes took 4ms
01:24:36.338 200 GET /api/health-check with 15 bytes took 1ms
01:25:06.660 200 GET /api/health-check with 15 bytes took 1ms
01:25:36.984 200 GET /api/health-check with 15 bytes took 1ms
01:26:07.258 200 GET /api/health-check with 15 bytes took 1ms
01:26:37.576 200 GET /api/health-check with 15 bytes took 1ms
01:27:07.865 200 GET /api/health-check with 15 bytes took 2ms
01:27:38.143 200 GET /api/health-check with 15 bytes took 1ms
01:28:08.456 200 GET /api/health-check with 15 bytes took 2ms
01:28:38.762 200 GET /api/health-check with 15 bytes took 1ms
01:29:09.062 200 GET /api/health-check with 15 bytes took 2ms
01:29:39.380 200 GET /api/health-check with 15 bytes took 2ms
01:30:09.654 200 GET /api/health-check with 15 bytes took 0ms
01:30:39.952 200 GET /api/health-check with 15 bytes took 1ms
01:31:10.271 200 GET /api/health-check with 15 bytes took 2ms
01:31:40.532 200 GET /api/health-check with 15 bytes took 0ms
01:32:10.835 200 GET /api/health-check with 15 bytes took 1ms
01:32:41.139 200 GET /api/health-check with 15 bytes took 2ms
01:33:11.482 200 GET /api/health-check with 15 bytes took 2ms
01:33:41.781 200 GET /api/health-check with 15 bytes took 1ms
01:34:12.073 200 GET /api/health-check with 15 bytes took 1ms
01:34:29.926 CSRF token generation: Successful
01:34:39.620 404 GET /assets/v0.99.5/stylesheets/print.css
01:34:42.365 200 GET /api/health-check with 15 bytes took 1ms
01:34:46.194 200 GET /api/autocomplete/notesCount with 3 bytes took 2ms
01:34:46.199 200 GET /api/tree with 19158 bytes took 3ms
01:34:46.205 200 GET /api/options with 9002 bytes took 2ms
01:34:46.235 Slow 200 GET /api/keyboard-actions with 18473 bytes took 18ms
01:34:46.502 200 GET /api/options/locales with 1023 bytes took 1ms
01:34:47.605 200 GET /api/script/widgets with 2829 bytes took 4ms
01:34:47.910 200 POST /api/tree/load with 4895 bytes took 1ms
01:34:55.236 200 GET /api/sql/schema with 7987 bytes took 3ms
01:34:55.242 200 GET /api/system-checks with 27 bytes took 5ms
01:34:55.248 200 GET /api/keyboard-shortcuts-for-notes with 2 bytes took 3ms
01:34:55.258 200 POST /api/tree/load with 6719 bytes took 7ms
01:34:55.274 304 GET /api/notes/FXZpiDyZoXKU/blob with 876 bytes took 3ms
01:34:55.638 JS Info: Creating new CKEditor
01:34:55.644 200 POST /api/tree/load with 21526 bytes took 3ms
01:34:55.647 200 GET /api/search/%23textSnippet with 2 bytes took 2ms
01:34:55.838 200 GET /api/recent-changes/undefined with 2 bytes took 5ms
01:34:55.841 200 POST /api/tree/load with 4679 bytes took 1ms
01:34:56.344 200 POST /api/tree/load with 14650 bytes took 2ms
01:34:56.847 200 GET /api/notes/FXZpiDyZoXKU/attachments with 2 bytes took 2ms
01:34:56.849 200 GET /api/note-map/FXZpiDyZoXKU/backlink-count with 11 bytes took 1ms
01:34:56.855 204 PUT /api/options with 0 bytes took 5ms
01:34:57.838 200 GET /api/script/startup with 2 bytes took 2ms
01:34:57.840 200 GET /api/notes/root with 315 bytes took 0ms
01:34:58.230 200 GET /api/notes/_template_text_snippet with 333 bytes took 1ms
01:34:58.551 200 GET /api/notes/_template_list_view with 321 bytes took 1ms
01:34:58.934 200 GET /api/notes/_template_grid_view with 321 bytes took 0ms
01:34:59.327 200 GET /api/notes/_template_calendar with 318 bytes took 1ms
01:34:59.732 200 GET /api/notes/_template_table with 315 bytes took 1ms
01:35:00.130 200 GET /api/notes/_template_geo_map with 319 bytes took 1ms
01:35:00.446 200 GET /api/notes/_template_board with 315 bytes took 1ms
01:35:00.833 200 GET /api/notes/_template_presentation with 322 bytes took 1ms
01:35:01.234 200 GET /api/search-templates with 16 bytes took 3ms
01:35:01.630 200 POST /api/tree/load with 5793 bytes took 2ms
01:35:01.956 200 GET /api/notes/9BVdgdj9Kcyp with 332 bytes took 2ms
01:35:12.643 200 GET /api/health-check with 15 bytes took 1ms
01:35:16.015 JS Info: CKEditor state changed to ready
01:35:16.034 304 GET /api/notes/FXZpiDyZoXKU/blob with 876 bytes took 1ms
01:35:42.913 200 GET /api/health-check with 15 bytes took 1ms
01:36:13.195 200 GET /api/health-check with 15 bytes took 2ms
01:36:43.520 200 GET /api/health-check with 15 bytes took 0ms
01:37:13.850 200 GET /api/health-check with 15 bytes took 2ms
01:37:44.131 200 GET /api/health-check with 15 bytes took 2ms
01:38:14.422 200 GET /api/health-check with 15 bytes took 2ms
01:38:44.713 200 GET /api/health-check with 15 bytes took 2ms
01:39:15.045 200 GET /api/health-check with 15 bytes took 2ms
01:39:45.345 200 GET /api/health-check with 15 bytes took 1ms
01:40:15.690 200 GET /api/health-check with 15 bytes took 2ms
01:40:45.971 200 GET /api/health-check with 15 bytes took 1ms
01:41:16.278 200 GET /api/health-check with 15 bytes took 3ms
01:41:46.557 200 GET /api/health-check with 15 bytes took 3ms
01:42:16.835 200 GET /api/health-check with 15 bytes took 2ms
01:42:47.114 200 GET /api/health-check with 15 bytes took 1ms
01:43:17.408 200 GET /api/health-check with 15 bytes took 2ms
01:43:47.704 200 GET /api/health-check with 15 bytes took 1ms
01:44:18.002 200 GET /api/health-check with 15 bytes took 2ms
01:44:48.267 200 GET /api/health-check with 15 bytes took 1ms
01:45:18.549 200 GET /api/health-check with 15 bytes took 2ms
01:45:48.866 200 GET /api/health-check with 15 bytes took 3ms
01:46:19.216 200 GET /api/health-check with 15 bytes took 1ms
01:46:49.558 200 GET /api/health-check with 15 bytes took 2ms
01:47:19.858 200 GET /api/health-check with 15 bytes took 1ms
01:47:50.159 200 GET /api/health-check with 15 bytes took 1ms
01:48:20.494 200 GET /api/health-check with 15 bytes took 1ms
01:48:50.808 200 GET /api/health-check with 15 bytes took 1ms
01:49:21.116 200 GET /api/health-check with 15 bytes took 1ms
01:49:51.449 200 GET /api/health-check with 15 bytes took 2ms
01:50:21.754 200 GET /api/health-check with 15 bytes took 4ms
01:50:52.056 200 GET /api/health-check with 15 bytes took 1ms
01:51:22.344 200 GET /api/health-check with 15 bytes took 2ms
01:51:52.625 200 GET /api/health-check with 15 bytes took 2ms
01:52:22.941 200 GET /api/health-check with 15 bytes took 1ms
01:52:53.273 200 GET /api/health-check with 15 bytes took 4ms
01:53:23.612 200 GET /api/health-check with 15 bytes took 5ms
01:53:53.968 200 GET /api/health-check with 15 bytes took 2ms
01:54:24.272 200 GET /api/health-check with 15 bytes took 2ms
01:54:54.593 200 GET /api/health-check with 15 bytes took 2ms
01:55:24.920 200 GET /api/health-check with 15 bytes took 2ms
01:55:55.307 200 GET /api/health-check with 15 bytes took 6ms
01:56:25.653 200 GET /api/health-check with 15 bytes took 2ms
01:56:55.965 200 GET /api/health-check with 15 bytes took 3ms
01:57:26.351 200 GET /api/health-check with 15 bytes took 3ms
01:57:56.674 200 GET /api/health-check with 15 bytes took 2ms
01:58:27.000 200 GET /api/health-check with 15 bytes took 4ms
01:58:57.324 200 GET /api/health-check with 15 bytes took 2ms
01:59:27.709 200 GET /api/health-check with 15 bytes took 2ms
01:59:58.017 200 GET /api/health-check with 15 bytes took 1ms
02:00:28.370 200 GET /api/health-check with 15 bytes took 4ms
02:00:58.712 200 GET /api/health-check with 15 bytes took 5ms
02:01:29.009 200 GET /api/health-check with 15 bytes took 1ms
02:01:59.392 200 GET /api/health-check with 15 bytes took 7ms
02:02:29.741 200 GET /api/health-check with 15 bytes took 3ms
02:03:00.071 200 GET /api/health-check with 15 bytes took 2ms
02:03:30.403 200 GET /api/health-check with 15 bytes took 2ms
02:04:00.735 200 GET /api/health-check with 15 bytes took 2ms
02:04:31.052 200 GET /api/health-check with 15 bytes took 2ms
02:05:01.424 200 GET /api/health-check with 15 bytes took 1ms
02:05:31.753 200 GET /api/health-check with 15 bytes took 3ms
02:06:02.080 200 GET /api/health-check with 15 bytes took 2ms
02:06:32.432 200 GET /api/health-check with 15 bytes took 3ms
02:07:02.735 200 GET /api/health-check with 15 bytes took 1ms
02:07:33.092 200 GET /api/health-check with 15 bytes took 4ms
02:08:03.422 200 GET /api/health-check with 15 bytes took 3ms
02:08:33.730 200 GET /api/health-check with 15 bytes took 2ms
02:09:04.032 200 GET /api/health-check with 15 bytes took 1ms
02:09:22.005 Table counts: notes: 592, revisions: 51, attachments: 23, branches: 608, attributes: 882, etapi_tokens: 2, blobs: 250
02:09:22.032 All consistency checks passed with no errors detected (took 29ms)
02:09:34.336 200 GET /api/health-check with 15 bytes took 2ms
02:10:04.667 200 GET /api/health-check with 15 bytes took 2ms
02:10:35.006 200 GET /api/health-check with 15 bytes took 1ms
02:11:05.319 200 GET /api/health-check with 15 bytes took 2ms
02:11:35.642 200 GET /api/health-check with 15 bytes took 2ms
02:12:05.960 200 GET /api/health-check with 15 bytes took 2ms
02:12:36.247 200 GET /api/health-check with 15 bytes took 1ms
02:13:06.550 200 GET /api/health-check with 15 bytes took 3ms
02:13:36.847 200 GET /api/health-check with 15 bytes took 1ms
02:14:07.175 200 GET /api/health-check with 15 bytes took 2ms
02:14:37.468 200 GET /api/health-check with 15 bytes took 1ms
02:15:07.779 200 GET /api/health-check with 15 bytes took 1ms
02:15:38.103 200 GET /api/health-check with 15 bytes took 1ms
02:16:08.414 200 GET /api/health-check with 15 bytes took 2ms
02:16:38.718 200 GET /api/health-check with 15 bytes took 3ms
02:17:09.030 200 GET /api/health-check with 15 bytes took 3ms
02:17:39.319 200 GET /api/health-check with 15 bytes took 1ms
02:18:09.622 200 GET /api/health-check with 15 bytes took 2ms
02:18:39.955 200 GET /api/health-check with 15 bytes took 3ms
02:19:10.271 200 GET /api/health-check with 15 bytes took 2ms
02:19:40.568 200 GET /api/health-check with 15 bytes took 1ms
02:20:10.861 200 GET /api/health-check with 15 bytes took 1ms
02:20:41.162 200 GET /api/health-check with 15 bytes took 3ms
02:21:11.440 200 GET /api/health-check with 15 bytes took 2ms
02:21:41.747 200 GET /api/health-check with 15 bytes took 3ms
02:22:12.047 200 GET /api/health-check with 15 bytes took 0ms
02:22:42.394 200 GET /api/health-check with 15 bytes took 3ms
02:23:12.677 200 GET /api/health-check with 15 bytes took 1ms
02:23:43.018 200 GET /api/health-check with 15 bytes took 2ms
02:24:13.316 200 GET /api/health-check with 15 bytes took 1ms
02:24:43.602 200 GET /api/health-check with 15 bytes took 1ms
02:25:13.886 200 GET /api/health-check with 15 bytes took 2ms
02:25:44.194 200 GET /api/health-check with 15 bytes took 1ms
02:26:14.495 200 GET /api/health-check with 15 bytes took 1ms
02:26:44.796 200 GET /api/health-check with 15 bytes took 1ms
02:27:15.084 200 GET /api/health-check with 15 bytes took 3ms
02:27:45.368 200 GET /api/health-check with 15 bytes took 1ms
02:28:15.655 200 GET /api/health-check with 15 bytes took 1ms
02:28:45.946 200 GET /api/health-check with 15 bytes took 2ms
02:29:16.238 200 GET /api/health-check with 15 bytes took 1ms
02:29:46.545 200 GET /api/health-check with 15 bytes took 2ms
02:30:16.818 200 GET /api/health-check with 15 bytes took 1ms
02:30:47.159 200 GET /api/health-check with 15 bytes took 2ms
02:31:17.453 200 GET /api/health-check with 15 bytes took 0ms
02:31:47.764 200 GET /api/health-check with 15 bytes took 2ms
02:32:18.051 200 GET /api/health-check with 15 bytes took 1ms
02:32:48.406 200 GET /api/health-check with 15 bytes took 1ms
02:33:18.695 200 GET /api/health-check with 15 bytes took 1ms
02:33:48.997 200 GET /api/health-check with 15 bytes took 2ms
02:34:19.282 200 GET /api/health-check with 15 bytes took 1ms
02:34:49.633 200 GET /api/health-check with 15 bytes took 4ms
02:35:19.921 200 GET /api/health-check with 15 bytes took 1ms
02:35:50.241 200 GET /api/health-check with 15 bytes took 2ms
02:36:20.564 200 GET /api/health-check with 15 bytes took 1ms
02:36:50.872 200 GET /api/health-check with 15 bytes took 2ms
02:37:21.147 200 GET /api/health-check with 15 bytes took 1ms
02:37:51.431 200 GET /api/health-check with 15 bytes took 1ms
02:38:21.729 200 GET /api/health-check with 15 bytes took 1ms
02:38:52.083 200 GET /api/health-check with 15 bytes took 4ms
02:39:22.400 200 GET /api/health-check with 15 bytes took 2ms
02:39:52.689 200 GET /api/health-check with 15 bytes took 1ms
02:40:23.045 200 GET /api/health-check with 15 bytes took 3ms
02:40:53.371 200 GET /api/health-check with 15 bytes took 2ms
02:41:23.709 200 GET /api/health-check with 15 bytes took 1ms
02:41:54.025 200 GET /api/health-check with 15 bytes took 2ms
02:42:24.356 200 GET /api/health-check with 15 bytes took 1ms
02:42:30.710 CSRF token generation: Successful
02:42:35.321 404 GET /assets/v0.99.5/stylesheets/print.css
02:42:36.496 200 GET /api/tree with 19158 bytes took 2ms
02:42:36.500 200 GET /api/options with 9119 bytes took 2ms
02:42:36.518 Slow 200 GET /api/keyboard-actions with 18473 bytes took 14ms
02:42:36.521 200 GET /api/autocomplete/notesCount with 3 bytes took 2ms
02:42:36.802 200 GET /api/options/locales with 1023 bytes took 1ms
02:42:37.552 200 GET /api/script/widgets with 2829 bytes took 3ms
02:42:37.834 200 POST /api/tree/load with 4895 bytes took 3ms
02:42:42.592 200 POST /api/tree/load with 6719 bytes took 1ms
02:42:42.595 200 GET /api/sql/schema with 7987 bytes took 2ms
02:42:42.596 200 GET /api/keyboard-shortcuts-for-notes with 2 bytes took 1ms
02:42:42.597 200 GET /api/system-checks with 27 bytes took 0ms
02:42:42.642 JS Info: Creating new CKEditor
02:42:42.657 304 GET /api/notes/FXZpiDyZoXKU/blob with 876 bytes took 1ms
02:42:42.661 200 GET /api/search/%23textSnippet with 2 bytes took 2ms
02:42:42.806 200 POST /api/tree/load with 4679 bytes took 1ms
02:42:42.814 200 GET /api/recent-changes/undefined with 2 bytes took 7ms
02:42:42.883 200 POST /api/tree/load with 21526 bytes took 1ms
02:42:43.095 200 POST /api/tree/load with 14650 bytes took 1ms
02:42:43.562 200 GET /api/notes/root with 315 bytes took 1ms
02:42:43.810 200 GET /api/note-map/FXZpiDyZoXKU/backlink-count with 11 bytes took 0ms
02:42:43.813 200 GET /api/notes/FXZpiDyZoXKU/attachments with 2 bytes took 1ms
02:42:43.852 200 GET /api/notes/_template_text_snippet with 333 bytes took 1ms
02:42:44.134 200 GET /api/notes/_template_list_view with 321 bytes took 1ms
02:42:44.411 200 GET /api/notes/_template_grid_view with 321 bytes took 1ms
02:42:44.688 200 GET /api/notes/_template_calendar with 318 bytes took 1ms
02:42:44.778 200 GET /api/script/startup with 2 bytes took 1ms
02:42:44.965 200 GET /api/notes/_template_table with 315 bytes took 1ms
02:42:45.240 200 GET /api/notes/_template_geo_map with 319 bytes took 0ms
02:42:45.531 200 GET /api/notes/_template_board with 315 bytes took 1ms
02:42:45.813 200 GET /api/notes/_template_presentation with 322 bytes took 1ms
02:42:46.088 200 GET /api/search-templates with 16 bytes took 2ms
02:42:46.370 200 POST /api/tree/load with 5793 bytes took 1ms
02:42:46.647 200 GET /api/notes/9BVdgdj9Kcyp with 332 bytes took 1ms
02:42:54.649 200 GET /api/health-check with 15 bytes took 1ms
02:42:59.908 JS Info: CKEditor state changed to ready
02:42:59.923 304 GET /api/notes/FXZpiDyZoXKU/blob with 876 bytes took 1ms
02:43:24.937 200 GET /api/health-check with 15 bytes took 1ms
02:43:38.534 204 PUT /api/options with 0 bytes took 4ms
02:43:38.537 200 GET /api/notes/aUGpXYoDrkVJ/attachments with 2 bytes took 1ms
02:43:38.539 200 GET /api/notes/aUGpXYoDrkVJ/blob with 2121 bytes took 1ms
02:43:38.542 200 GET /api/note-map/aUGpXYoDrkVJ/backlink-count with 11 bytes took 1ms
02:43:45.012 Created new note 'XMJIn88BlGsM', branch 'aUGpXYoDrkVJ_XMJIn88BlGsM' of type 'text', mime 'text/html'
02:43:45.020 Slow 200 POST /api/notes/aUGpXYoDrkVJ/children?target=into&targetBranchId= with 550 bytes took 22ms
02:43:45.295 200 POST /api/tree/load with 4912 bytes took 2ms
02:43:45.687 200 GET /api/notes/XMJIn88BlGsM/blob with 155 bytes took 1ms
02:43:45.691 204 PUT /api/options with 0 bytes took 2ms
02:43:45.693 204 PUT /api/branches/MIbnTlw1nEtY_aUGpXYoDrkVJ/expanded/1 with 0 bytes took 0ms
02:43:45.713 200 GET /api/note-map/XMJIn88BlGsM/backlink-count with 11 bytes took 1ms
02:43:45.714 200 GET /api/notes/XMJIn88BlGsM/attachments with 2 bytes took 1ms
02:43:48.010 200 PUT /api/notes/XMJIn88BlGsM/title with 320 bytes took 2ms
02:43:49.013 200 PUT /api/notes/XMJIn88BlGsM/title with 319 bytes took 4ms
02:43:50.353 200 PUT /api/notes/XMJIn88BlGsM/title with 320 bytes took 2ms
02:43:51.496 200 PUT /api/notes/XMJIn88BlGsM/title with 321 bytes took 2ms
02:43:52.485 200 PUT /api/notes/XMJIn88BlGsM/title with 322 bytes took 2ms
02:43:53.528 200 PUT /api/notes/XMJIn88BlGsM/title with 323 bytes took 3ms
02:43:54.500 200 PUT /api/notes/XMJIn88BlGsM/title with 322 bytes took 2ms
02:43:55.212 200 GET /api/health-check with 15 bytes took 1ms
02:43:55.813 200 PUT /api/notes/XMJIn88BlGsM/title with 323 bytes took 2ms
02:43:56.807 200 PUT /api/notes/XMJIn88BlGsM/title with 324 bytes took 2ms
02:43:57.813 200 PUT /api/notes/XMJIn88BlGsM/title with 325 bytes took 2ms
02:43:58.820 200 PUT /api/notes/XMJIn88BlGsM/title with 325 bytes took 2ms
02:44:00.520 200 PUT /api/notes/XMJIn88BlGsM/title with 325 bytes took 3ms
02:44:01.520 200 PUT /api/notes/XMJIn88BlGsM/title with 326 bytes took 2ms
02:44:09.996 204 PUT /api/notes/XMJIn88BlGsM/data with 0 bytes took 6ms
02:44:10.278 200 GET /api/notes/XMJIn88BlGsM/blob with 190 bytes took 1ms
02:44:11.270 204 PUT /api/notes/XMJIn88BlGsM/data with 0 bytes took 4ms
02:44:11.542 200 GET /api/notes/XMJIn88BlGsM/blob with 247 bytes took 1ms
02:44:12.656 204 PUT /api/notes/XMJIn88BlGsM/data with 0 bytes took 3ms
02:44:12.933 200 GET /api/notes/XMJIn88BlGsM/blob with 242 bytes took 1ms
02:44:13.654 204 PUT /api/notes/XMJIn88BlGsM/data with 0 bytes took 4ms
02:44:13.929 200 GET /api/notes/XMJIn88BlGsM/blob with 245 bytes took 1ms
02:44:14.655 204 PUT /api/notes/XMJIn88BlGsM/data with 0 bytes took 3ms
02:44:14.948 200 GET /api/notes/XMJIn88BlGsM/blob with 259 bytes took 1ms
02:44:16.115 Slow 204 PUT /api/notes/XMJIn88BlGsM/data with 0 bytes took 13ms
02:44:16.386 200 GET /api/notes/XMJIn88BlGsM/blob with 253 bytes took 1ms
02:44:17.109 204 PUT /api/notes/XMJIn88BlGsM/data with 0 bytes took 5ms
02:44:17.383 200 GET /api/notes/XMJIn88BlGsM/blob with 254 bytes took 1ms
02:44:18.109 204 PUT /api/notes/XMJIn88BlGsM/data with 0 bytes took 4ms
02:44:18.381 200 GET /api/notes/XMJIn88BlGsM/blob with 256 bytes took 1ms
02:44:19.117 204 PUT /api/notes/XMJIn88BlGsM/data with 0 bytes took 4ms
02:44:19.396 200 GET /api/notes/XMJIn88BlGsM/blob with 259 bytes took 1ms
02:44:20.122 204 PUT /api/notes/XMJIn88BlGsM/data with 0 bytes took 4ms
02:44:20.399 200 GET /api/notes/XMJIn88BlGsM/blob with 260 bytes took 1ms
02:44:25.509 200 GET /api/health-check with 15 bytes took 1ms
02:44:31.819 204 PUT /api/notes/XMJIn88BlGsM/data with 0 bytes took 4ms
02:44:31.938 Slow 200 GET /api/autocomplete?query=%40office.bo.edu.kg&activeNoteId=XMJIn88BlGsM&fastSearch=true with 2 bytes took 34ms
02:44:32.091 200 GET /api/notes/XMJIn88BlGsM/blob with 364 bytes took 1ms
02:44:38.914 200 POST /api/tree/load with 4914 bytes took 2ms
02:44:38.919 204 PUT /api/notes/XMJIn88BlGsM/data with 0 bytes took 3ms
02:44:39.194 200 GET /api/notes/XMJIn88BlGsM/blob with 259 bytes took 2ms
02:44:39.221 200 POST /api/tree/load with 4914 bytes took 1ms
02:44:39.514 200 POST /api/tree/load with 4914 bytes took 1ms
02:44:39.917 204 PUT /api/notes/XMJIn88BlGsM/data with 0 bytes took 4ms
02:44:40.191 200 GET /api/notes/XMJIn88BlGsM/blob with 325 bytes took 1ms
02:44:42.644 204 PUT /api/notes/XMJIn88BlGsM/data with 0 bytes took 3ms
02:44:42.923 200 GET /api/notes/XMJIn88BlGsM/blob with 259 bytes took 1ms
02:44:45.196 204 PUT /api/notes/XMJIn88BlGsM/data with 0 bytes took 3ms
02:44:45.481 200 GET /api/notes/XMJIn88BlGsM/blob with 363 bytes took 1ms
02:44:49.949 204 PUT /api/notes/XMJIn88BlGsM/data with 0 bytes took 3ms
02:44:50.237 200 GET /api/notes/XMJIn88BlGsM/blob with 423 bytes took 1ms
02:44:51.522 204 PUT /api/notes/XMJIn88BlGsM/data with 0 bytes took 3ms
02:44:51.794 200 GET /api/notes/XMJIn88BlGsM/blob with 505 bytes took 0ms
02:44:52.527 204 PUT /api/notes/XMJIn88BlGsM/data with 0 bytes took 4ms
02:44:52.808 200 GET /api/notes/XMJIn88BlGsM/blob with 423 bytes took 1ms
02:44:55.787 200 GET /api/health-check with 15 bytes took 1ms
02:44:57.275 204 PUT /api/notes/XMJIn88BlGsM/data with 0 bytes took 3ms
02:44:57.556 200 GET /api/notes/XMJIn88BlGsM/blob with 433 bytes took 1ms
02:45:26.096 200 GET /api/health-check with 15 bytes took 2ms
02:45:31.314 204 PUT /api/notes/XMJIn88BlGsM/data with 0 bytes took 6ms
02:45:31.590 200 GET /api/notes/XMJIn88BlGsM/blob with 446 bytes took 1ms
02:45:32.312 204 PUT /api/notes/XMJIn88BlGsM/data with 0 bytes took 4ms
02:45:32.592 200 GET /api/notes/XMJIn88BlGsM/blob with 1089 bytes took 2ms
02:45:56.382 200 GET /api/health-check with 15 bytes took 2ms
02:46:26.686 200 GET /api/health-check with 15 bytes took 2ms
02:46:57.061 200 GET /api/health-check with 15 bytes took 1ms
02:47:27.345 200 GET /api/health-check with 15 bytes took 2ms
02:47:57.619 200 GET /api/health-check with 15 bytes took 1ms
02:48:27.939 200 GET /api/health-check with 15 bytes took 2ms
02:48:58.260 200 GET /api/health-check with 15 bytes took 3ms
02:49:28.587 200 GET /api/health-check with 15 bytes took 4ms
02:49:58.933 200 GET /api/health-check with 15 bytes took 3ms
02:50:29.265 200 GET /api/health-check with 15 bytes took 2ms
02:50:59.572 200 GET /api/health-check with 15 bytes took 1ms
02:51:29.899 200 GET /api/health-check with 15 bytes took 3ms
02:52:00.244 200 GET /api/health-check with 15 bytes took 2ms
02:52:30.534 200 GET /api/health-check with 15 bytes took 2ms
02:53:00.864 200 GET /api/health-check with 15 bytes took 3ms
02:53:31.191 200 GET /api/health-check with 15 bytes took 2ms
02:54:01.570 200 GET /api/health-check with 15 bytes took 3ms
02:54:31.871 200 GET /api/health-check with 15 bytes took 2ms
02:55:02.251 200 GET /api/health-check with 15 bytes took 1ms
02:55:32.551 200 GET /api/health-check with 15 bytes took 2ms
02:55:33.861 204 PUT /api/branches/SKuLFdkdiPM8_YPhWy0aaq9Um/expanded/0 with 0 bytes took 3ms
02:55:34.089 204 PUT /api/branches/MIbnTlw1nEtY_SKuLFdkdiPM8/expanded/0 with 0 bytes took 1ms
02:56:02.896 200 GET /api/health-check with 15 bytes took 2ms
02:56:33.161 200 GET /api/health-check with 15 bytes took 1ms
02:57:03.461 200 GET /api/health-check with 15 bytes took 2ms
02:57:33.760 200 GET /api/health-check with 15 bytes took 1ms
02:58:04.097 200 GET /api/health-check with 15 bytes took 6ms
02:58:34.422 200 GET /api/health-check with 15 bytes took 2ms
02:59:04.748 200 GET /api/health-check with 15 bytes took 2ms
02:59:35.069 200 GET /api/health-check with 15 bytes took 2ms
03:00:05.340 200 GET /api/health-check with 15 bytes took 1ms
03:00:35.665 200 GET /api/health-check with 15 bytes took 2ms
03:01:05.980 200 GET /api/health-check with 15 bytes took 2ms
03:01:36.261 200 GET /api/health-check with 15 bytes took 1ms
03:02:06.593 200 GET /api/health-check with 15 bytes took 3ms
03:02:36.913 200 GET /api/health-check with 15 bytes took 4ms
03:03:07.189 200 GET /api/health-check with 15 bytes took 1ms
03:03:37.506 200 GET /api/health-check with 15 bytes took 3ms
03:04:07.823 200 GET /api/health-check with 15 bytes took 3ms
03:04:38.136 200 GET /api/health-check with 15 bytes took 2ms
03:05:08.438 200 GET /api/health-check with 15 bytes took 2ms
03:05:38.748 200 GET /api/health-check with 15 bytes took 1ms
03:06:09.072 200 GET /api/health-check with 15 bytes took 3ms
03:06:39.369 200 GET /api/health-check with 15 bytes took 1ms
03:07:09.661 200 GET /api/health-check with 15 bytes took 2ms
03:07:39.933 200 GET /api/health-check with 15 bytes took 1ms
03:08:10.247 200 GET /api/health-check with 15 bytes took 2ms
03:08:40.519 200 GET /api/health-check with 15 bytes took 1ms
03:09:10.865 200 GET /api/health-check with 15 bytes took 2ms
03:09:22.005 Table counts: notes: 593, revisions: 51, attachments: 23, branches: 609, attributes: 882, etapi_tokens: 2, blobs: 251
03:09:22.028 All consistency checks passed with no errors detected (took 24ms)
03:09:41.146 200 GET /api/health-check with 15 bytes took 1ms
03:10:11.471 200 GET /api/health-check with 15 bytes took 2ms
03:10:41.756 200 GET /api/health-check with 15 bytes took 1ms
03:11:12.066 200 GET /api/health-check with 15 bytes took 2ms
03:11:42.351 200 GET /api/health-check with 15 bytes took 1ms
03:12:12.645 200 GET /api/health-check with 15 bytes took 1ms
03:12:42.929 200 GET /api/health-check with 15 bytes took 1ms
03:13:13.231 200 GET /api/health-check with 15 bytes took 2ms
03:13:43.553 200 GET /api/health-check with 15 bytes took 8ms
03:14:13.863 200 GET /api/health-check with 15 bytes took 1ms
03:14:44.177 200 GET /api/health-check with 15 bytes took 2ms
03:15:14.488 200 GET /api/health-check with 15 bytes took 2ms
03:15:44.796 200 GET /api/health-check with 15 bytes took 2ms
03:16:15.102 200 GET /api/health-check with 15 bytes took 2ms
03:16:45.373 200 GET /api/health-check with 15 bytes took 1ms
03:17:15.687 200 GET /api/health-check with 15 bytes took 3ms
03:17:46.040 200 GET /api/health-check with 15 bytes took 2ms
03:18:16.354 200 GET /api/health-check with 15 bytes took 2ms
03:18:46.626 200 GET /api/health-check with 15 bytes took 2ms
03:19:16.935 200 GET /api/health-check with 15 bytes took 2ms
03:19:47.259 200 GET /api/health-check with 15 bytes took 2ms
03:20:17.582 200 GET /api/health-check with 15 bytes took 3ms
03:20:47.860 200 GET /api/health-check with 15 bytes took 4ms
03:21:18.183 200 GET /api/health-check with 15 bytes took 3ms
03:21:48.454 200 GET /api/health-check with 15 bytes took 1ms
03:22:18.725 200 GET /api/health-check with 15 bytes took 2ms
03:22:49.034 200 GET /api/health-check with 15 bytes took 2ms
03:23:19.299 200 GET /api/health-check with 15 bytes took 1ms
03:23:49.692 200 GET /api/health-check with 15 bytes took 2ms
03:24:19.960 200 GET /api/health-check with 15 bytes took 1ms
03:24:50.244 200 GET /api/health-check with 15 bytes took 2ms
03:25:20.540 200 GET /api/health-check with 15 bytes took 1ms
03:25:50.827 200 GET /api/health-check with 15 bytes took 2ms
03:26:21.121 200 GET /api/health-check with 15 bytes took 1ms
03:26:51.401 200 GET /api/health-check with 15 bytes took 2ms
03:27:21.694 200 GET /api/health-check with 15 bytes took 1ms
03:27:51.981 200 GET /api/health-check with 15 bytes took 1ms
03:28:22.300 200 GET /api/health-check with 15 bytes took 2ms
03:28:52.596 200 GET /api/health-check with 15 bytes took 1ms
03:29:22.906 200 GET /api/health-check with 15 bytes took 2ms
03:29:53.215 200 GET /api/health-check with 15 bytes took 3ms
03:30:23.519 200 GET /api/health-check with 15 bytes took 6ms
03:30:53.836 200 GET /api/health-check with 15 bytes took 1ms
03:31:24.146 200 GET /api/health-check with 15 bytes took 2ms
03:31:54.438 200 GET /api/health-check with 15 bytes took 2ms
03:32:24.763 200 GET /api/health-check with 15 bytes took 1ms
03:32:55.072 200 GET /api/health-check with 15 bytes took 2ms
03:33:25.333 200 GET /api/health-check with 15 bytes took 1ms
03:33:55.688 200 GET /api/health-check with 15 bytes took 2ms
03:34:25.970 200 GET /api/health-check with 15 bytes took 4ms
03:34:56.281 200 GET /api/health-check with 15 bytes took 2ms
03:35:26.584 200 GET /api/health-check with 15 bytes took 2ms
03:35:56.865 200 GET /api/health-check with 15 bytes took 2ms
03:36:27.218 200 GET /api/health-check with 15 bytes took 1ms
03:36:57.526 200 GET /api/health-check with 15 bytes took 2ms
03:37:27.818 200 GET /api/health-check with 15 bytes took 1ms
03:37:58.089 200 GET /api/health-check with 15 bytes took 1ms
03:38:28.444 200 GET /api/health-check with 15 bytes took 2ms
03:38:58.732 200 GET /api/health-check with 15 bytes took 2ms
03:39:29.107 200 GET /api/health-check with 15 bytes took 2ms
03:39:59.423 200 GET /api/health-check with 15 bytes took 2ms
03:40:29.784 200 GET /api/health-check with 15 bytes took 1ms
03:41:00.146 200 GET /api/health-check with 15 bytes took 3ms
03:41:30.475 200 GET /api/health-check with 15 bytes took 2ms
03:42:00.854 200 GET /api/health-check with 15 bytes took 2ms
03:42:31.143 200 GET /api/health-check with 15 bytes took 3ms
03:43:01.459 200 GET /api/health-check with 15 bytes took 2ms
03:43:31.729 200 GET /api/health-check with 15 bytes took 1ms
03:44:02.045 200 GET /api/health-check with 15 bytes took 2ms
03:44:32.324 200 GET /api/health-check with 15 bytes took 2ms
03:45:02.643 200 GET /api/health-check with 15 bytes took 4ms
03:45:32.967 200 GET /api/health-check with 15 bytes took 3ms
03:46:03.257 200 GET /api/health-check with 15 bytes took 1ms
03:46:33.559 200 GET /api/health-check with 15 bytes took 2ms
03:47:03.870 200 GET /api/health-check with 15 bytes took 1ms
03:47:34.164 200 GET /api/health-check with 15 bytes took 2ms
03:48:04.431 200 GET /api/health-check with 15 bytes took 1ms
03:48:34.734 200 GET /api/health-check with 15 bytes took 1ms
03:49:05.035 200 GET /api/health-check with 15 bytes took 1ms
03:49:35.325 200 GET /api/health-check with 15 bytes took 2ms
03:50:05.628 200 GET /api/health-check with 15 bytes took 2ms
03:50:35.896 200 GET /api/health-check with 15 bytes took 1ms
03:51:06.221 200 GET /api/health-check with 15 bytes took 2ms
03:51:36.505 200 GET /api/health-check with 15 bytes took 1ms
03:52:06.823 200 GET /api/health-check with 15 bytes took 1ms
03:52:37.114 200 GET /api/health-check with 15 bytes took 0ms
03:53:07.399 200 GET /api/health-check with 15 bytes took 1ms
03:53:37.719 200 GET /api/health-check with 15 bytes took 2ms
03:54:08.018 200 GET /api/health-check with 15 bytes took 2ms
03:54:38.317 200 GET /api/health-check with 15 bytes took 3ms
03:55:08.610 200 GET /api/health-check with 15 bytes took 2ms
03:55:38.923 200 GET /api/health-check with 15 bytes took 3ms
03:56:09.201 200 GET /api/health-check with 15 bytes took 1ms
03:56:39.517 200 GET /api/health-check with 15 bytes took 2ms
03:57:09.824 200 GET /api/health-check with 15 bytes took 1ms
03:57:40.172 200 GET /api/health-check with 15 bytes took 2ms
03:58:10.531 200 GET /api/health-check with 15 bytes took 2ms
03:58:40.823 200 GET /api/health-check with 15 bytes took 2ms
03:59:11.139 200 GET /api/health-check with 15 bytes took 2ms
03:59:41.439 200 GET /api/health-check with 15 bytes took 1ms
04:00:11.731 200 GET /api/health-check with 15 bytes took 1ms
04:00:42.065 200 GET /api/health-check with 15 bytes took 2ms
04:01:12.391 200 GET /api/health-check with 15 bytes took 1ms
04:01:42.733 200 GET /api/health-check with 15 bytes took 4ms
04:02:13.027 200 GET /api/health-check with 15 bytes took 1ms
04:02:43.350 200 GET /api/health-check with 15 bytes took 2ms
04:03:13.650 200 GET /api/health-check with 15 bytes took 1ms
04:03:43.945 200 GET /api/health-check with 15 bytes took 1ms
04:04:14.212 200 GET /api/health-check with 15 bytes took 1ms
04:04:44.516 200 GET /api/health-check with 15 bytes took 2ms
04:05:14.802 200 GET /api/health-check with 15 bytes took 1ms
04:05:45.135 200 GET /api/health-check with 15 bytes took 2ms
04:06:15.446 200 GET /api/health-check with 15 bytes took 1ms
04:06:45.733 200 GET /api/health-check with 15 bytes took 1ms
04:07:16.030 200 GET /api/health-check with 15 bytes took 1ms
04:07:46.345 200 GET /api/health-check with 15 bytes took 2ms
04:08:16.654 200 GET /api/health-check with 15 bytes took 1ms
04:08:46.967 200 GET /api/health-check with 15 bytes took 1ms
04:09:17.258 200 GET /api/health-check with 15 bytes took 1ms
04:09:22.006 Table counts: notes: 593, revisions: 51, attachments: 23, branches: 609, attributes: 882, etapi_tokens: 2, blobs: 251
04:09:22.032 All consistency checks passed with no errors detected (took 27ms)
04:09:47.589 200 GET /api/health-check with 15 bytes took 1ms
04:10:17.941 200 GET /api/health-check with 15 bytes took 3ms
04:10:48.330 200 GET /api/health-check with 15 bytes took 3ms
04:11:18.657 200 GET /api/health-check with 15 bytes took 2ms
04:11:48.960 200 GET /api/health-check with 15 bytes took 2ms
04:12:19.243 200 GET /api/health-check with 15 bytes took 1ms
04:12:49.570 200 GET /api/health-check with 15 bytes took 4ms
04:13:19.846 200 GET /api/health-check with 15 bytes took 1ms
04:13:50.172 200 GET /api/health-check with 15 bytes took 2ms
04:14:20.462 200 GET /api/health-check with 15 bytes took 2ms
04:14:50.785 200 GET /api/health-check with 15 bytes took 2ms
04:15:21.079 200 GET /api/health-check with 15 bytes took 3ms
04:15:51.368 200 GET /api/health-check with 15 bytes took 1ms
04:16:21.676 200 GET /api/health-check with 15 bytes took 1ms
04:16:51.973 200 GET /api/health-check with 15 bytes took 2ms
04:17:22.256 200 GET /api/health-check with 15 bytes took 1ms
04:17:52.573 200 GET /api/health-check with 15 bytes took 1ms
04:18:22.912 200 GET /api/health-check with 15 bytes took 2ms
04:18:53.179 200 GET /api/health-check with 15 bytes took 1ms
04:19:23.471 200 GET /api/health-check with 15 bytes took 1ms
04:19:53.771 200 GET /api/health-check with 15 bytes took 2ms
04:20:24.087 200 GET /api/health-check with 15 bytes took 2ms
04:20:54.374 200 GET /api/health-check with 15 bytes took 2ms
04:21:24.686 200 GET /api/health-check with 15 bytes took 2ms
04:21:54.955 200 GET /api/health-check with 15 bytes took 1ms
04:22:25.289 200 GET /api/health-check with 15 bytes took 2ms
04:22:55.598 200 GET /api/health-check with 15 bytes took 3ms
04:23:25.938 200 GET /api/health-check with 15 bytes took 2ms
04:23:56.214 200 GET /api/health-check with 15 bytes took 1ms
04:24:26.526 200 GET /api/health-check with 15 bytes took 2ms
04:24:56.809 200 GET /api/health-check with 15 bytes took 1ms
04:25:27.133 200 GET /api/health-check with 15 bytes took 2ms
04:25:57.421 200 GET /api/health-check with 15 bytes took 1ms
04:26:27.777 200 GET /api/health-check with 15 bytes took 2ms
04:26:58.084 200 GET /api/health-check with 15 bytes took 2ms
04:27:28.409 200 GET /api/health-check with 15 bytes took 2ms
04:27:58.706 200 GET /api/health-check with 15 bytes took 2ms
04:28:29.029 200 GET /api/health-check with 15 bytes took 2ms
04:28:59.327 200 GET /api/health-check with 15 bytes took 2ms
04:29:29.610 200 GET /api/health-check with 15 bytes took 1ms
04:29:59.920 200 GET /api/health-check with 15 bytes took 3ms
04:30:30.313 200 GET /api/health-check with 15 bytes took 1ms
04:31:00.741 200 GET /api/health-check with 15 bytes took 2ms
04:31:31.075 200 GET /api/health-check with 15 bytes took 1ms
04:32:01.482 200 GET /api/health-check with 15 bytes took 3ms
04:32:31.814 200 GET /api/health-check with 15 bytes took 1ms
04:33:02.167 200 GET /api/health-check with 15 bytes took 3ms
04:33:32.471 200 GET /api/health-check with 15 bytes took 1ms
04:34:02.838 200 GET /api/health-check with 15 bytes took 2ms
04:34:33.182 200 GET /api/health-check with 15 bytes took 1ms
04:35:03.471 200 GET /api/health-check with 15 bytes took 2ms
04:35:33.771 200 GET /api/health-check with 15 bytes took 2ms
04:36:04.097 200 GET /api/health-check with 15 bytes took 1ms
04:36:34.406 200 GET /api/health-check with 15 bytes took 3ms
04:37:04.718 200 GET /api/health-check with 15 bytes took 1ms
04:37:35.028 200 GET /api/health-check with 15 bytes took 1ms
04:38:05.371 200 GET /api/health-check with 15 bytes took 2ms
04:38:35.666 200 GET /api/health-check with 15 bytes took 1ms
04:39:05.962 200 GET /api/health-check with 15 bytes took 1ms
04:39:36.272 200 GET /api/health-check with 15 bytes took 2ms
04:40:06.596 200 GET /api/health-check with 15 bytes took 2ms
04:40:36.898 200 GET /api/health-check with 15 bytes took 2ms
04:41:07.200 200 GET /api/health-check with 15 bytes took 1ms
04:41:37.537 200 GET /api/health-check with 15 bytes took 1ms
04:42:07.820 200 GET /api/health-check with 15 bytes took 1ms
04:42:38.120 200 GET /api/health-check with 15 bytes took 2ms
04:43:08.419 200 GET /api/health-check with 15 bytes took 0ms
04:43:38.721 200 GET /api/health-check with 15 bytes took 2ms
04:44:09.006 200 GET /api/health-check with 15 bytes took 1ms
04:44:39.307 200 GET /api/health-check with 15 bytes took 1ms
04:45:09.621 200 GET /api/health-check with 15 bytes took 1ms
04:45:39.943 200 GET /api/health-check with 15 bytes took 0ms
04:46:10.240 200 GET /api/health-check with 15 bytes took 1ms
04:46:40.541 200 GET /api/health-check with 15 bytes took 2ms
04:47:10.850 200 GET /api/health-check with 15 bytes took 2ms
04:47:41.166 200 GET /api/health-check with 15 bytes took 2ms
04:48:11.447 200 GET /api/health-check with 15 bytes took 0ms
04:48:41.731 200 GET /api/health-check with 15 bytes took 1ms
04:49:12.011 200 GET /api/health-check with 15 bytes took 1ms
04:49:42.379 200 GET /api/health-check with 15 bytes took 1ms
04:50:12.720 200 GET /api/health-check with 15 bytes took 2ms
04:50:43.031 200 GET /api/health-check with 15 bytes took 2ms
04:51:13.336 200 GET /api/health-check with 15 bytes took 1ms
04:51:43.675 200 GET /api/health-check with 15 bytes took 3ms
04:52:13.978 200 GET /api/health-check with 15 bytes took 1ms
04:52:44.293 200 GET /api/health-check with 15 bytes took 2ms
04:53:14.582 200 GET /api/health-check with 15 bytes took 1ms
04:53:44.979 200 GET /api/health-check with 15 bytes took 1ms
04:54:15.288 200 GET /api/health-check with 15 bytes took 1ms
04:54:45.617 200 GET /api/health-check with 15 bytes took 2ms
04:55:15.933 200 GET /api/health-check with 15 bytes took 2ms
04:55:46.247 200 GET /api/health-check with 15 bytes took 1ms
04:56:16.526 200 GET /api/health-check with 15 bytes took 1ms
04:56:46.845 200 GET /api/health-check with 15 bytes took 2ms
04:57:17.119 200 GET /api/health-check with 15 bytes took 1ms
04:57:47.469 200 GET /api/health-check with 15 bytes took 2ms
04:58:17.765 200 GET /api/health-check with 15 bytes took 1ms
04:58:48.080 200 GET /api/health-check with 15 bytes took 2ms
04:59:18.382 200 GET /api/health-check with 15 bytes took 5ms
04:59:48.710 200 GET /api/health-check with 15 bytes took 2ms
05:00:19.007 200 GET /api/health-check with 15 bytes took 2ms
05:00:49.316 200 GET /api/health-check with 15 bytes took 1ms
05:01:19.623 200 GET /api/health-check with 15 bytes took 3ms
05:01:49.939 200 GET /api/health-check with 15 bytes took 1ms
05:02:20.269 200 GET /api/health-check with 15 bytes took 2ms
05:02:50.561 200 GET /api/health-check with 15 bytes took 1ms
05:03:20.885 200 GET /api/health-check with 15 bytes took 2ms
05:03:51.164 200 GET /api/health-check with 15 bytes took 1ms
05:04:21.483 200 GET /api/health-check with 15 bytes took 2ms
05:04:51.786 200 GET /api/health-check with 15 bytes took 0ms
05:05:22.118 200 GET /api/health-check with 15 bytes took 3ms
05:05:52.496 200 GET /api/health-check with 15 bytes took 1ms
05:06:22.809 200 GET /api/health-check with 15 bytes took 1ms
05:06:53.124 200 GET /api/health-check with 15 bytes took 1ms
05:07:23.406 200 GET /api/health-check with 15 bytes took 1ms
05:07:53.729 200 GET /api/health-check with 15 bytes took 2ms
05:08:23.985 200 GET /api/health-check with 15 bytes took 1ms
05:08:54.271 200 GET /api/health-check with 15 bytes took 1ms
05:09:22.006 Table counts: notes: 593, revisions: 51, attachments: 23, branches: 609, attributes: 882, etapi_tokens: 2, blobs: 251
05:09:22.032 All consistency checks passed with no errors detected (took 27ms)
05:09:24.547 200 GET /api/health-check with 15 bytes took 2ms
05:09:54.887 200 GET /api/health-check with 15 bytes took 2ms
05:10:25.216 200 GET /api/health-check with 15 bytes took 2ms
05:10:55.519 200 GET /api/health-check with 15 bytes took 1ms
05:11:25.859 200 GET /api/health-check with 15 bytes took 2ms
05:11:56.160 200 GET /api/health-check with 15 bytes took 1ms
05:12:26.465 200 GET /api/health-check with 15 bytes took 2ms
05:12:56.808 200 GET /api/health-check with 15 bytes took 2ms
05:13:27.086 200 GET /api/health-check with 15 bytes took 1ms
05:13:57.424 200 GET /api/health-check with 15 bytes took 1ms
05:14:27.722 200 GET /api/health-check with 15 bytes took 1ms
05:14:58.018 200 GET /api/health-check with 15 bytes took 1ms
05:15:28.317 200 GET /api/health-check with 15 bytes took 1ms
05:15:58.618 200 GET /api/health-check with 15 bytes took 2ms
05:16:28.949 200 GET /api/health-check with 15 bytes took 2ms
05:16:59.233 200 GET /api/health-check with 15 bytes took 1ms
05:17:29.540 200 GET /api/health-check with 15 bytes took 2ms
05:17:59.874 200 GET /api/health-check with 15 bytes took 0ms
05:18:30.201 200 GET /api/health-check with 15 bytes took 2ms
05:19:00.500 200 GET /api/health-check with 15 bytes took 1ms
05:19:30.806 200 GET /api/health-check with 15 bytes took 1ms
05:20:01.112 200 GET /api/health-check with 15 bytes took 2ms
05:20:31.423 200 GET /api/health-check with 15 bytes took 2ms
05:21:01.717 200 GET /api/health-check with 15 bytes took 1ms
05:21:32.026 200 GET /api/health-check with 15 bytes took 3ms
05:22:02.381 200 GET /api/health-check with 15 bytes took 2ms
05:22:32.683 200 GET /api/health-check with 15 bytes took 1ms
05:23:03.024 200 GET /api/health-check with 15 bytes took 2ms
05:23:33.335 200 GET /api/health-check with 15 bytes took 1ms
05:24:03.667 200 GET /api/health-check with 15 bytes took 2ms
05:24:33.986 200 GET /api/health-check with 15 bytes took 1ms
05:25:04.319 200 GET /api/health-check with 15 bytes took 1ms
05:25:34.638 200 GET /api/health-check with 15 bytes took 2ms
05:26:04.934 200 GET /api/health-check with 15 bytes took 4ms
05:26:35.260 200 GET /api/health-check with 15 bytes took 2ms
05:27:05.587 200 GET /api/health-check with 15 bytes took 1ms
05:27:35.914 200 GET /api/health-check with 15 bytes took 2ms
05:28:06.222 200 GET /api/health-check with 15 bytes took 1ms
05:28:36.536 200 GET /api/health-check with 15 bytes took 2ms
05:29:06.829 200 GET /api/health-check with 15 bytes took 1ms
05:29:37.138 200 GET /api/health-check with 15 bytes took 2ms
05:30:07.437 200 GET /api/health-check with 15 bytes took 1ms
05:30:37.755 200 GET /api/health-check with 15 bytes took 2ms
05:31:08.022 200 GET /api/health-check with 15 bytes took 1ms
05:31:38.345 200 GET /api/health-check with 15 bytes took 1ms
05:32:08.614 200 GET /api/health-check with 15 bytes took 0ms
05:32:38.927 200 GET /api/health-check with 15 bytes took 2ms
05:33:09.229 200 GET /api/health-check with 15 bytes took 4ms
05:33:39.528 200 GET /api/health-check with 15 bytes took 1ms
05:34:09.870 200 GET /api/health-check with 15 bytes took 1ms
05:34:40.182 200 GET /api/health-check with 15 bytes took 2ms
05:35:10.470 200 GET /api/health-check with 15 bytes took 2ms
05:35:40.742 200 GET /api/health-check with 15 bytes took 2ms
05:36:11.042 200 GET /api/health-check with 15 bytes took 2ms
05:36:41.332 200 GET /api/health-check with 15 bytes took 1ms
05:37:11.655 200 GET /api/health-check with 15 bytes took 2ms
05:37:41.936 200 GET /api/health-check with 15 bytes took 0ms
05:38:12.300 200 GET /api/health-check with 15 bytes took 1ms
05:38:42.573 200 GET /api/health-check with 15 bytes took 1ms
05:39:12.847 200 GET /api/health-check with 15 bytes took 1ms
05:39:43.171 200 GET /api/health-check with 15 bytes took 2ms
05:40:13.464 200 GET /api/health-check with 15 bytes took 0ms
05:40:43.785 200 GET /api/health-check with 15 bytes took 1ms
05:41:14.092 200 GET /api/health-check with 15 bytes took 2ms
05:41:44.379 200 GET /api/health-check with 15 bytes took 2ms
05:42:14.725 200 GET /api/health-check with 15 bytes took 2ms
05:42:45.012 200 GET /api/health-check with 15 bytes took 1ms
05:43:15.315 200 GET /api/health-check with 15 bytes took 2ms
05:43:45.616 200 GET /api/health-check with 15 bytes took 2ms
05:44:15.972 200 GET /api/health-check with 15 bytes took 1ms
05:44:46.285 200 GET /api/health-check with 15 bytes took 1ms
05:45:16.616 200 GET /api/health-check with 15 bytes took 1ms
05:45:46.926 200 GET /api/health-check with 15 bytes took 2ms
05:46:17.219 200 GET /api/health-check with 15 bytes took 1ms
05:46:47.514 200 GET /api/health-check with 15 bytes took 2ms
05:47:17.787 200 GET /api/health-check with 15 bytes took 1ms
05:47:48.100 200 GET /api/health-check with 15 bytes took 3ms
05:48:18.407 200 GET /api/health-check with 15 bytes took 1ms
05:48:48.720 200 GET /api/health-check with 15 bytes took 2ms
05:49:19.016 200 GET /api/health-check with 15 bytes took 1ms
05:49:49.337 200 GET /api/health-check with 15 bytes took 2ms
05:50:19.654 200 GET /api/health-check with 15 bytes took 1ms
05:50:49.944 200 GET /api/health-check with 15 bytes took 2ms
05:51:20.269 200 GET /api/health-check with 15 bytes took 1ms
05:51:50.602 200 GET /api/health-check with 15 bytes took 1ms
05:52:20.921 200 GET /api/health-check with 15 bytes took 5ms
05:52:51.228 200 GET /api/health-check with 15 bytes took 2ms
05:53:21.514 200 GET /api/health-check with 15 bytes took 1ms
05:53:51.823 200 GET /api/health-check with 15 bytes took 3ms
05:54:22.182 200 GET /api/health-check with 15 bytes took 3ms
05:54:52.509 200 GET /api/health-check with 15 bytes took 1ms
05:55:22.806 200 GET /api/health-check with 15 bytes took 1ms
05:55:53.085 200 GET /api/health-check with 15 bytes took 2ms
05:56:23.396 200 GET /api/health-check with 15 bytes took 2ms
05:56:53.666 200 GET /api/health-check with 15 bytes took 1ms
05:57:24.066 200 GET /api/health-check with 15 bytes took 5ms
05:57:54.344 200 GET /api/health-check with 15 bytes took 1ms
05:58:24.674 200 GET /api/health-check with 15 bytes took 3ms
05:58:54.971 200 GET /api/health-check with 15 bytes took 1ms
05:59:25.278 200 GET /api/health-check with 15 bytes took 2ms
05:59:55.602 200 GET /api/health-check with 15 bytes took 1ms
06:00:25.906 200 GET /api/health-check with 15 bytes took 2ms
06:00:56.229 200 GET /api/health-check with 15 bytes took 2ms
06:01:26.512 200 GET /api/health-check with 15 bytes took 1ms
06:01:56.798 200 GET /api/health-check with 15 bytes took 1ms
06:02:27.152 200 GET /api/health-check with 15 bytes took 1ms
06:02:57.488 200 GET /api/health-check with 15 bytes took 2ms
06:03:27.794 200 GET /api/health-check with 15 bytes took 1ms
06:03:58.091 200 GET /api/health-check with 15 bytes took 1ms
06:04:28.389 200 GET /api/health-check with 15 bytes took 2ms
06:04:58.714 200 GET /api/health-check with 15 bytes took 2ms
06:05:28.986 200 GET /api/health-check with 15 bytes took 1ms
06:05:59.314 200 GET /api/health-check with 15 bytes took 2ms
06:06:29.676 200 GET /api/health-check with 15 bytes took 2ms
06:06:59.996 200 GET /api/health-check with 15 bytes took 1ms
06:07:30.353 200 GET /api/health-check with 15 bytes took 2ms
06:08:00.668 200 GET /api/health-check with 15 bytes took 1ms
06:08:30.986 200 GET /api/health-check with 15 bytes took 1ms
06:09:01.345 200 GET /api/health-check with 15 bytes took 2ms
06:09:22.015 Table counts: notes: 593, revisions: 51, attachments: 23, branches: 609, attributes: 882, etapi_tokens: 2, blobs: 251
06:09:22.047 All consistency checks passed with no errors detected (took 33ms)
06:09:31.651 200 GET /api/health-check with 15 bytes took 1ms
06:10:02.002 200 GET /api/health-check with 15 bytes took 2ms
06:10:32.356 200 GET /api/health-check with 15 bytes took 1ms
06:11:02.726 200 GET /api/health-check with 15 bytes took 1ms
06:11:33.069 200 GET /api/health-check with 15 bytes took 1ms
06:12:03.368 200 GET /api/health-check with 15 bytes took 2ms
06:12:33.680 200 GET /api/health-check with 15 bytes took 1ms
06:13:03.996 200 GET /api/health-check with 15 bytes took 2ms
06:13:34.302 200 GET /api/health-check with 15 bytes took 2ms
06:14:04.633 200 GET /api/health-check with 15 bytes took 1ms
06:14:34.960 200 GET /api/health-check with 15 bytes took 2ms
06:15:05.251 200 GET /api/health-check with 15 bytes took 1ms
06:15:35.587 200 GET /api/health-check with 15 bytes took 1ms
06:16:05.898 200 GET /api/health-check with 15 bytes took 1ms
06:16:36.218 200 GET /api/health-check with 15 bytes took 2ms
06:17:06.533 200 GET /api/health-check with 15 bytes took 2ms
06:17:36.808 200 GET /api/health-check with 15 bytes took 1ms
06:18:07.123 200 GET /api/health-check with 15 bytes took 2ms
06:18:37.411 200 GET /api/health-check with 15 bytes took 1ms
06:19:07.744 200 GET /api/health-check with 15 bytes took 3ms
06:19:38.023 200 GET /api/health-check with 15 bytes took 1ms
06:20:08.438 200 GET /api/health-check with 15 bytes took 2ms
06:20:38.752 200 GET /api/health-check with 15 bytes took 1ms
06:21:09.089 200 GET /api/health-check with 15 bytes took 2ms
06:21:39.407 200 GET /api/health-check with 15 bytes took 1ms
06:22:09.711 200 GET /api/health-check with 15 bytes took 1ms
06:22:40.018 200 GET /api/health-check with 15 bytes took 2ms
06:23:10.326 200 GET /api/health-check with 15 bytes took 1ms
06:23:40.657 200 GET /api/health-check with 15 bytes took 1ms
06:24:10.947 200 GET /api/health-check with 15 bytes took 1ms
06:24:41.261 200 GET /api/health-check with 15 bytes took 2ms
06:25:11.644 200 GET /api/health-check with 15 bytes took 5ms
06:25:41.958 200 GET /api/health-check with 15 bytes took 1ms
06:26:12.292 200 GET /api/health-check with 15 bytes took 2ms
06:26:42.672 200 GET /api/health-check with 15 bytes took 3ms
06:27:12.978 200 GET /api/health-check with 15 bytes took 1ms
06:27:43.309 200 GET /api/health-check with 15 bytes took 2ms
06:28:13.641 200 GET /api/health-check with 15 bytes took 3ms
06:28:43.936 200 GET /api/health-check with 15 bytes took 1ms
06:29:14.260 200 GET /api/health-check with 15 bytes took 2ms
06:29:44.549 200 GET /api/health-check with 15 bytes took 1ms
06:30:14.870 200 GET /api/health-check with 15 bytes took 2ms
06:30:45.186 200 GET /api/health-check with 15 bytes took 2ms
06:31:15.462 200 GET /api/health-check with 15 bytes took 2ms
06:31:45.802 200 GET /api/health-check with 15 bytes took 2ms
06:32:16.161 200 GET /api/health-check with 15 bytes took 3ms
06:32:46.461 200 GET /api/health-check with 15 bytes took 1ms
06:33:16.752 200 GET /api/health-check with 15 bytes took 1ms
06:33:47.071 200 GET /api/health-check with 15 bytes took 1ms
06:34:17.371 200 GET /api/health-check with 15 bytes took 1ms
06:34:47.710 200 GET /api/health-check with 15 bytes took 4ms
06:35:18.065 200 GET /api/health-check with 15 bytes took 1ms
06:35:48.371 200 GET /api/health-check with 15 bytes took 1ms
06:36:18.660 200 GET /api/health-check with 15 bytes took 2ms
06:36:48.967 200 GET /api/health-check with 15 bytes took 1ms
06:37:19.288 200 GET /api/health-check with 15 bytes took 1ms
06:37:49.612 200 GET /api/health-check with 15 bytes took 1ms
06:38:19.926 200 GET /api/health-check with 15 bytes took 1ms
06:38:50.246 200 GET /api/health-check with 15 bytes took 1ms
06:39:20.586 200 GET /api/health-check with 15 bytes took 2ms
06:39:50.847 200 GET /api/health-check with 15 bytes took 0ms
06:40:21.157 200 GET /api/health-check with 15 bytes took 2ms
06:40:51.474 200 GET /api/health-check with 15 bytes took 0ms
06:41:21.819 200 GET /api/health-check with 15 bytes took 1ms
06:41:52.131 200 GET /api/health-check with 15 bytes took 2ms
06:42:22.420 200 GET /api/health-check with 15 bytes took 1ms
06:42:52.763 200 GET /api/health-check with 15 bytes took 1ms
06:43:23.080 200 GET /api/health-check with 15 bytes took 1ms
06:43:53.399 200 GET /api/health-check with 15 bytes took 2ms
06:44:23.814 200 GET /api/health-check with 15 bytes took 2ms
06:44:54.137 200 GET /api/health-check with 15 bytes took 2ms
06:45:24.439 200 GET /api/health-check with 15 bytes took 1ms
06:45:54.774 200 GET /api/health-check with 15 bytes took 1ms
06:46:25.046 200 GET /api/health-check with 15 bytes took 1ms
06:46:55.364 200 GET /api/health-check with 15 bytes took 2ms
06:47:25.676 200 GET /api/health-check with 15 bytes took 1ms
06:47:56.052 200 GET /api/health-check with 15 bytes took 1ms
06:48:26.365 200 GET /api/health-check with 15 bytes took 2ms
06:48:56.659 200 GET /api/health-check with 15 bytes took 2ms
06:49:26.983 200 GET /api/health-check with 15 bytes took 2ms
06:49:57.296 200 GET /api/health-check with 15 bytes took 1ms
06:50:27.609 200 GET /api/health-check with 15 bytes took 2ms
06:50:57.924 200 GET /api/health-check with 15 bytes took 1ms
06:51:28.278 200 GET /api/health-check with 15 bytes took 2ms
06:51:58.572 200 GET /api/health-check with 15 bytes took 1ms
06:52:28.914 200 GET /api/health-check with 15 bytes took 2ms
06:52:59.268 200 GET /api/health-check with 15 bytes took 2ms
06:53:29.557 200 GET /api/health-check with 15 bytes took 1ms
06:53:59.883 200 GET /api/health-check with 15 bytes took 2ms
06:54:30.203 200 GET /api/health-check with 15 bytes took 3ms
06:55:00.578 200 GET /api/health-check with 15 bytes took 5ms
06:55:30.976 200 GET /api/health-check with 15 bytes took 4ms
06:56:01.329 200 GET /api/health-check with 15 bytes took 2ms
06:56:31.658 200 GET /api/health-check with 15 bytes took 2ms
06:57:02.047 200 GET /api/health-check with 15 bytes took 2ms
06:57:32.389 200 GET /api/health-check with 15 bytes took 8ms
06:58:02.716 200 GET /api/health-check with 15 bytes took 1ms
06:58:33.051 200 GET /api/health-check with 15 bytes took 2ms
06:59:03.391 200 GET /api/health-check with 15 bytes took 6ms
06:59:33.752 200 GET /api/health-check with 15 bytes took 5ms
07:00:04.072 200 GET /api/health-check with 15 bytes took 2ms
07:00:34.345 200 GET /api/health-check with 15 bytes took 0ms
07:01:04.661 200 GET /api/health-check with 15 bytes took 2ms
07:01:34.951 200 GET /api/health-check with 15 bytes took 2ms
07:02:05.252 200 GET /api/health-check with 15 bytes took 2ms
07:02:35.531 200 GET /api/health-check with 15 bytes took 2ms
07:03:05.870 200 GET /api/health-check with 15 bytes took 2ms
07:03:36.183 200 GET /api/health-check with 15 bytes took 1ms
07:04:06.535 200 GET /api/health-check with 15 bytes took 2ms
07:04:36.851 200 GET /api/health-check with 15 bytes took 1ms
07:05:07.160 200 GET /api/health-check with 15 bytes took 1ms
07:05:37.466 200 GET /api/health-check with 15 bytes took 1ms
07:06:07.758 200 GET /api/health-check with 15 bytes took 1ms
07:06:38.045 200 GET /api/health-check with 15 bytes took 1ms
07:07:08.349 200 GET /api/health-check with 15 bytes took 1ms
07:07:38.671 200 GET /api/health-check with 15 bytes took 2ms
07:08:08.965 200 GET /api/health-check with 15 bytes took 1ms
07:08:39.267 200 GET /api/health-check with 15 bytes took 1ms
07:09:09.553 200 GET /api/health-check with 15 bytes took 1ms
07:09:22.027 Table counts: notes: 593, revisions: 51, attachments: 23, branches: 609, attributes: 882, etapi_tokens: 2, blobs: 251
07:09:22.055 All consistency checks passed with no errors detected (took 28ms)
07:09:39.862 200 GET /api/health-check with 15 bytes took 2ms
07:10:10.153 200 GET /api/health-check with 15 bytes took 2ms
07:10:40.461 200 GET /api/health-check with 15 bytes took 1ms
07:11:10.808 200 GET /api/health-check with 15 bytes took 2ms
07:11:41.078 200 GET /api/health-check with 15 bytes took 0ms
07:12:11.403 200 GET /api/health-check with 15 bytes took 3ms
07:12:41.721 200 GET /api/health-check with 15 bytes took 1ms
07:13:12.021 200 GET /api/health-check with 15 bytes took 1ms
07:13:42.347 200 GET /api/health-check with 15 bytes took 2ms
07:14:12.630 200 GET /api/health-check with 15 bytes took 1ms
07:14:42.927 200 GET /api/health-check with 15 bytes took 1ms
07:15:13.274 200 GET /api/health-check with 15 bytes took 1ms
07:15:43.606 200 GET /api/health-check with 15 bytes took 1ms
07:16:13.877 200 GET /api/health-check with 15 bytes took 1ms
07:16:44.184 200 GET /api/health-check with 15 bytes took 2ms
07:17:14.452 200 GET /api/health-check with 15 bytes took 0ms
07:17:44.751 200 GET /api/health-check with 15 bytes took 2ms
07:18:15.053 200 GET /api/health-check with 15 bytes took 1ms
07:18:45.365 200 GET /api/health-check with 15 bytes took 1ms
07:19:15.687 200 GET /api/health-check with 15 bytes took 1ms
07:19:46.016 200 GET /api/health-check with 15 bytes took 1ms
07:20:16.303 200 GET /api/health-check with 15 bytes took 1ms
07:20:46.641 200 GET /api/health-check with 15 bytes took 2ms
07:21:16.913 200 GET /api/health-check with 15 bytes took 1ms
07:21:47.235 200 GET /api/health-check with 15 bytes took 2ms
07:22:17.537 200 GET /api/health-check with 15 bytes took 4ms
07:22:47.823 200 GET /api/health-check with 15 bytes took 2ms
07:23:18.149 200 GET /api/health-check with 15 bytes took 2ms
07:23:48.435 200 GET /api/health-check with 15 bytes took 2ms
07:24:18.751 200 GET /api/health-check with 15 bytes took 1ms
07:24:49.064 200 GET /api/health-check with 15 bytes took 1ms
07:25:19.384 200 GET /api/health-check with 15 bytes took 1ms
07:25:49.716 200 GET /api/health-check with 15 bytes took 2ms
07:26:19.985 200 GET /api/health-check with 15 bytes took 1ms
07:26:50.300 200 GET /api/health-check with 15 bytes took 4ms
07:27:20.588 200 GET /api/health-check with 15 bytes took 1ms
07:27:50.894 200 GET /api/health-check with 15 bytes took 2ms
07:28:21.185 200 GET /api/health-check with 15 bytes took 1ms
07:28:51.495 200 GET /api/health-check with 15 bytes took 3ms
07:29:21.803 200 GET /api/health-check with 15 bytes took 1ms
07:29:52.107 200 GET /api/health-check with 15 bytes took 2ms
07:30:22.377 200 GET /api/health-check with 15 bytes took 1ms
07:30:52.685 200 GET /api/health-check with 15 bytes took 2ms
07:31:23.007 200 GET /api/health-check with 15 bytes took 1ms
07:31:53.317 200 GET /api/health-check with 15 bytes took 2ms
07:32:23.593 200 GET /api/health-check with 15 bytes took 1ms
07:32:53.920 200 GET /api/health-check with 15 bytes took 2ms
07:33:24.201 200 GET /api/health-check with 15 bytes took 1ms
07:33:54.504 200 GET /api/health-check with 15 bytes took 1ms
07:34:24.804 200 GET /api/health-check with 15 bytes took 1ms
07:34:55.099 200 GET /api/health-check with 15 bytes took 2ms
07:35:25.401 200 GET /api/health-check with 15 bytes took 1ms
07:35:55.709 200 GET /api/health-check with 15 bytes took 2ms
07:36:25.999 200 GET /api/health-check with 15 bytes took 1ms
07:36:56.323 200 GET /api/health-check with 15 bytes took 2ms
07:37:26.597 200 GET /api/health-check with 15 bytes took 1ms
07:37:56.947 200 GET /api/health-check with 15 bytes took 2ms
07:38:27.236 200 GET /api/health-check with 15 bytes took 1ms
07:38:57.529 200 GET /api/health-check with 15 bytes took 1ms
07:39:27.890 200 GET /api/health-check with 15 bytes took 1ms
07:39:58.208 200 GET /api/health-check with 15 bytes took 2ms
07:40:28.506 200 GET /api/health-check with 15 bytes took 2ms
07:40:58.800 200 GET /api/health-check with 15 bytes took 1ms
07:41:29.133 200 GET /api/health-check with 15 bytes took 1ms
07:41:59.458 200 GET /api/health-check with 15 bytes took 1ms
07:42:29.762 200 GET /api/health-check with 15 bytes took 2ms
07:43:00.028 200 GET /api/health-check with 15 bytes took 1ms
07:43:30.363 200 GET /api/health-check with 15 bytes took 2ms
07:44:00.669 200 GET /api/health-check with 15 bytes took 1ms
07:44:30.987 200 GET /api/health-check with 15 bytes took 2ms
07:45:01.287 200 GET /api/health-check with 15 bytes took 1ms
07:45:31.609 200 GET /api/health-check with 15 bytes took 1ms
07:46:02.011 200 GET /api/health-check with 15 bytes took 1ms
07:46:32.317 200 GET /api/health-check with 15 bytes took 2ms
07:47:02.604 200 GET /api/health-check with 15 bytes took 1ms
07:47:32.943 200 GET /api/health-check with 15 bytes took 1ms
07:48:03.220 200 GET /api/health-check with 15 bytes took 2ms
07:48:33.497 200 GET /api/health-check with 15 bytes took 1ms
07:49:03.802 200 GET /api/health-check with 15 bytes took 1ms
07:49:34.105 200 GET /api/health-check with 15 bytes took 1ms
07:50:04.422 200 GET /api/health-check with 15 bytes took 2ms
07:50:34.697 200 GET /api/health-check with 15 bytes took 1ms
07:51:05.009 200 GET /api/health-check with 15 bytes took 2ms
07:51:35.275 200 GET /api/health-check with 15 bytes took 1ms
07:52:05.589 200 GET /api/health-check with 15 bytes took 2ms
07:52:35.893 200 GET /api/health-check with 15 bytes took 0ms
07:53:06.209 200 GET /api/health-check with 15 bytes took 2ms
07:53:36.491 200 GET /api/health-check with 15 bytes took 1ms
07:54:06.806 200 GET /api/health-check with 15 bytes took 2ms
07:54:37.088 200 GET /api/health-check with 15 bytes took 1ms
07:55:07.391 200 GET /api/health-check with 15 bytes took 2ms
07:55:37.689 200 GET /api/health-check with 15 bytes took 2ms
07:56:08.012 200 GET /api/health-check with 15 bytes took 1ms
07:56:38.347 200 GET /api/health-check with 15 bytes took 2ms
07:57:08.653 200 GET /api/health-check with 15 bytes took 1ms
07:57:38.986 200 GET /api/health-check with 15 bytes took 2ms
07:58:09.264 200 GET /api/health-check with 15 bytes took 1ms
07:58:39.590 200 GET /api/health-check with 15 bytes took 2ms
07:59:09.889 200 GET /api/health-check with 15 bytes took 2ms
07:59:40.190 200 GET /api/health-check with 15 bytes took 1ms
08:00:10.523 200 GET /api/health-check with 15 bytes took 2ms
08:00:40.804 200 GET /api/health-check with 15 bytes took 1ms
08:01:11.105 200 GET /api/health-check with 15 bytes took 2ms
08:01:41.443 200 GET /api/health-check with 15 bytes took 2ms
08:02:11.746 200 GET /api/health-check with 15 bytes took 1ms
08:02:42.040 200 GET /api/health-check with 15 bytes took 2ms
08:03:12.320 200 GET /api/health-check with 15 bytes took 1ms
08:03:42.630 200 GET /api/health-check with 15 bytes took 1ms
08:04:12.947 200 GET /api/health-check with 15 bytes took 2ms
08:04:43.245 200 GET /api/health-check with 15 bytes took 1ms
08:05:13.556 200 GET /api/health-check with 15 bytes took 2ms
08:05:43.851 200 GET /api/health-check with 15 bytes took 2ms
08:06:14.147 200 GET /api/health-check with 15 bytes took 1ms
08:06:44.449 200 GET /api/health-check with 15 bytes took 1ms
08:07:14.754 200 GET /api/health-check with 15 bytes took 2ms
08:07:45.040 200 GET /api/health-check with 15 bytes took 0ms
08:08:15.381 200 GET /api/health-check with 15 bytes took 2ms
08:08:45.677 200 GET /api/health-check with 15 bytes took 0ms
08:09:15.986 200 GET /api/health-check with 15 bytes took 2ms
08:09:22.033 Table counts: notes: 593, revisions: 51, attachments: 23, branches: 609, attributes: 882, etapi_tokens: 2, blobs: 251
08:09:22.059 All consistency checks passed with no errors detected (took 26ms)
08:09:22.327 Updating attribute _help_Un4wj2Mak2Ky_ldocName from "User Guide/User Guide/Installation & Setup/Server Installation/Nix flake.clone" to "User Guide/User Guide/Installation & Setup/Desktop Installation/Nix flake"
08:09:22.329 Updating attribute _help_Un4wj2Mak2Ky_liconClass from "bx bx-file" to "bx bxl-tux"
08:09:22.331 Updating attribute _help_Un4wj2Mak2Ky_ldocName from "User Guide/User Guide/Installation & Setup/Desktop Installation/Nix flake" to "User Guide/User Guide/Installation & Setup/Server Installation/Nix flake.clone"
08:09:22.332 Updating attribute _help_Un4wj2Mak2Ky_liconClass from "bx bxl-tux" to "bx bx-file"
08:09:22.335 Updating attribute _help_ZjLYv08Rp3qC_ldocName from "User Guide/User Guide/Basic Concepts and Features/Navigation/Quick edit.clone" to "User Guide/User Guide/Basic Concepts and Features/UI Elements/Quick edit"
08:09:22.337 Updating attribute _help_ZjLYv08Rp3qC_ldocName from "User Guide/User Guide/Basic Concepts and Features/UI Elements/Quick edit" to "User Guide/User Guide/Basic Concepts and Features/Navigation/Quick edit.clone"
08:09:46.280 200 GET /api/health-check with 15 bytes took 1ms
08:10:16.586 200 GET /api/health-check with 15 bytes took 2ms
08:10:46.884 200 GET /api/health-check with 15 bytes took 0ms
08:11:17.182 200 GET /api/health-check with 15 bytes took 2ms
08:11:47.506 200 GET /api/health-check with 15 bytes took 5ms
08:12:17.834 200 GET /api/health-check with 15 bytes took 3ms
08:12:48.156 200 GET /api/health-check with 15 bytes took 1ms
08:13:18.467 200 GET /api/health-check with 15 bytes took 2ms
08:13:48.763 200 GET /api/health-check with 15 bytes took 6ms
08:14:19.078 200 GET /api/health-check with 15 bytes took 1ms
08:14:49.367 200 GET /api/health-check with 15 bytes took 1ms
08:15:19.670 200 GET /api/health-check with 15 bytes took 2ms
08:15:50.019 200 GET /api/health-check with 15 bytes took 1ms
08:16:20.342 200 GET /api/health-check with 15 bytes took 2ms
08:16:50.625 200 GET /api/health-check with 15 bytes took 1ms
08:17:20.934 200 GET /api/health-check with 15 bytes took 2ms
08:17:51.241 200 GET /api/health-check with 15 bytes took 1ms
08:18:21.551 200 GET /api/health-check with 15 bytes took 2ms
08:18:51.872 200 GET /api/health-check with 15 bytes took 1ms
08:19:22.156 200 GET /api/health-check with 15 bytes took 0ms
08:19:52.504 200 GET /api/health-check with 15 bytes took 2ms
08:20:22.830 200 GET /api/health-check with 15 bytes took 1ms
08:20:53.149 200 GET /api/health-check with 15 bytes took 3ms
08:21:23.433 200 GET /api/health-check with 15 bytes took 1ms
08:21:53.717 200 GET /api/health-check with 15 bytes took 1ms
08:22:24.049 200 GET /api/health-check with 15 bytes took 1ms
08:22:54.354 200 GET /api/health-check with 15 bytes took 2ms
08:23:24.633 200 GET /api/health-check with 15 bytes took 1ms
08:23:54.950 200 GET /api/health-check with 15 bytes took 3ms
08:24:25.272 200 GET /api/health-check with 15 bytes took 1ms
08:24:55.565 200 GET /api/health-check with 15 bytes took 0ms
08:25:25.865 200 GET /api/health-check with 15 bytes took 1ms
08:25:56.185 200 GET /api/health-check with 15 bytes took 1ms
08:26:26.498 200 GET /api/health-check with 15 bytes took 3ms
08:26:56.798 200 GET /api/health-check with 15 bytes took 2ms
08:27:27.104 200 GET /api/health-check with 15 bytes took 1ms
08:27:57.452 200 GET /api/health-check with 15 bytes took 1ms
08:28:27.770 200 GET /api/health-check with 15 bytes took 1ms
08:28:58.048 200 GET /api/health-check with 15 bytes took 0ms
08:29:28.322 200 GET /api/health-check with 15 bytes took 1ms
08:29:58.619 200 GET /api/health-check with 15 bytes took 2ms
08:30:28.908 200 GET /api/health-check with 15 bytes took 1ms
08:30:59.190 200 GET /api/health-check with 15 bytes took 1ms
08:31:29.489 200 GET /api/health-check with 15 bytes took 2ms
08:31:59.826 200 GET /api/health-check with 15 bytes took 1ms
08:32:30.135 200 GET /api/health-check with 15 bytes took 1ms
08:33:00.456 200 GET /api/health-check with 15 bytes took 2ms
08:33:30.768 200 GET /api/health-check with 15 bytes took 2ms
08:34:01.101 200 GET /api/health-check with 15 bytes took 2ms
08:34:31.391 200 GET /api/health-check with 15 bytes took 1ms
08:35:01.737 200 GET /api/health-check with 15 bytes took 2ms
08:35:32.033 200 GET /api/health-check with 15 bytes took 1ms
08:36:02.395 200 GET /api/health-check with 15 bytes took 2ms
08:36:32.687 200 GET /api/health-check with 15 bytes took 0ms
08:37:03.055 200 GET /api/health-check with 15 bytes took 2ms
08:37:33.355 200 GET /api/health-check with 15 bytes took 1ms
08:38:03.689 200 GET /api/health-check with 15 bytes took 1ms
08:38:33.978 200 GET /api/health-check with 15 bytes took 0ms
08:39:04.286 200 GET /api/health-check with 15 bytes took 2ms
08:39:34.563 200 GET /api/health-check with 15 bytes took 0ms
08:40:04.871 200 GET /api/health-check with 15 bytes took 3ms
08:40:35.179 200 GET /api/health-check with 15 bytes took 1ms
08:41:05.489 200 GET /api/health-check with 15 bytes took 2ms
08:41:35.782 200 GET /api/health-check with 15 bytes took 1ms
08:42:06.109 200 GET /api/health-check with 15 bytes took 2ms
08:42:36.422 200 GET /api/health-check with 15 bytes took 2ms
08:43:06.694 200 GET /api/health-check with 15 bytes took 1ms
08:43:36.979 200 GET /api/health-check with 15 bytes took 1ms
08:44:07.270 200 GET /api/health-check with 15 bytes took 1ms
08:44:37.581 200 GET /api/health-check with 15 bytes took 1ms
08:45:07.884 200 GET /api/health-check with 15 bytes took 1ms
08:45:38.190 200 GET /api/health-check with 15 bytes took 1ms
08:46:08.474 200 GET /api/health-check with 15 bytes took 1ms
08:46:38.796 200 GET /api/health-check with 15 bytes took 1ms
08:47:09.098 200 GET /api/health-check with 15 bytes took 1ms
08:47:39.374 200 GET /api/health-check with 15 bytes took 0ms
08:48:09.675 200 GET /api/health-check with 15 bytes took 1ms
08:48:39.971 200 GET /api/health-check with 15 bytes took 1ms
08:49:10.272 200 GET /api/health-check with 15 bytes took 1ms
08:49:40.547 200 GET /api/health-check with 15 bytes took 1ms
08:50:10.825 200 GET /api/health-check with 15 bytes took 1ms
08:50:41.134 200 GET /api/health-check with 15 bytes took 2ms
08:51:11.429 200 GET /api/health-check with 15 bytes took 1ms
08:51:41.740 200 GET /api/health-check with 15 bytes took 2ms
08:52:12.040 200 GET /api/health-check with 15 bytes took 1ms
08:52:42.352 200 GET /api/health-check with 15 bytes took 2ms
08:53:12.664 200 GET /api/health-check with 15 bytes took 1ms
08:53:42.980 200 GET /api/health-check with 15 bytes took 1ms
08:54:13.315 200 GET /api/health-check with 15 bytes took 2ms
08:54:43.612 200 GET /api/health-check with 15 bytes took 1ms
08:55:13.925 200 GET /api/health-check with 15 bytes took 1ms
08:55:44.244 200 GET /api/health-check with 15 bytes took 2ms
08:56:14.531 200 GET /api/health-check with 15 bytes took 0ms
08:56:44.843 200 GET /api/health-check with 15 bytes took 3ms
08:57:15.141 200 GET /api/health-check with 15 bytes took 4ms
08:57:45.445 200 GET /api/health-check with 15 bytes took 1ms
08:58:15.794 200 GET /api/health-check with 15 bytes took 2ms
08:58:46.098 200 GET /api/health-check with 15 bytes took 1ms
08:59:16.508 200 GET /api/health-check with 15 bytes took 3ms
08:59:46.812 200 GET /api/health-check with 15 bytes took 2ms
09:00:17.138 200 GET /api/health-check with 15 bytes took 1ms
09:00:47.474 200 GET /api/health-check with 15 bytes took 2ms
09:01:17.777 200 GET /api/health-check with 15 bytes took 2ms
09:01:48.075 200 GET /api/health-check with 15 bytes took 2ms
09:02:18.394 200 GET /api/health-check with 15 bytes took 2ms
09:02:48.701 200 GET /api/health-check with 15 bytes took 1ms
09:03:19.026 200 GET /api/health-check with 15 bytes took 1ms
09:03:49.343 200 GET /api/health-check with 15 bytes took 1ms
09:04:19.641 200 GET /api/health-check with 15 bytes took 2ms
09:04:49.966 200 GET /api/health-check with 15 bytes took 1ms
09:05:20.293 200 GET /api/health-check with 15 bytes took 2ms
09:05:50.585 200 GET /api/health-check with 15 bytes took 2ms
09:06:20.905 200 GET /api/health-check with 15 bytes took 2ms
09:06:51.175 200 GET /api/health-check with 15 bytes took 0ms
09:07:21.500 200 GET /api/health-check with 15 bytes took 2ms
09:07:51.791 200 GET /api/health-check with 15 bytes took 1ms
09:08:22.080 200 GET /api/health-check with 15 bytes took 1ms
09:08:52.415 200 GET /api/health-check with 15 bytes took 3ms
09:09:21.655 Optimizing database
09:09:21.657 Optimization finished in 1ms.
09:09:22.034 Table counts: notes: 593, revisions: 51, attachments: 23, branches: 609, attributes: 882, etapi_tokens: 2, blobs: 251
09:09:22.056 All consistency checks passed with no errors detected (took 23ms)
09:09:22.703 200 GET /api/health-check with 15 bytes took 1ms
09:09:53.011 200 GET /api/health-check with 15 bytes took 3ms
09:10:23.270 200 GET /api/health-check with 15 bytes took 1ms
09:10:53.586 200 GET /api/health-check with 15 bytes took 2ms
09:11:23.952 200 GET /api/health-check with 15 bytes took 1ms
09:11:54.256 200 GET /api/health-check with 15 bytes took 0ms
09:12:24.565 200 GET /api/health-check with 15 bytes took 1ms
09:12:54.873 200 GET /api/health-check with 15 bytes took 3ms
09:13:25.162 200 GET /api/health-check with 15 bytes took 1ms
09:13:55.433 200 GET /api/health-check with 15 bytes took 3ms
09:14:25.740 200 GET /api/health-check with 15 bytes took 2ms
09:14:56.083 200 GET /api/health-check with 15 bytes took 1ms
09:15:26.418 200 GET /api/health-check with 15 bytes took 2ms
09:15:56.690 200 GET /api/health-check with 15 bytes took 0ms
09:16:26.993 200 GET /api/health-check with 15 bytes took 2ms
09:16:57.331 200 GET /api/health-check with 15 bytes took 1ms
09:17:27.659 200 GET /api/health-check with 15 bytes took 1ms
09:17:57.953 200 GET /api/health-check with 15 bytes took 1ms
09:18:28.313 200 GET /api/health-check with 15 bytes took 2ms
09:18:58.608 200 GET /api/health-check with 15 bytes took 1ms
09:19:28.932 200 GET /api/health-check with 15 bytes took 2ms
09:19:59.237 200 GET /api/health-check with 15 bytes took 1ms
09:20:29.538 200 GET /api/health-check with 15 bytes took 2ms
09:20:59.856 200 GET /api/health-check with 15 bytes took 1ms
09:21:30.182 200 GET /api/health-check with 15 bytes took 2ms
09:22:00.510 200 GET /api/health-check with 15 bytes took 2ms
09:22:30.820 200 GET /api/health-check with 15 bytes took 1ms
09:23:01.111 200 GET /api/health-check with 15 bytes took 1ms
09:23:31.422 200 GET /api/health-check with 15 bytes took 2ms
09:24:01.806 200 GET /api/health-check with 15 bytes took 1ms
09:24:32.111 200 GET /api/health-check with 15 bytes took 1ms
09:25:02.432 200 GET /api/health-check with 15 bytes took 2ms
09:25:32.754 200 GET /api/health-check with 15 bytes took 2ms
09:26:03.072 200 GET /api/health-check with 15 bytes took 0ms
09:26:33.404 200 GET /api/health-check with 15 bytes took 2ms
09:27:03.694 200 GET /api/health-check with 15 bytes took 1ms
09:27:34.024 200 GET /api/health-check with 15 bytes took 1ms
09:28:04.310 200 GET /api/health-check with 15 bytes took 1ms
09:28:34.612 200 GET /api/health-check with 15 bytes took 2ms
09:29:04.916 200 GET /api/health-check with 15 bytes took 1ms
09:29:35.213 200 GET /api/health-check with 15 bytes took 1ms
09:30:05.488 200 GET /api/health-check with 15 bytes took 1ms
09:30:35.797 200 GET /api/health-check with 15 bytes took 2ms
09:31:06.098 200 GET /api/health-check with 15 bytes took 1ms
09:31:36.404 200 GET /api/health-check with 15 bytes took 2ms
09:32:06.701 200 GET /api/health-check with 15 bytes took 1ms
09:32:36.997 200 GET /api/health-check with 15 bytes took 2ms
09:33:07.289 200 GET /api/health-check with 15 bytes took 1ms
09:33:37.582 200 GET /api/health-check with 15 bytes took 2ms
09:34:07.917 200 GET /api/health-check with 15 bytes took 1ms
09:34:38.211 200 GET /api/health-check with 15 bytes took 1ms
09:35:08.563 200 GET /api/health-check with 15 bytes took 1ms
09:35:38.878 200 GET /api/health-check with 15 bytes took 1ms
09:36:09.166 200 GET /api/health-check with 15 bytes took 2ms
09:36:39.482 200 GET /api/health-check with 15 bytes took 1ms
09:37:09.775 200 GET /api/health-check with 15 bytes took 1ms
09:37:40.063 200 GET /api/health-check with 15 bytes took 2ms
09:38:10.352 200 GET /api/health-check with 15 bytes took 1ms
09:38:40.651 200 GET /api/health-check with 15 bytes took 1ms
09:39:10.942 200 GET /api/health-check with 15 bytes took 2ms
09:39:41.222 200 GET /api/health-check with 15 bytes took 0ms
09:40:11.552 200 GET /api/health-check with 15 bytes took 2ms
09:40:41.852 200 GET /api/health-check with 15 bytes took 0ms
09:41:12.192 200 GET /api/health-check with 15 bytes took 2ms
09:41:42.493 200 GET /api/health-check with 15 bytes took 1ms
09:42:12.802 200 GET /api/health-check with 15 bytes took 1ms
09:42:43.103 200 GET /api/health-check with 15 bytes took 1ms
09:43:13.399 200 GET /api/health-check with 15 bytes took 1ms
09:43:43.705 200 GET /api/health-check with 15 bytes took 2ms
09:44:14.014 200 GET /api/health-check with 15 bytes took 2ms
09:44:44.303 200 GET /api/health-check with 15 bytes took 1ms
09:45:14.626 200 GET /api/health-check with 15 bytes took 2ms
09:45:44.920 200 GET /api/health-check with 15 bytes took 1ms
09:46:15.238 200 GET /api/health-check with 15 bytes took 1ms
09:46:45.555 200 GET /api/health-check with 15 bytes took 2ms
09:47:15.851 200 GET /api/health-check with 15 bytes took 2ms
09:47:46.141 200 GET /api/health-check with 15 bytes took 1ms
09:48:16.434 200 GET /api/health-check with 15 bytes took 2ms
09:48:46.701 200 GET /api/health-check with 15 bytes took 1ms
09:49:17.076 200 GET /api/health-check with 15 bytes took 2ms
09:49:47.345 200 GET /api/health-check with 15 bytes took 1ms
09:50:17.650 200 GET /api/health-check with 15 bytes took 3ms
09:50:47.938 200 GET /api/health-check with 15 bytes took 1ms
09:51:18.254 200 GET /api/health-check with 15 bytes took 2ms
09:51:48.540 200 GET /api/health-check with 15 bytes took 1ms
09:52:18.858 200 GET /api/health-check with 15 bytes took 2ms
09:52:49.166 200 GET /api/health-check with 15 bytes took 0ms
09:53:19.529 200 GET /api/health-check with 15 bytes took 2ms
09:53:49.873 200 GET /api/health-check with 15 bytes took 2ms
09:54:20.160 200 GET /api/health-check with 15 bytes took 1ms
09:54:50.475 200 GET /api/health-check with 15 bytes took 2ms
09:55:20.780 200 GET /api/health-check with 15 bytes took 1ms
09:55:51.068 200 GET /api/health-check with 15 bytes took 1ms
09:56:21.387 200 GET /api/health-check with 15 bytes took 2ms
09:56:51.706 200 GET /api/health-check with 15 bytes took 4ms
09:57:22.034 200 GET /api/health-check with 15 bytes took 1ms
09:57:52.368 200 GET /api/health-check with 15 bytes took 1ms
09:58:22.685 200 GET /api/health-check with 15 bytes took 3ms
09:58:53.047 200 GET /api/health-check with 15 bytes took 2ms
09:59:23.345 200 GET /api/health-check with 15 bytes took 2ms
09:59:53.653 200 GET /api/health-check with 15 bytes took 1ms
