00:00:06.599 200 GET /api/health-check with 15 bytes took 1ms
00:00:36.910 200 GET /api/health-check with 15 bytes took 1ms
00:01:07.242 200 GET /api/health-check with 15 bytes took 2ms
00:01:37.552 200 GET /api/health-check with 15 bytes took 2ms
00:02:07.845 200 GET /api/health-check with 15 bytes took 1ms
00:02:38.211 200 GET /api/health-check with 15 bytes took 4ms
00:03:08.501 200 GET /api/health-check with 15 bytes took 1ms
00:03:38.798 200 GET /api/health-check with 15 bytes took 1ms
00:04:09.088 200 GET /api/health-check with 15 bytes took 0ms
00:04:39.386 200 GET /api/health-check with 15 bytes took 2ms
00:05:09.681 200 GET /api/health-check with 15 bytes took 2ms
00:05:39.995 200 GET /api/health-check with 15 bytes took 1ms
00:06:10.304 200 GET /api/health-check with 15 bytes took 4ms
00:06:40.666 200 GET /api/health-check with 15 bytes took 4ms
00:07:10.958 200 GET /api/health-check with 15 bytes took 2ms
00:07:41.252 200 GET /api/health-check with 15 bytes took 1ms
00:08:11.600 200 GET /api/health-check with 15 bytes took 3ms
00:08:41.905 200 GET /api/health-check with 15 bytes took 1ms
00:09:12.219 200 GET /api/health-check with 15 bytes took 2ms
00:09:22.124 Table counts: notes: 593, revisions: 51, attachments: 23, branches: 609, attributes: 882, etapi_tokens: 2, blobs: 251
00:09:22.148 All consistency checks passed with no errors detected (took 24ms)
00:09:42.547 200 GET /api/health-check with 15 bytes took 1ms
00:10:12.883 200 GET /api/health-check with 15 bytes took 2ms
00:10:43.245 200 GET /api/health-check with 15 bytes took 2ms
00:11:13.606 200 GET /api/health-check with 15 bytes took 2ms
00:11:43.915 200 GET /api/health-check with 15 bytes took 1ms
00:12:14.223 200 GET /api/health-check with 15 bytes took 2ms
00:12:44.526 200 GET /api/health-check with 15 bytes took 2ms
00:13:14.823 200 GET /api/health-check with 15 bytes took 1ms
00:13:45.119 200 GET /api/health-check with 15 bytes took 2ms
00:14:15.403 200 GET /api/health-check with 15 bytes took 2ms
00:14:45.775 200 GET /api/health-check with 15 bytes took 1ms
00:15:16.044 200 GET /api/health-check with 15 bytes took 1ms
00:15:46.401 200 GET /api/health-check with 15 bytes took 2ms
00:16:16.679 200 GET /api/health-check with 15 bytes took 1ms
00:16:47.016 200 GET /api/health-check with 15 bytes took 2ms
00:17:17.315 200 GET /api/health-check with 15 bytes took 1ms
00:17:47.579 200 GET /api/health-check with 15 bytes took 0ms
00:18:17.902 200 GET /api/health-check with 15 bytes took 1ms
00:18:48.294 200 GET /api/health-check with 15 bytes took 1ms
00:19:18.611 200 GET /api/health-check with 15 bytes took 1ms
00:19:48.916 200 GET /api/health-check with 15 bytes took 1ms
00:20:19.222 200 GET /api/health-check with 15 bytes took 2ms
00:20:49.517 200 GET /api/health-check with 15 bytes took 1ms
00:21:19.805 200 GET /api/health-check with 15 bytes took 1ms
00:21:50.128 200 GET /api/health-check with 15 bytes took 2ms
00:22:20.403 200 GET /api/health-check with 15 bytes took 1ms
00:22:50.730 200 GET /api/health-check with 15 bytes took 1ms
00:23:21.011 200 GET /api/health-check with 15 bytes took 0ms
00:23:51.321 200 GET /api/health-check with 15 bytes took 2ms
00:24:21.623 200 GET /api/health-check with 15 bytes took 1ms
00:24:51.960 200 GET /api/health-check with 15 bytes took 1ms
00:25:22.293 200 GET /api/health-check with 15 bytes took 2ms
00:25:52.567 200 GET /api/health-check with 15 bytes took 1ms
00:26:22.880 200 GET /api/health-check with 15 bytes took 2ms
00:26:53.198 200 GET /api/health-check with 15 bytes took 1ms
00:27:23.534 200 GET /api/health-check with 15 bytes took 7ms
00:27:53.938 200 GET /api/health-check with 15 bytes took 2ms
00:28:24.250 200 GET /api/health-check with 15 bytes took 2ms
00:28:54.554 200 GET /api/health-check with 15 bytes took 2ms
00:29:24.894 200 GET /api/health-check with 15 bytes took 3ms
00:29:55.196 200 GET /api/health-check with 15 bytes took 3ms
00:30:25.496 200 GET /api/health-check with 15 bytes took 1ms
00:30:55.831 200 GET /api/health-check with 15 bytes took 2ms
00:31:26.119 200 GET /api/health-check with 15 bytes took 1ms
00:31:56.443 200 GET /api/health-check with 15 bytes took 2ms
00:32:26.725 200 GET /api/health-check with 15 bytes took 1ms
00:32:57.047 200 GET /api/health-check with 15 bytes took 2ms
00:33:27.360 200 GET /api/health-check with 15 bytes took 1ms
00:33:57.671 200 GET /api/health-check with 15 bytes took 1ms
00:34:28.013 200 GET /api/health-check with 15 bytes took 1ms
00:34:58.332 200 GET /api/health-check with 15 bytes took 1ms
00:35:28.636 200 GET /api/health-check with 15 bytes took 1ms
00:35:58.954 200 GET /api/health-check with 15 bytes took 2ms
00:36:29.232 200 GET /api/health-check with 15 bytes took 1ms
00:36:59.547 200 GET /api/health-check with 15 bytes took 1ms
00:37:29.846 200 GET /api/health-check with 15 bytes took 1ms
00:38:00.163 200 GET /api/health-check with 15 bytes took 1ms
00:38:30.447 200 GET /api/health-check with 15 bytes took 1ms
00:39:00.822 200 GET /api/health-check with 15 bytes took 2ms
00:39:31.175 200 GET /api/health-check with 15 bytes took 2ms
00:40:01.593 200 GET /api/health-check with 15 bytes took 0ms
00:40:31.913 200 GET /api/health-check with 15 bytes took 3ms
00:41:02.241 200 GET /api/health-check with 15 bytes took 2ms
00:41:32.556 200 GET /api/health-check with 15 bytes took 2ms
00:42:02.918 200 GET /api/health-check with 15 bytes took 2ms
00:42:33.207 200 GET /api/health-check with 15 bytes took 2ms
00:43:03.518 200 GET /api/health-check with 15 bytes took 1ms
00:43:33.808 200 GET /api/health-check with 15 bytes took 2ms
00:44:04.111 200 GET /api/health-check with 15 bytes took 1ms
00:44:34.441 200 GET /api/health-check with 15 bytes took 2ms
00:45:04.720 200 GET /api/health-check with 15 bytes took 0ms
00:45:35.045 200 GET /api/health-check with 15 bytes took 2ms
00:46:05.329 200 GET /api/health-check with 15 bytes took 1ms
00:46:35.641 200 GET /api/health-check with 15 bytes took 2ms
00:47:05.912 200 GET /api/health-check with 15 bytes took 1ms
00:47:36.242 200 GET /api/health-check with 15 bytes took 2ms
00:48:06.544 200 GET /api/health-check with 15 bytes took 1ms
00:48:36.879 200 GET /api/health-check with 15 bytes took 2ms
00:49:07.183 200 GET /api/health-check with 15 bytes took 1ms
00:49:37.490 200 GET /api/health-check with 15 bytes took 2ms
00:50:07.834 200 GET /api/health-check with 15 bytes took 2ms
00:50:38.103 200 GET /api/health-check with 15 bytes took 1ms
00:51:08.457 200 GET /api/health-check with 15 bytes took 3ms
00:51:38.774 200 GET /api/health-check with 15 bytes took 1ms
00:52:09.092 200 GET /api/health-check with 15 bytes took 2ms
00:52:39.398 200 GET /api/health-check with 15 bytes took 2ms
00:53:09.679 200 GET /api/health-check with 15 bytes took 2ms
00:53:40.000 200 GET /api/health-check with 15 bytes took 3ms
00:54:10.267 200 GET /api/health-check with 15 bytes took 0ms
00:54:40.592 200 GET /api/health-check with 15 bytes took 2ms
00:55:10.888 200 GET /api/health-check with 15 bytes took 1ms
00:55:41.215 200 GET /api/health-check with 15 bytes took 3ms
00:56:11.540 200 GET /api/health-check with 15 bytes took 2ms
00:56:41.857 200 GET /api/health-check with 15 bytes took 2ms
00:57:12.170 200 GET /api/health-check with 15 bytes took 2ms
00:57:42.492 200 GET /api/health-check with 15 bytes took 2ms
00:58:12.800 200 GET /api/health-check with 15 bytes took 1ms
00:58:43.121 200 GET /api/health-check with 15 bytes took 1ms
00:59:13.417 200 GET /api/health-check with 15 bytes took 1ms
00:59:43.750 200 GET /api/health-check with 15 bytes took 3ms
01:00:14.092 200 GET /api/health-check with 15 bytes took 1ms
01:00:44.390 200 GET /api/health-check with 15 bytes took 1ms
01:01:14.701 200 GET /api/health-check with 15 bytes took 2ms
01:01:45.032 200 GET /api/health-check with 15 bytes took 1ms
01:02:15.373 200 GET /api/health-check with 15 bytes took 2ms
01:02:45.691 200 GET /api/health-check with 15 bytes took 1ms
01:03:15.990 200 GET /api/health-check with 15 bytes took 1ms
01:03:46.314 200 GET /api/health-check with 15 bytes took 3ms
01:04:16.607 200 GET /api/health-check with 15 bytes took 1ms
01:04:46.939 200 GET /api/health-check with 15 bytes took 3ms
01:05:17.221 200 GET /api/health-check with 15 bytes took 1ms
01:05:47.513 200 GET /api/health-check with 15 bytes took 2ms
01:06:17.799 200 GET /api/health-check with 15 bytes took 0ms
01:06:48.082 200 GET /api/health-check with 15 bytes took 1ms
01:07:18.385 200 GET /api/health-check with 15 bytes took 1ms
01:07:48.697 200 GET /api/health-check with 15 bytes took 2ms
01:08:19.003 200 GET /api/health-check with 15 bytes took 2ms
01:08:49.330 200 GET /api/health-check with 15 bytes took 1ms
01:09:19.606 200 GET /api/health-check with 15 bytes took 1ms
01:09:22.126 Table counts: notes: 593, revisions: 51, attachments: 23, branches: 609, attributes: 882, etapi_tokens: 2, blobs: 251
01:09:22.155 All consistency checks passed with no errors detected (took 30ms)
01:09:49.938 200 GET /api/health-check with 15 bytes took 5ms
01:10:20.223 200 GET /api/health-check with 15 bytes took 1ms
01:10:50.528 200 GET /api/health-check with 15 bytes took 2ms
01:11:20.804 200 GET /api/health-check with 15 bytes took 1ms
01:11:51.098 200 GET /api/health-check with 15 bytes took 1ms
01:12:21.401 200 GET /api/health-check with 15 bytes took 2ms
01:12:51.702 200 GET /api/health-check with 15 bytes took 1ms
01:13:21.993 200 GET /api/health-check with 15 bytes took 1ms
01:13:52.328 200 GET /api/health-check with 15 bytes took 2ms
01:14:22.628 200 GET /api/health-check with 15 bytes took 1ms
01:14:52.940 200 GET /api/health-check with 15 bytes took 1ms
01:15:23.230 200 GET /api/health-check with 15 bytes took 1ms
01:15:53.572 200 GET /api/health-check with 15 bytes took 2ms
01:16:23.946 200 GET /api/health-check with 15 bytes took 0ms
01:16:54.238 200 GET /api/health-check with 15 bytes took 2ms
01:17:24.579 200 GET /api/health-check with 15 bytes took 4ms
01:17:54.877 200 GET /api/health-check with 15 bytes took 1ms
01:18:25.188 200 GET /api/health-check with 15 bytes took 2ms
01:18:55.460 200 GET /api/health-check with 15 bytes took 1ms
01:19:25.771 200 GET /api/health-check with 15 bytes took 1ms
01:19:56.054 200 GET /api/health-check with 15 bytes took 1ms
01:20:26.360 200 GET /api/health-check with 15 bytes took 2ms
01:20:56.691 200 GET /api/health-check with 15 bytes took 1ms
01:21:26.990 200 GET /api/health-check with 15 bytes took 2ms
01:21:57.300 200 GET /api/health-check with 15 bytes took 2ms
01:22:27.646 200 GET /api/health-check with 15 bytes took 1ms
01:22:57.939 200 GET /api/health-check with 15 bytes took 1ms
01:23:28.264 200 GET /api/health-check with 15 bytes took 3ms
01:23:58.582 200 GET /api/health-check with 15 bytes took 1ms
01:24:28.943 200 GET /api/health-check with 15 bytes took 2ms
01:24:59.255 200 GET /api/health-check with 15 bytes took 2ms
01:25:29.578 200 GET /api/health-check with 15 bytes took 1ms
01:25:59.913 200 GET /api/health-check with 15 bytes took 2ms
01:26:30.215 200 GET /api/health-check with 15 bytes took 1ms
01:27:00.525 200 GET /api/health-check with 15 bytes took 2ms
01:27:30.835 200 GET /api/health-check with 15 bytes took 1ms
01:28:01.244 200 GET /api/health-check with 15 bytes took 3ms
01:28:31.567 200 GET /api/health-check with 15 bytes took 1ms
01:29:01.885 200 GET /api/health-check with 15 bytes took 2ms
01:29:32.206 200 GET /api/health-check with 15 bytes took 2ms
01:30:02.544 200 GET /api/health-check with 15 bytes took 1ms
01:30:32.906 200 GET /api/health-check with 15 bytes took 1ms
01:31:03.216 200 GET /api/health-check with 15 bytes took 2ms
01:31:33.519 200 GET /api/health-check with 15 bytes took 1ms
01:32:03.842 200 GET /api/health-check with 15 bytes took 3ms
01:32:34.178 200 GET /api/health-check with 15 bytes took 2ms
01:33:04.506 200 GET /api/health-check with 15 bytes took 2ms
01:33:34.810 200 GET /api/health-check with 15 bytes took 1ms
01:34:05.124 200 GET /api/health-check with 15 bytes took 1ms
01:34:35.426 200 GET /api/health-check with 15 bytes took 2ms
01:35:05.713 200 GET /api/health-check with 15 bytes took 1ms
01:35:36.022 200 GET /api/health-check with 15 bytes took 2ms
01:36:06.306 200 GET /api/health-check with 15 bytes took 1ms
01:36:36.630 200 GET /api/health-check with 15 bytes took 2ms
01:37:06.945 200 GET /api/health-check with 15 bytes took 5ms
01:37:37.267 200 GET /api/health-check with 15 bytes took 2ms
01:38:07.570 200 GET /api/health-check with 15 bytes took 1ms
01:38:37.855 200 GET /api/health-check with 15 bytes took 1ms
01:39:08.205 200 GET /api/health-check with 15 bytes took 2ms
01:39:38.464 200 GET /api/health-check with 15 bytes took 1ms
01:40:08.775 200 GET /api/health-check with 15 bytes took 2ms
01:40:39.085 200 GET /api/health-check with 15 bytes took 1ms
01:41:09.427 200 GET /api/health-check with 15 bytes took 3ms
01:41:39.766 200 GET /api/health-check with 15 bytes took 3ms
01:42:10.048 200 GET /api/health-check with 15 bytes took 1ms
01:42:40.340 200 GET /api/health-check with 15 bytes took 2ms
01:43:10.641 200 GET /api/health-check with 15 bytes took 2ms
01:43:40.928 200 GET /api/health-check with 15 bytes took 2ms
01:44:11.257 200 GET /api/health-check with 15 bytes took 1ms
01:44:41.554 200 GET /api/health-check with 15 bytes took 2ms
01:45:11.882 200 GET /api/health-check with 15 bytes took 2ms
01:45:42.220 200 GET /api/health-check with 15 bytes took 1ms
01:46:12.548 200 GET /api/health-check with 15 bytes took 2ms
01:46:42.847 200 GET /api/health-check with 15 bytes took 0ms
01:47:13.169 200 GET /api/health-check with 15 bytes took 2ms
01:47:43.477 200 GET /api/health-check with 15 bytes took 1ms
01:48:13.810 200 GET /api/health-check with 15 bytes took 2ms
01:48:44.102 200 GET /api/health-check with 15 bytes took 1ms
01:49:14.403 200 GET /api/health-check with 15 bytes took 1ms
01:49:44.736 200 GET /api/health-check with 15 bytes took 1ms
01:50:15.031 200 GET /api/health-check with 15 bytes took 1ms
01:50:45.340 200 GET /api/health-check with 15 bytes took 2ms
01:51:15.629 200 GET /api/health-check with 15 bytes took 2ms
01:51:46.025 200 GET /api/health-check with 15 bytes took 2ms
01:52:16.364 200 GET /api/health-check with 15 bytes took 2ms
01:52:46.661 200 GET /api/health-check with 15 bytes took 2ms
01:53:16.975 200 GET /api/health-check with 15 bytes took 1ms
01:53:47.268 200 GET /api/health-check with 15 bytes took 1ms
01:54:17.580 200 GET /api/health-check with 15 bytes took 1ms
01:54:47.929 200 GET /api/health-check with 15 bytes took 2ms
01:55:18.228 200 GET /api/health-check with 15 bytes took 2ms
01:55:48.553 200 GET /api/health-check with 15 bytes took 1ms
01:56:18.876 200 GET /api/health-check with 15 bytes took 2ms
01:56:49.183 200 GET /api/health-check with 15 bytes took 1ms
01:57:19.542 200 GET /api/health-check with 15 bytes took 2ms
01:57:49.847 200 GET /api/health-check with 15 bytes took 0ms
01:58:20.182 200 GET /api/health-check with 15 bytes took 2ms
01:58:50.498 200 GET /api/health-check with 15 bytes took 1ms
01:59:20.812 200 GET /api/health-check with 15 bytes took 1ms
01:59:51.117 200 GET /api/health-check with 15 bytes took 1ms
02:00:21.434 200 GET /api/health-check with 15 bytes took 1ms
02:00:51.744 200 GET /api/health-check with 15 bytes took 2ms
02:01:22.085 200 GET /api/health-check with 15 bytes took 2ms
02:01:52.393 200 GET /api/health-check with 15 bytes took 1ms
02:02:22.703 200 GET /api/health-check with 15 bytes took 1ms
02:02:53.026 200 GET /api/health-check with 15 bytes took 1ms
02:03:23.298 200 GET /api/health-check with 15 bytes took 1ms
02:03:53.642 200 GET /api/health-check with 15 bytes took 4ms
02:04:24.012 200 GET /api/health-check with 15 bytes took 1ms
02:04:54.306 200 GET /api/health-check with 15 bytes took 1ms
02:05:24.668 200 GET /api/health-check with 15 bytes took 3ms
02:05:54.957 200 GET /api/health-check with 15 bytes took 1ms
02:06:25.250 200 GET /api/health-check with 15 bytes took 2ms
02:06:55.541 200 GET /api/health-check with 15 bytes took 1ms
02:07:25.914 200 GET /api/health-check with 15 bytes took 3ms
02:07:56.227 200 GET /api/health-check with 15 bytes took 1ms
02:08:26.554 200 GET /api/health-check with 15 bytes took 1ms
02:08:56.884 200 GET /api/health-check with 15 bytes took 2ms
02:09:22.131 Table counts: notes: 593, revisions: 51, attachments: 23, branches: 609, attributes: 882, etapi_tokens: 2, blobs: 251
02:09:22.160 All consistency checks passed with no errors detected (took 30ms)
02:09:27.229 200 GET /api/health-check with 15 bytes took 1ms
02:09:57.528 200 GET /api/health-check with 15 bytes took 0ms
02:10:27.870 200 GET /api/health-check with 15 bytes took 2ms
02:10:58.142 200 GET /api/health-check with 15 bytes took 1ms
02:11:28.474 200 GET /api/health-check with 15 bytes took 2ms
02:11:58.774 200 GET /api/health-check with 15 bytes took 1ms
02:12:29.065 200 GET /api/health-check with 15 bytes took 1ms
02:12:59.360 200 GET /api/health-check with 15 bytes took 2ms
02:13:29.685 200 GET /api/health-check with 15 bytes took 2ms
02:13:59.981 200 GET /api/health-check with 15 bytes took 2ms
02:14:30.265 200 GET /api/health-check with 15 bytes took 2ms
02:15:00.601 200 GET /api/health-check with 15 bytes took 2ms
02:15:30.920 200 GET /api/health-check with 15 bytes took 1ms
02:16:01.255 200 GET /api/health-check with 15 bytes took 2ms
02:16:31.542 200 GET /api/health-check with 15 bytes took 2ms
02:17:01.836 200 GET /api/health-check with 15 bytes took 2ms
02:17:32.118 200 GET /api/health-check with 15 bytes took 2ms
02:18:02.392 200 GET /api/health-check with 15 bytes took 1ms
02:18:32.698 200 GET /api/health-check with 15 bytes took 3ms
02:19:03.011 200 GET /api/health-check with 15 bytes took 1ms
02:19:33.306 200 GET /api/health-check with 15 bytes took 2ms
02:20:03.640 200 GET /api/health-check with 15 bytes took 1ms
02:20:33.955 200 GET /api/health-check with 15 bytes took 1ms
02:21:04.283 200 GET /api/health-check with 15 bytes took 2ms
02:21:34.612 200 GET /api/health-check with 15 bytes took 1ms
02:22:04.916 200 GET /api/health-check with 15 bytes took 1ms
02:22:35.225 200 GET /api/health-check with 15 bytes took 1ms
02:23:05.513 200 GET /api/health-check with 15 bytes took 1ms
02:23:35.828 200 GET /api/health-check with 15 bytes took 2ms
02:24:06.177 200 GET /api/health-check with 15 bytes took 1ms
02:24:36.522 200 GET /api/health-check with 15 bytes took 2ms
02:25:06.853 200 GET /api/health-check with 15 bytes took 2ms
02:25:37.142 200 GET /api/health-check with 15 bytes took 1ms
02:26:07.460 200 GET /api/health-check with 15 bytes took 1ms
02:26:37.756 200 GET /api/health-check with 15 bytes took 1ms
02:27:08.064 200 GET /api/health-check with 15 bytes took 2ms
02:27:38.371 200 GET /api/health-check with 15 bytes took 1ms
02:28:08.801 200 GET /api/health-check with 15 bytes took 5ms
02:28:39.129 200 GET /api/health-check with 15 bytes took 1ms
02:29:09.396 200 GET /api/health-check with 15 bytes took 1ms
02:29:39.687 200 GET /api/health-check with 15 bytes took 2ms
02:30:09.989 200 GET /api/health-check with 15 bytes took 1ms
02:30:40.324 200 GET /api/health-check with 15 bytes took 1ms
02:31:10.631 200 GET /api/health-check with 15 bytes took 1ms
02:31:40.934 200 GET /api/health-check with 15 bytes took 2ms
02:32:11.258 200 GET /api/health-check with 15 bytes took 4ms
02:32:41.563 200 GET /api/health-check with 15 bytes took 1ms
02:33:11.856 200 GET /api/health-check with 15 bytes took 0ms
02:33:42.165 200 GET /api/health-check with 15 bytes took 1ms
02:34:12.464 200 GET /api/health-check with 15 bytes took 1ms
02:34:42.764 200 GET /api/health-check with 15 bytes took 1ms
02:35:13.084 200 GET /api/health-check with 15 bytes took 2ms
02:35:43.361 200 GET /api/health-check with 15 bytes took 0ms
02:36:13.711 200 GET /api/health-check with 15 bytes took 2ms
02:36:43.996 200 GET /api/health-check with 15 bytes took 1ms
02:37:14.322 200 GET /api/health-check with 15 bytes took 3ms
02:37:44.616 200 GET /api/health-check with 15 bytes took 1ms
02:38:14.944 200 GET /api/health-check with 15 bytes took 2ms
02:38:45.213 200 GET /api/health-check with 15 bytes took 0ms
02:39:15.553 200 GET /api/health-check with 15 bytes took 2ms
02:39:45.865 200 GET /api/health-check with 15 bytes took 5ms
02:40:16.231 200 GET /api/health-check with 15 bytes took 4ms
02:40:46.546 200 GET /api/health-check with 15 bytes took 2ms
02:41:16.904 200 GET /api/health-check with 15 bytes took 2ms
02:41:47.198 200 GET /api/health-check with 15 bytes took 2ms
02:42:17.502 200 GET /api/health-check with 15 bytes took 2ms
02:42:47.794 200 GET /api/health-check with 15 bytes took 1ms
02:43:18.071 200 GET /api/health-check with 15 bytes took 1ms
02:43:48.370 200 GET /api/health-check with 15 bytes took 2ms
02:44:18.668 200 GET /api/health-check with 15 bytes took 2ms
02:44:49.010 200 GET /api/health-check with 15 bytes took 3ms
02:45:19.344 200 GET /api/health-check with 15 bytes took 2ms
02:45:49.618 200 GET /api/health-check with 15 bytes took 2ms
02:46:19.918 200 GET /api/health-check with 15 bytes took 1ms
02:46:50.188 200 GET /api/health-check with 15 bytes took 1ms
02:47:20.508 200 GET /api/health-check with 15 bytes took 2ms
02:47:50.794 200 GET /api/health-check with 15 bytes took 1ms
02:48:21.079 200 GET /api/health-check with 15 bytes took 1ms
02:48:51.379 200 GET /api/health-check with 15 bytes took 2ms
02:49:21.677 200 GET /api/health-check with 15 bytes took 1ms
02:49:51.976 200 GET /api/health-check with 15 bytes took 2ms
02:50:22.283 200 GET /api/health-check with 15 bytes took 1ms
02:50:52.600 200 GET /api/health-check with 15 bytes took 2ms
02:51:22.878 200 GET /api/health-check with 15 bytes took 1ms
02:51:53.224 200 GET /api/health-check with 15 bytes took 2ms
02:52:23.495 200 GET /api/health-check with 15 bytes took 1ms
02:52:53.826 200 GET /api/health-check with 15 bytes took 2ms
02:53:24.147 200 GET /api/health-check with 15 bytes took 1ms
02:53:54.485 200 GET /api/health-check with 15 bytes took 1ms
02:54:24.816 200 GET /api/health-check with 15 bytes took 2ms
02:54:55.116 200 GET /api/health-check with 15 bytes took 1ms
02:55:25.449 200 GET /api/health-check with 15 bytes took 2ms
02:55:55.741 200 GET /api/health-check with 15 bytes took 1ms
02:56:26.071 200 GET /api/health-check with 15 bytes took 2ms
02:56:56.376 200 GET /api/health-check with 15 bytes took 1ms
02:57:26.694 200 GET /api/health-check with 15 bytes took 1ms
02:57:57.021 200 GET /api/health-check with 15 bytes took 1ms
02:58:27.356 200 GET /api/health-check with 15 bytes took 2ms
02:58:57.635 200 GET /api/health-check with 15 bytes took 0ms
02:59:27.949 200 GET /api/health-check with 15 bytes took 2ms
02:59:58.276 200 GET /api/health-check with 15 bytes took 1ms
03:00:28.598 200 GET /api/health-check with 15 bytes took 1ms
03:00:58.932 200 GET /api/health-check with 15 bytes took 1ms
03:01:29.245 200 GET /api/health-check with 15 bytes took 1ms
03:01:59.552 200 GET /api/health-check with 15 bytes took 1ms
03:02:29.923 200 GET /api/health-check with 15 bytes took 2ms
03:03:00.204 200 GET /api/health-check with 15 bytes took 0ms
03:03:30.518 200 GET /api/health-check with 15 bytes took 4ms
03:04:00.880 200 GET /api/health-check with 15 bytes took 2ms
03:04:31.231 200 GET /api/health-check with 15 bytes took 3ms
03:05:01.636 200 GET /api/health-check with 15 bytes took 1ms
03:05:31.972 200 GET /api/health-check with 15 bytes took 2ms
03:06:02.291 200 GET /api/health-check with 15 bytes took 1ms
03:06:32.616 200 GET /api/health-check with 15 bytes took 2ms
03:07:02.951 200 GET /api/health-check with 15 bytes took 2ms
03:07:33.260 200 GET /api/health-check with 15 bytes took 2ms
03:08:03.554 200 GET /api/health-check with 15 bytes took 2ms
03:08:33.838 200 GET /api/health-check with 15 bytes took 1ms
03:09:04.170 200 GET /api/health-check with 15 bytes took 2ms
03:09:22.133 Table counts: notes: 593, revisions: 51, attachments: 23, branches: 609, attributes: 882, etapi_tokens: 2, blobs: 251
03:09:22.157 All consistency checks passed with no errors detected (took 25ms)
03:09:34.456 200 GET /api/health-check with 15 bytes took 1ms
03:10:04.790 200 GET /api/health-check with 15 bytes took 4ms
03:10:35.073 200 GET /api/health-check with 15 bytes took 3ms
03:11:05.398 200 GET /api/health-check with 15 bytes took 2ms
03:11:35.682 200 GET /api/health-check with 15 bytes took 1ms
03:12:05.972 200 GET /api/health-check with 15 bytes took 1ms
03:12:36.307 200 GET /api/health-check with 15 bytes took 1ms
03:13:06.574 200 GET /api/health-check with 15 bytes took 1ms
03:13:36.902 200 GET /api/health-check with 15 bytes took 2ms
03:14:07.206 200 GET /api/health-check with 15 bytes took 2ms
03:14:37.515 200 GET /api/health-check with 15 bytes took 2ms
03:15:07.838 200 GET /api/health-check with 15 bytes took 2ms
03:15:38.115 200 GET /api/health-check with 15 bytes took 1ms
03:16:08.377 200 GET /api/health-check with 15 bytes took 1ms
03:16:38.721 200 GET /api/health-check with 15 bytes took 2ms
03:17:09.079 200 GET /api/health-check with 15 bytes took 2ms
03:17:39.358 200 GET /api/health-check with 15 bytes took 1ms
03:18:09.650 200 GET /api/health-check with 15 bytes took 2ms
03:18:39.958 200 GET /api/health-check with 15 bytes took 5ms
03:19:10.275 200 GET /api/health-check with 15 bytes took 1ms
03:19:40.563 200 GET /api/health-check with 15 bytes took 1ms
03:20:10.883 200 GET /api/health-check with 15 bytes took 1ms
03:20:41.194 200 GET /api/health-check with 15 bytes took 1ms
03:21:11.513 200 GET /api/health-check with 15 bytes took 1ms
03:21:41.823 200 GET /api/health-check with 15 bytes took 2ms
03:22:12.108 200 GET /api/health-check with 15 bytes took 1ms
03:22:42.420 200 GET /api/health-check with 15 bytes took 2ms
03:23:12.712 200 GET /api/health-check with 15 bytes took 3ms
03:23:43.013 200 GET /api/health-check with 15 bytes took 2ms
03:24:13.325 200 GET /api/health-check with 15 bytes took 0ms
03:24:43.658 200 GET /api/health-check with 15 bytes took 1ms
03:25:13.934 200 GET /api/health-check with 15 bytes took 1ms
03:25:44.286 200 GET /api/health-check with 15 bytes took 2ms
03:26:14.601 200 GET /api/health-check with 15 bytes took 1ms
03:26:44.911 200 GET /api/health-check with 15 bytes took 1ms
03:27:15.202 200 GET /api/health-check with 15 bytes took 2ms
03:27:45.466 200 GET /api/health-check with 15 bytes took 1ms
03:28:15.761 200 GET /api/health-check with 15 bytes took 2ms
03:28:46.062 200 GET /api/health-check with 15 bytes took 1ms
03:29:16.391 200 GET /api/health-check with 15 bytes took 1ms
03:29:46.692 200 GET /api/health-check with 15 bytes took 1ms
03:30:17.060 200 GET /api/health-check with 15 bytes took 2ms
03:30:47.389 200 GET /api/health-check with 15 bytes took 1ms
03:31:17.752 200 GET /api/health-check with 15 bytes took 1ms
03:31:48.061 200 GET /api/health-check with 15 bytes took 1ms
03:32:18.393 200 GET /api/health-check with 15 bytes took 1ms
03:32:48.698 200 GET /api/health-check with 15 bytes took 1ms
03:33:19.001 200 GET /api/health-check with 15 bytes took 2ms
03:33:49.354 200 GET /api/health-check with 15 bytes took 1ms
03:34:19.668 200 GET /api/health-check with 15 bytes took 1ms
03:34:49.953 200 GET /api/health-check with 15 bytes took 1ms
03:35:20.273 200 GET /api/health-check with 15 bytes took 5ms
03:35:50.577 200 GET /api/health-check with 15 bytes took 1ms
03:36:20.848 200 GET /api/health-check with 15 bytes took 1ms
03:36:51.157 200 GET /api/health-check with 15 bytes took 2ms
03:37:21.449 200 GET /api/health-check with 15 bytes took 0ms
03:37:51.763 200 GET /api/health-check with 15 bytes took 2ms
03:38:22.047 200 GET /api/health-check with 15 bytes took 1ms
03:38:52.348 200 GET /api/health-check with 15 bytes took 2ms
03:39:22.632 200 GET /api/health-check with 15 bytes took 1ms
03:39:52.984 200 GET /api/health-check with 15 bytes took 1ms
03:40:23.280 200 GET /api/health-check with 15 bytes took 2ms
03:40:53.580 200 GET /api/health-check with 15 bytes took 2ms
03:41:23.980 200 GET /api/health-check with 15 bytes took 1ms
03:41:54.284 200 GET /api/health-check with 15 bytes took 1ms
03:42:24.558 200 GET /api/health-check with 15 bytes took 1ms
03:42:54.848 200 GET /api/health-check with 15 bytes took 2ms
03:43:25.133 200 GET /api/health-check with 15 bytes took 0ms
03:43:55.432 200 GET /api/health-check with 15 bytes took 1ms
03:44:25.740 200 GET /api/health-check with 15 bytes took 1ms
03:44:56.057 200 GET /api/health-check with 15 bytes took 2ms
03:45:26.353 200 GET /api/health-check with 15 bytes took 1ms
03:45:56.697 200 GET /api/health-check with 15 bytes took 3ms
03:46:27.019 200 GET /api/health-check with 15 bytes took 3ms
03:46:57.332 200 GET /api/health-check with 15 bytes took 2ms
03:47:27.638 200 GET /api/health-check with 15 bytes took 1ms
03:47:58.011 200 GET /api/health-check with 15 bytes took 2ms
03:48:28.285 200 GET /api/health-check with 15 bytes took 1ms
03:48:58.612 200 GET /api/health-check with 15 bytes took 2ms
03:49:28.917 200 GET /api/health-check with 15 bytes took 1ms
03:49:59.241 200 GET /api/health-check with 15 bytes took 2ms
03:50:29.544 200 GET /api/health-check with 15 bytes took 1ms
03:50:59.852 200 GET /api/health-check with 15 bytes took 1ms
03:51:30.185 200 GET /api/health-check with 15 bytes took 1ms
03:52:00.564 200 GET /api/health-check with 15 bytes took 1ms
03:52:30.892 200 GET /api/health-check with 15 bytes took 2ms
03:53:01.205 200 GET /api/health-check with 15 bytes took 1ms
03:53:31.518 200 GET /api/health-check with 15 bytes took 2ms
03:54:01.872 200 GET /api/health-check with 15 bytes took 1ms
03:54:32.209 200 GET /api/health-check with 15 bytes took 5ms
03:55:02.581 200 GET /api/health-check with 15 bytes took 3ms
03:55:32.948 200 GET /api/health-check with 15 bytes took 2ms
03:56:03.265 200 GET /api/health-check with 15 bytes took 2ms
03:56:33.590 200 GET /api/health-check with 15 bytes took 2ms
03:57:03.907 200 GET /api/health-check with 15 bytes took 3ms
03:57:34.226 200 GET /api/health-check with 15 bytes took 1ms
03:58:04.521 200 GET /api/health-check with 15 bytes took 4ms
03:58:34.837 200 GET /api/health-check with 15 bytes took 1ms
03:59:05.144 200 GET /api/health-check with 15 bytes took 1ms
03:59:35.453 200 GET /api/health-check with 15 bytes took 2ms
04:00:05.756 200 GET /api/health-check with 15 bytes took 1ms
04:00:36.072 200 GET /api/health-check with 15 bytes took 1ms
04:01:06.394 200 GET /api/health-check with 15 bytes took 2ms
04:01:36.750 200 GET /api/health-check with 15 bytes took 2ms
04:02:07.071 200 GET /api/health-check with 15 bytes took 3ms
04:02:37.367 200 GET /api/health-check with 15 bytes took 1ms
04:03:07.675 200 GET /api/health-check with 15 bytes took 3ms
04:03:37.970 200 GET /api/health-check with 15 bytes took 5ms
04:04:08.286 200 GET /api/health-check with 15 bytes took 1ms
04:04:38.584 200 GET /api/health-check with 15 bytes took 2ms
04:05:08.884 200 GET /api/health-check with 15 bytes took 1ms
04:05:39.167 200 GET /api/health-check with 15 bytes took 1ms
04:06:09.476 200 GET /api/health-check with 15 bytes took 2ms
04:06:39.797 200 GET /api/health-check with 15 bytes took 1ms
04:07:10.107 200 GET /api/health-check with 15 bytes took 2ms
04:07:40.383 200 GET /api/health-check with 15 bytes took 1ms
04:08:10.748 200 GET /api/health-check with 15 bytes took 4ms
04:08:41.052 200 GET /api/health-check with 15 bytes took 1ms
04:09:11.389 200 GET /api/health-check with 15 bytes took 1ms
04:09:22.136 Table counts: notes: 593, revisions: 51, attachments: 23, branches: 609, attributes: 882, etapi_tokens: 2, blobs: 251
04:09:22.163 All consistency checks passed with no errors detected (took 28ms)
04:09:41.707 200 GET /api/health-check with 15 bytes took 1ms
04:10:12.021 200 GET /api/health-check with 15 bytes took 1ms
04:10:42.339 200 GET /api/health-check with 15 bytes took 2ms
04:11:12.723 200 GET /api/health-check with 15 bytes took 1ms
04:11:43.041 200 GET /api/health-check with 15 bytes took 1ms
04:12:13.389 200 GET /api/health-check with 15 bytes took 1ms
04:12:43.699 200 GET /api/health-check with 15 bytes took 1ms
04:13:14.026 200 GET /api/health-check with 15 bytes took 2ms
04:13:44.322 200 GET /api/health-check with 15 bytes took 1ms
04:14:14.667 200 GET /api/health-check with 15 bytes took 2ms
04:14:44.954 200 GET /api/health-check with 15 bytes took 1ms
04:15:15.257 200 GET /api/health-check with 15 bytes took 2ms
04:15:45.554 200 GET /api/health-check with 15 bytes took 2ms
04:16:15.887 200 GET /api/health-check with 15 bytes took 3ms
04:16:46.221 200 GET /api/health-check with 15 bytes took 1ms
04:17:16.549 200 GET /api/health-check with 15 bytes took 1ms
04:17:46.846 200 GET /api/health-check with 15 bytes took 2ms
04:18:17.171 200 GET /api/health-check with 15 bytes took 1ms
04:18:47.480 200 GET /api/health-check with 15 bytes took 2ms
04:19:17.782 200 GET /api/health-check with 15 bytes took 2ms
04:19:48.098 200 GET /api/health-check with 15 bytes took 2ms
04:20:18.422 200 GET /api/health-check with 15 bytes took 6ms
04:20:48.706 200 GET /api/health-check with 15 bytes took 1ms
04:21:19.040 200 GET /api/health-check with 15 bytes took 3ms
04:21:49.364 200 GET /api/health-check with 15 bytes took 2ms
04:22:19.672 200 GET /api/health-check with 15 bytes took 1ms
04:22:49.976 200 GET /api/health-check with 15 bytes took 2ms
04:23:20.281 200 GET /api/health-check with 15 bytes took 1ms
04:23:50.574 200 GET /api/health-check with 15 bytes took 1ms
04:24:20.861 200 GET /api/health-check with 15 bytes took 1ms
04:24:51.154 200 GET /api/health-check with 15 bytes took 1ms
04:25:21.466 200 GET /api/health-check with 15 bytes took 1ms
04:25:51.789 200 GET /api/health-check with 15 bytes took 1ms
04:26:22.106 200 GET /api/health-check with 15 bytes took 1ms
04:26:52.407 200 GET /api/health-check with 15 bytes took 1ms
04:27:22.688 200 GET /api/health-check with 15 bytes took 2ms
04:27:52.980 200 GET /api/health-check with 15 bytes took 1ms
04:28:23.289 200 GET /api/health-check with 15 bytes took 2ms
04:28:53.606 200 GET /api/health-check with 15 bytes took 1ms
04:29:23.995 200 GET /api/health-check with 15 bytes took 1ms
04:29:54.318 200 GET /api/health-check with 15 bytes took 1ms
04:30:24.636 200 GET /api/health-check with 15 bytes took 2ms
04:30:54.960 200 GET /api/health-check with 15 bytes took 1ms
04:31:25.283 200 GET /api/health-check with 15 bytes took 1ms
04:31:55.575 200 GET /api/health-check with 15 bytes took 2ms
04:32:25.865 200 GET /api/health-check with 15 bytes took 1ms
04:32:56.185 200 GET /api/health-check with 15 bytes took 2ms
04:33:26.483 200 GET /api/health-check with 15 bytes took 1ms
04:33:56.790 200 GET /api/health-check with 15 bytes took 1ms
04:34:27.100 200 GET /api/health-check with 15 bytes took 1ms
04:34:57.424 200 GET /api/health-check with 15 bytes took 2ms
04:35:27.756 200 GET /api/health-check with 15 bytes took 4ms
04:35:58.050 200 GET /api/health-check with 15 bytes took 4ms
04:36:28.369 200 GET /api/health-check with 15 bytes took 1ms
04:36:58.671 200 GET /api/health-check with 15 bytes took 2ms
04:37:28.958 200 GET /api/health-check with 15 bytes took 1ms
04:37:59.262 200 GET /api/health-check with 15 bytes took 1ms
04:38:29.550 200 GET /api/health-check with 15 bytes took 1ms
04:38:59.830 200 GET /api/health-check with 15 bytes took 0ms
04:39:30.114 200 GET /api/health-check with 15 bytes took 1ms
04:40:00.438 200 GET /api/health-check with 15 bytes took 2ms
04:40:30.766 200 GET /api/health-check with 15 bytes took 2ms
04:41:01.080 200 GET /api/health-check with 15 bytes took 0ms
04:41:31.381 200 GET /api/health-check with 15 bytes took 2ms
04:42:01.689 200 GET /api/health-check with 15 bytes took 1ms
04:42:31.988 200 GET /api/health-check with 15 bytes took 2ms
04:43:02.273 200 GET /api/health-check with 15 bytes took 1ms
04:43:32.595 200 GET /api/health-check with 15 bytes took 1ms
04:44:02.902 200 GET /api/health-check with 15 bytes took 1ms
04:44:33.207 200 GET /api/health-check with 15 bytes took 2ms
04:45:03.534 200 GET /api/health-check with 15 bytes took 1ms
04:45:33.858 200 GET /api/health-check with 15 bytes took 1ms
04:46:04.177 200 GET /api/health-check with 15 bytes took 2ms
04:46:34.461 200 GET /api/health-check with 15 bytes took 2ms
04:47:04.761 200 GET /api/health-check with 15 bytes took 1ms
04:47:35.078 200 GET /api/health-check with 15 bytes took 1ms
04:48:05.383 200 GET /api/health-check with 15 bytes took 1ms
04:48:35.750 200 GET /api/health-check with 15 bytes took 5ms
04:49:06.021 200 GET /api/health-check with 15 bytes took 1ms
04:49:36.348 200 GET /api/health-check with 15 bytes took 2ms
04:50:06.681 200 GET /api/health-check with 15 bytes took 2ms
04:50:36.989 200 GET /api/health-check with 15 bytes took 2ms
04:51:07.309 200 GET /api/health-check with 15 bytes took 5ms
04:51:37.614 200 GET /api/health-check with 15 bytes took 2ms
04:52:07.915 200 GET /api/health-check with 15 bytes took 2ms
04:52:38.228 200 GET /api/health-check with 15 bytes took 1ms
04:53:08.541 200 GET /api/health-check with 15 bytes took 1ms
04:53:38.850 200 GET /api/health-check with 15 bytes took 1ms
04:54:09.167 200 GET /api/health-check with 15 bytes took 3ms
04:54:39.481 200 GET /api/health-check with 15 bytes took 0ms
04:55:09.827 200 GET /api/health-check with 15 bytes took 1ms
04:55:40.132 200 GET /api/health-check with 15 bytes took 1ms
04:56:10.423 200 GET /api/health-check with 15 bytes took 2ms
04:56:40.741 200 GET /api/health-check with 15 bytes took 1ms
04:57:11.049 200 GET /api/health-check with 15 bytes took 1ms
04:57:41.386 200 GET /api/health-check with 15 bytes took 1ms
04:58:11.678 200 GET /api/health-check with 15 bytes took 1ms
04:58:41.976 200 GET /api/health-check with 15 bytes took 1ms
04:59:12.270 200 GET /api/health-check with 15 bytes took 1ms
04:59:42.578 200 GET /api/health-check with 15 bytes took 2ms
05:00:12.873 200 GET /api/health-check with 15 bytes took 1ms
05:00:43.186 200 GET /api/health-check with 15 bytes took 2ms
05:01:13.517 200 GET /api/health-check with 15 bytes took 1ms
05:01:43.822 200 GET /api/health-check with 15 bytes took 1ms
05:02:14.144 200 GET /api/health-check with 15 bytes took 2ms
05:02:44.414 200 GET /api/health-check with 15 bytes took 1ms
05:03:14.747 200 GET /api/health-check with 15 bytes took 3ms
05:03:45.073 200 GET /api/health-check with 15 bytes took 1ms
05:04:15.364 200 GET /api/health-check with 15 bytes took 1ms
05:04:45.700 200 GET /api/health-check with 15 bytes took 1ms
05:05:16.048 200 GET /api/health-check with 15 bytes took 2ms
05:05:46.390 200 GET /api/health-check with 15 bytes took 2ms
05:06:16.682 200 GET /api/health-check with 15 bytes took 1ms
05:06:46.992 200 GET /api/health-check with 15 bytes took 2ms
05:07:17.287 200 GET /api/health-check with 15 bytes took 1ms
05:07:47.591 200 GET /api/health-check with 15 bytes took 2ms
05:08:17.899 200 GET /api/health-check with 15 bytes took 1ms
05:08:48.251 200 GET /api/health-check with 15 bytes took 1ms
05:09:18.542 200 GET /api/health-check with 15 bytes took 1ms
05:09:21.664 Optimizing database
05:09:21.665 Optimization finished in 0ms.
05:09:21.835 Creating backup...
05:09:21.875 Created backup at /home/node/trilium-data/backup/backup-weekly.db
05:09:22.136 Table counts: notes: 593, revisions: 51, attachments: 23, branches: 609, attributes: 882, etapi_tokens: 2, blobs: 251
05:09:22.161 All consistency checks passed with no errors detected (took 26ms)
05:09:22.328 Updating attribute _help_Un4wj2Mak2Ky_ldocName from "User Guide/User Guide/Installation & Setup/Server Installation/Nix flake.clone" to "User Guide/User Guide/Installation & Setup/Desktop Installation/Nix flake"
05:09:22.330 Updating attribute _help_Un4wj2Mak2Ky_liconClass from "bx bx-file" to "bx bxl-tux"
05:09:22.332 Updating attribute _help_Un4wj2Mak2Ky_ldocName from "User Guide/User Guide/Installation & Setup/Desktop Installation/Nix flake" to "User Guide/User Guide/Installation & Setup/Server Installation/Nix flake.clone"
05:09:22.333 Updating attribute _help_Un4wj2Mak2Ky_liconClass from "bx bxl-tux" to "bx bx-file"
05:09:22.335 Updating attribute _help_ZjLYv08Rp3qC_ldocName from "User Guide/User Guide/Basic Concepts and Features/Navigation/Quick edit.clone" to "User Guide/User Guide/Basic Concepts and Features/UI Elements/Quick edit"
05:09:22.336 Updating attribute _help_ZjLYv08Rp3qC_ldocName from "User Guide/User Guide/Basic Concepts and Features/UI Elements/Quick edit" to "User Guide/User Guide/Basic Concepts and Features/Navigation/Quick edit.clone"
05:09:48.867 200 GET /api/health-check with 15 bytes took 2ms
05:10:19.184 200 GET /api/health-check with 15 bytes took 2ms
05:10:49.484 200 GET /api/health-check with 15 bytes took 2ms
05:11:19.758 200 GET /api/health-check with 15 bytes took 1ms
05:11:50.082 200 GET /api/health-check with 15 bytes took 2ms
05:12:20.370 200 GET /api/health-check with 15 bytes took 2ms
05:12:50.774 200 GET /api/health-check with 15 bytes took 2ms
05:13:21.100 200 GET /api/health-check with 15 bytes took 1ms
05:13:51.389 200 GET /api/health-check with 15 bytes took 1ms
05:14:21.694 200 GET /api/health-check with 15 bytes took 1ms
05:14:52.018 200 GET /api/health-check with 15 bytes took 1ms
05:15:22.338 200 GET /api/health-check with 15 bytes took 5ms
05:15:52.648 200 GET /api/health-check with 15 bytes took 2ms
05:16:22.971 200 GET /api/health-check with 15 bytes took 2ms
05:16:53.282 200 GET /api/health-check with 15 bytes took 2ms
05:17:23.701 200 GET /api/health-check with 15 bytes took 1ms
05:17:54.024 200 GET /api/health-check with 15 bytes took 2ms
05:18:24.318 200 GET /api/health-check with 15 bytes took 3ms
05:18:54.603 200 GET /api/health-check with 15 bytes took 1ms
05:19:24.949 200 GET /api/health-check with 15 bytes took 1ms
05:19:55.247 200 GET /api/health-check with 15 bytes took 1ms
05:20:25.563 200 GET /api/health-check with 15 bytes took 2ms
05:20:55.863 200 GET /api/health-check with 15 bytes took 1ms
05:21:26.160 200 GET /api/health-check with 15 bytes took 2ms
05:21:56.478 200 GET /api/health-check with 15 bytes took 1ms
05:22:26.771 200 GET /api/health-check with 15 bytes took 1ms
05:22:57.085 200 GET /api/health-check with 15 bytes took 1ms
05:23:27.398 200 GET /api/health-check with 15 bytes took 2ms
05:23:57.698 200 GET /api/health-check with 15 bytes took 1ms
05:24:28.001 200 GET /api/health-check with 15 bytes took 1ms
05:24:58.405 200 GET /api/health-check with 15 bytes took 2ms
05:25:28.723 200 GET /api/health-check with 15 bytes took 1ms
05:25:59.043 200 GET /api/health-check with 15 bytes took 1ms
05:26:29.361 200 GET /api/health-check with 15 bytes took 2ms
05:26:59.682 200 GET /api/health-check with 15 bytes took 1ms
05:27:30.013 200 GET /api/health-check with 15 bytes took 2ms
05:28:00.326 200 GET /api/health-check with 15 bytes took 1ms
05:28:30.662 200 GET /api/health-check with 15 bytes took 2ms
05:29:01.009 200 GET /api/health-check with 15 bytes took 2ms
05:29:31.316 200 GET /api/health-check with 15 bytes took 2ms
05:30:01.722 200 GET /api/health-check with 15 bytes took 2ms
05:30:32.093 200 GET /api/health-check with 15 bytes took 2ms
05:31:02.406 200 GET /api/health-check with 15 bytes took 1ms
05:31:32.741 200 GET /api/health-check with 15 bytes took 2ms
05:32:03.092 200 GET /api/health-check with 15 bytes took 1ms
05:32:33.388 200 GET /api/health-check with 15 bytes took 2ms
05:33:03.700 200 GET /api/health-check with 15 bytes took 1ms
05:33:34.023 200 GET /api/health-check with 15 bytes took 1ms
05:34:04.377 200 GET /api/health-check with 15 bytes took 1ms
05:34:34.691 200 GET /api/health-check with 15 bytes took 1ms
05:35:05.012 200 GET /api/health-check with 15 bytes took 2ms
05:35:35.338 200 GET /api/health-check with 15 bytes took 3ms
05:36:05.679 200 GET /api/health-check with 15 bytes took 2ms
05:36:35.965 200 GET /api/health-check with 15 bytes took 1ms
05:37:06.295 200 GET /api/health-check with 15 bytes took 1ms
05:37:36.573 200 GET /api/health-check with 15 bytes took 1ms
05:38:06.888 200 GET /api/health-check with 15 bytes took 1ms
05:38:37.184 200 GET /api/health-check with 15 bytes took 1ms
05:39:07.498 200 GET /api/health-check with 15 bytes took 2ms
05:39:37.814 200 GET /api/health-check with 15 bytes took 2ms
05:40:08.142 200 GET /api/health-check with 15 bytes took 1ms
05:40:38.460 200 GET /api/health-check with 15 bytes took 3ms
05:41:08.757 200 GET /api/health-check with 15 bytes took 2ms
05:41:39.075 200 GET /api/health-check with 15 bytes took 2ms
05:42:09.389 200 GET /api/health-check with 15 bytes took 1ms
05:42:39.686 200 GET /api/health-check with 15 bytes took 1ms
05:43:09.995 200 GET /api/health-check with 15 bytes took 1ms
05:43:40.303 200 GET /api/health-check with 15 bytes took 2ms
05:44:10.629 200 GET /api/health-check with 15 bytes took 1ms
05:44:40.904 200 GET /api/health-check with 15 bytes took 1ms
05:45:11.244 200 GET /api/health-check with 15 bytes took 2ms
05:45:41.548 200 GET /api/health-check with 15 bytes took 1ms
05:46:11.833 200 GET /api/health-check with 15 bytes took 1ms
05:46:42.172 200 GET /api/health-check with 15 bytes took 1ms
05:47:12.476 200 GET /api/health-check with 15 bytes took 1ms
05:47:42.755 200 GET /api/health-check with 15 bytes took 1ms
05:48:13.056 200 GET /api/health-check with 15 bytes took 2ms
05:48:43.361 200 GET /api/health-check with 15 bytes took 1ms
05:49:13.680 200 GET /api/health-check with 15 bytes took 3ms
05:49:44.022 200 GET /api/health-check with 15 bytes took 1ms
05:50:14.331 200 GET /api/health-check with 15 bytes took 2ms
05:50:44.664 200 GET /api/health-check with 15 bytes took 1ms
05:51:14.975 200 GET /api/health-check with 15 bytes took 1ms
05:51:45.285 200 GET /api/health-check with 15 bytes took 2ms
05:52:15.576 200 GET /api/health-check with 15 bytes took 1ms
05:52:45.911 200 GET /api/health-check with 15 bytes took 1ms
05:53:16.218 200 GET /api/health-check with 15 bytes took 1ms
05:53:46.520 200 GET /api/health-check with 15 bytes took 1ms
05:54:16.817 200 GET /api/health-check with 15 bytes took 2ms
05:54:47.094 200 GET /api/health-check with 15 bytes took 1ms
05:55:17.443 200 GET /api/health-check with 15 bytes took 3ms
05:55:47.782 200 GET /api/health-check with 15 bytes took 1ms
05:56:18.100 200 GET /api/health-check with 15 bytes took 2ms
05:56:48.421 200 GET /api/health-check with 15 bytes took 1ms
05:57:18.728 200 GET /api/health-check with 15 bytes took 2ms
05:57:49.041 200 GET /api/health-check with 15 bytes took 1ms
05:58:19.344 200 GET /api/health-check with 15 bytes took 1ms
05:58:49.631 200 GET /api/health-check with 15 bytes took 0ms
05:59:19.958 200 GET /api/health-check with 15 bytes took 2ms
05:59:50.227 200 GET /api/health-check with 15 bytes took 1ms
