00:00:13.501 200 GET /api/health-check with 15 bytes took 4ms
00:00:43.794 200 GET /api/health-check with 15 bytes took 1ms
00:01:14.125 200 GET /api/health-check with 15 bytes took 2ms
00:01:44.467 200 GET /api/health-check with 15 bytes took 2ms
00:02:14.772 200 GET /api/health-check with 15 bytes took 1ms
00:02:45.058 200 GET /api/health-check with 15 bytes took 4ms
00:03:15.370 200 GET /api/health-check with 15 bytes took 2ms
00:03:45.681 200 GET /api/health-check with 15 bytes took 2ms
00:04:15.979 200 GET /api/health-check with 15 bytes took 1ms
00:04:46.279 200 GET /api/health-check with 15 bytes took 2ms
00:05:16.590 200 GET /api/health-check with 15 bytes took 4ms
00:05:46.883 200 GET /api/health-check with 15 bytes took 2ms
00:06:17.222 200 GET /api/health-check with 15 bytes took 2ms
00:06:47.514 200 GET /api/health-check with 15 bytes took 2ms
00:07:17.839 200 GET /api/health-check with 15 bytes took 2ms
00:07:48.196 200 GET /api/health-check with 15 bytes took 2ms
00:08:18.272 204 PUT /api/branches/MIbnTlw1nEtY_aUGpXYoDrkVJ/expanded/0 with 0 bytes took 3ms
00:08:18.426 204 PUT /api/branches/CpQLtXgYMQNW_MIbnTlw1nEtY/expanded/0 with 0 bytes took 2ms
00:08:18.492 200 GET /api/health-check with 15 bytes took 1ms
00:08:48.773 200 GET /api/health-check with 15 bytes took 3ms
00:09:19.092 200 GET /api/health-check with 15 bytes took 2ms
00:09:22.233 Table counts: notes: 595, revisions: 51, attachments: 23, branches: 611, attributes: 882, etapi_tokens: 2, blobs: 252
00:09:22.269 All consistency checks passed with no errors detected (took 37ms)
00:09:49.429 200 GET /api/health-check with 15 bytes took 5ms
00:10:19.717 200 GET /api/health-check with 15 bytes took 2ms
00:10:50.009 200 GET /api/health-check with 15 bytes took 3ms
00:11:20.336 200 GET /api/health-check with 15 bytes took 2ms
00:11:50.629 200 GET /api/health-check with 15 bytes took 2ms
00:12:20.946 200 GET /api/health-check with 15 bytes took 2ms
00:12:51.224 200 GET /api/health-check with 15 bytes took 2ms
00:13:21.547 200 GET /api/health-check with 15 bytes took 1ms
00:13:51.877 200 GET /api/health-check with 15 bytes took 2ms
00:14:22.187 200 GET /api/health-check with 15 bytes took 2ms
00:14:52.479 200 GET /api/health-check with 15 bytes took 2ms
00:15:22.766 200 GET /api/health-check with 15 bytes took 2ms
00:15:53.076 200 GET /api/health-check with 15 bytes took 2ms
00:16:23.350 200 GET /api/health-check with 15 bytes took 1ms
00:16:53.676 200 GET /api/health-check with 15 bytes took 2ms
00:17:24.047 200 GET /api/health-check with 15 bytes took 1ms
00:17:54.308 200 GET /api/health-check with 15 bytes took 1ms
00:18:24.606 200 GET /api/health-check with 15 bytes took 2ms
00:18:54.896 200 GET /api/health-check with 15 bytes took 2ms
00:19:25.236 200 GET /api/health-check with 15 bytes took 1ms
00:19:55.545 200 GET /api/health-check with 15 bytes took 4ms
00:20:25.875 200 GET /api/health-check with 15 bytes took 2ms
00:20:56.184 200 GET /api/health-check with 15 bytes took 2ms
00:21:26.466 200 GET /api/health-check with 15 bytes took 2ms
00:21:56.761 200 GET /api/health-check with 15 bytes took 1ms
00:22:27.075 200 GET /api/health-check with 15 bytes took 2ms
00:22:57.389 200 GET /api/health-check with 15 bytes took 2ms
00:23:27.691 200 GET /api/health-check with 15 bytes took 2ms
00:23:58.022 200 GET /api/health-check with 15 bytes took 2ms
00:24:28.334 200 GET /api/health-check with 15 bytes took 1ms
00:24:58.630 200 GET /api/health-check with 15 bytes took 4ms
00:25:28.934 200 GET /api/health-check with 15 bytes took 2ms
00:25:59.238 200 GET /api/health-check with 15 bytes took 2ms
00:26:29.566 200 GET /api/health-check with 15 bytes took 2ms
00:26:59.841 200 GET /api/health-check with 15 bytes took 1ms
00:27:30.181 200 GET /api/health-check with 15 bytes took 3ms
00:28:00.535 200 GET /api/health-check with 15 bytes took 2ms
00:28:30.876 200 GET /api/health-check with 15 bytes took 2ms
00:29:01.225 200 GET /api/health-check with 15 bytes took 2ms
00:29:31.552 200 GET /api/health-check with 15 bytes took 3ms
00:30:01.914 200 GET /api/health-check with 15 bytes took 6ms
00:30:32.213 200 GET /api/health-check with 15 bytes took 2ms
00:31:02.558 200 GET /api/health-check with 15 bytes took 3ms
00:31:32.945 200 GET /api/health-check with 15 bytes took 3ms
00:32:03.326 200 GET /api/health-check with 15 bytes took 4ms
00:32:33.672 200 GET /api/health-check with 15 bytes took 5ms
00:33:03.979 200 GET /api/health-check with 15 bytes took 3ms
00:33:34.284 200 GET /api/health-check with 15 bytes took 2ms
00:34:04.641 200 GET /api/health-check with 15 bytes took 6ms
00:34:34.966 200 GET /api/health-check with 15 bytes took 5ms
00:35:05.278 200 GET /api/health-check with 15 bytes took 3ms
00:35:35.686 Slow 200 GET /api/health-check with 15 bytes took 14ms
00:36:06.005 200 GET /api/health-check with 15 bytes took 3ms
00:36:36.310 200 GET /api/health-check with 15 bytes took 2ms
00:37:06.660 200 GET /api/health-check with 15 bytes took 3ms
00:37:36.975 200 GET /api/health-check with 15 bytes took 2ms
00:38:07.289 200 GET /api/health-check with 15 bytes took 3ms
00:38:37.636 200 GET /api/health-check with 15 bytes took 2ms
00:39:07.979 200 GET /api/health-check with 15 bytes took 2ms
00:39:38.299 200 GET /api/health-check with 15 bytes took 2ms
00:40:08.661 200 GET /api/health-check with 15 bytes took 5ms
00:40:38.968 200 GET /api/health-check with 15 bytes took 3ms
00:41:09.330 200 GET /api/health-check with 15 bytes took 6ms
00:41:39.760 200 GET /api/health-check with 15 bytes took 4ms
00:42:10.076 200 GET /api/health-check with 15 bytes took 2ms
00:42:40.402 200 GET /api/health-check with 15 bytes took 5ms
00:43:10.736 200 GET /api/health-check with 15 bytes took 2ms
00:43:41.048 200 GET /api/health-check with 15 bytes took 2ms
00:44:11.338 200 GET /api/health-check with 15 bytes took 3ms
00:44:41.636 200 GET /api/health-check with 15 bytes took 2ms
00:45:11.940 200 GET /api/health-check with 15 bytes took 2ms
00:45:42.238 200 GET /api/health-check with 15 bytes took 2ms
00:46:12.550 200 GET /api/health-check with 15 bytes took 3ms
00:46:42.863 200 GET /api/health-check with 15 bytes took 2ms
00:47:13.156 200 GET /api/health-check with 15 bytes took 2ms
00:47:43.472 200 GET /api/health-check with 15 bytes took 5ms
00:48:13.788 200 GET /api/health-check with 15 bytes took 3ms
00:48:44.103 200 GET /api/health-check with 15 bytes took 5ms
00:49:14.406 200 GET /api/health-check with 15 bytes took 5ms
00:49:44.700 200 GET /api/health-check with 15 bytes took 2ms
00:50:15.032 200 GET /api/health-check with 15 bytes took 5ms
00:50:45.382 200 GET /api/health-check with 15 bytes took 3ms
00:51:15.790 200 GET /api/health-check with 15 bytes took 4ms
00:51:46.125 200 GET /api/health-check with 15 bytes took 5ms
00:52:16.438 200 GET /api/health-check with 15 bytes took 3ms
00:52:46.727 200 GET /api/health-check with 15 bytes took 3ms
00:53:17.054 200 GET /api/health-check with 15 bytes took 2ms
00:53:47.387 200 GET /api/health-check with 15 bytes took 2ms
00:54:17.755 200 GET /api/health-check with 15 bytes took 3ms
00:54:48.048 200 GET /api/health-check with 15 bytes took 3ms
00:55:18.392 200 GET /api/health-check with 15 bytes took 2ms
00:55:48.713 200 GET /api/health-check with 15 bytes took 2ms
00:56:19.046 200 GET /api/health-check with 15 bytes took 2ms
00:56:49.394 200 GET /api/health-check with 15 bytes took 3ms
00:57:19.735 200 GET /api/health-check with 15 bytes took 3ms
00:57:50.083 200 GET /api/health-check with 15 bytes took 2ms
00:58:20.408 200 GET /api/health-check with 15 bytes took 1ms
00:58:50.811 200 GET /api/health-check with 15 bytes took 5ms
00:59:21.166 200 GET /api/health-check with 15 bytes took 5ms
00:59:51.453 200 GET /api/health-check with 15 bytes took 1ms
01:00:21.781 200 GET /api/health-check with 15 bytes took 2ms
01:00:52.150 200 GET /api/health-check with 15 bytes took 4ms
01:01:22.496 200 GET /api/health-check with 15 bytes took 2ms
01:01:52.866 200 GET /api/health-check with 15 bytes took 5ms
01:02:23.195 200 GET /api/health-check with 15 bytes took 3ms
01:02:53.672 200 GET /api/health-check with 15 bytes took 2ms
01:03:24.134 200 GET /api/health-check with 15 bytes took 6ms
01:03:54.474 200 GET /api/health-check with 15 bytes took 2ms
01:04:24.818 200 GET /api/health-check with 15 bytes took 7ms
01:04:55.150 200 GET /api/health-check with 15 bytes took 5ms
01:05:25.535 200 GET /api/health-check with 15 bytes took 1ms
01:05:55.874 200 GET /api/health-check with 15 bytes took 5ms
01:06:26.236 200 GET /api/health-check with 15 bytes took 2ms
01:06:56.541 200 GET /api/health-check with 15 bytes took 2ms
01:07:26.857 200 GET /api/health-check with 15 bytes took 2ms
01:07:57.207 200 GET /api/health-check with 15 bytes took 1ms
01:08:27.545 200 GET /api/health-check with 15 bytes took 2ms
01:08:57.868 200 GET /api/health-check with 15 bytes took 1ms
01:09:21.668 Optimizing database
01:09:21.671 Optimization finished in 2ms.
01:09:22.234 Table counts: notes: 595, revisions: 51, attachments: 23, branches: 611, attributes: 882, etapi_tokens: 2, blobs: 252
01:09:22.269 All consistency checks passed with no errors detected (took 36ms)
01:09:28.255 200 GET /api/health-check with 15 bytes took 1ms
01:09:58.565 200 GET /api/health-check with 15 bytes took 1ms
01:10:28.903 200 GET /api/health-check with 15 bytes took 2ms
01:10:59.217 200 GET /api/health-check with 15 bytes took 1ms
01:11:29.506 200 GET /api/health-check with 15 bytes took 1ms
01:11:59.840 200 GET /api/health-check with 15 bytes took 3ms
01:12:30.153 200 GET /api/health-check with 15 bytes took 5ms
01:13:00.531 200 GET /api/health-check with 15 bytes took 4ms
01:13:30.861 200 GET /api/health-check with 15 bytes took 3ms
01:14:01.158 200 GET /api/health-check with 15 bytes took 5ms
01:14:31.451 200 GET /api/health-check with 15 bytes took 2ms
01:15:01.760 200 GET /api/health-check with 15 bytes took 3ms
01:15:32.098 200 GET /api/health-check with 15 bytes took 3ms
01:16:02.441 200 GET /api/health-check with 15 bytes took 3ms
01:16:32.764 200 GET /api/health-check with 15 bytes took 4ms
01:17:03.099 200 GET /api/health-check with 15 bytes took 2ms
01:17:33.401 200 GET /api/health-check with 15 bytes took 1ms
01:18:03.720 200 GET /api/health-check with 15 bytes took 2ms
01:18:34.035 200 GET /api/health-check with 15 bytes took 1ms
01:19:04.328 200 GET /api/health-check with 15 bytes took 2ms
01:19:34.704 200 GET /api/health-check with 15 bytes took 3ms
01:20:05.026 200 GET /api/health-check with 15 bytes took 5ms
01:20:35.326 200 GET /api/health-check with 15 bytes took 3ms
01:21:05.640 200 GET /api/health-check with 15 bytes took 4ms
01:21:35.939 200 GET /api/health-check with 15 bytes took 1ms
01:22:06.254 200 GET /api/health-check with 15 bytes took 2ms
01:22:36.562 200 GET /api/health-check with 15 bytes took 0ms
01:23:06.922 200 GET /api/health-check with 15 bytes took 2ms
01:23:37.277 200 GET /api/health-check with 15 bytes took 2ms
01:24:07.587 200 GET /api/health-check with 15 bytes took 2ms
01:24:37.898 200 GET /api/health-check with 15 bytes took 1ms
01:25:08.229 200 GET /api/health-check with 15 bytes took 2ms
01:25:38.559 200 GET /api/health-check with 15 bytes took 2ms
01:26:08.872 200 GET /api/health-check with 15 bytes took 1ms
01:26:39.236 200 GET /api/health-check with 15 bytes took 3ms
01:27:09.577 200 GET /api/health-check with 15 bytes took 2ms
01:27:39.936 200 GET /api/health-check with 15 bytes took 3ms
01:28:10.270 200 GET /api/health-check with 15 bytes took 5ms
01:28:40.590 200 GET /api/health-check with 15 bytes took 3ms
01:29:10.929 200 GET /api/health-check with 15 bytes took 2ms
01:29:41.272 200 GET /api/health-check with 15 bytes took 3ms
01:30:11.622 200 GET /api/health-check with 15 bytes took 2ms
01:30:41.957 200 GET /api/health-check with 15 bytes took 2ms
01:31:12.298 200 GET /api/health-check with 15 bytes took 3ms
01:31:42.607 200 GET /api/health-check with 15 bytes took 3ms
01:32:12.924 200 GET /api/health-check with 15 bytes took 1ms
01:32:43.261 200 GET /api/health-check with 15 bytes took 1ms
01:33:13.552 200 GET /api/health-check with 15 bytes took 1ms
01:33:43.860 200 GET /api/health-check with 15 bytes took 2ms
01:34:14.225 200 GET /api/health-check with 15 bytes took 1ms
01:34:44.512 200 GET /api/health-check with 15 bytes took 1ms
01:35:14.823 200 GET /api/health-check with 15 bytes took 2ms
01:35:45.173 200 GET /api/health-check with 15 bytes took 5ms
01:36:15.482 200 GET /api/health-check with 15 bytes took 1ms
01:36:45.827 200 GET /api/health-check with 15 bytes took 2ms
01:37:16.149 200 GET /api/health-check with 15 bytes took 4ms
01:37:46.520 200 GET /api/health-check with 15 bytes took 2ms
01:38:16.935 200 GET /api/health-check with 15 bytes took 4ms
01:38:47.250 200 GET /api/health-check with 15 bytes took 2ms
01:39:17.601 200 GET /api/health-check with 15 bytes took 2ms
01:39:47.945 200 GET /api/health-check with 15 bytes took 3ms
01:40:18.268 200 GET /api/health-check with 15 bytes took 2ms
01:40:48.623 200 GET /api/health-check with 15 bytes took 1ms
01:41:18.957 200 GET /api/health-check with 15 bytes took 1ms
01:41:49.303 200 GET /api/health-check with 15 bytes took 2ms
01:42:19.649 200 GET /api/health-check with 15 bytes took 3ms
01:42:50.018 200 GET /api/health-check with 15 bytes took 2ms
01:43:20.379 200 GET /api/health-check with 15 bytes took 2ms
01:43:50.718 200 GET /api/health-check with 15 bytes took 2ms
01:44:21.058 200 GET /api/health-check with 15 bytes took 1ms
01:44:51.390 200 GET /api/health-check with 15 bytes took 2ms
01:45:21.742 200 GET /api/health-check with 15 bytes took 4ms
01:45:52.043 200 GET /api/health-check with 15 bytes took 2ms
01:46:22.407 200 GET /api/health-check with 15 bytes took 4ms
01:46:52.767 200 GET /api/health-check with 15 bytes took 2ms
01:47:23.102 200 GET /api/health-check with 15 bytes took 4ms
01:47:53.428 200 GET /api/health-check with 15 bytes took 1ms
01:48:23.966 200 GET /api/health-check with 15 bytes took 4ms
01:48:54.281 200 GET /api/health-check with 15 bytes took 3ms
01:49:24.585 200 GET /api/health-check with 15 bytes took 2ms
01:49:54.941 200 GET /api/health-check with 15 bytes took 2ms
01:50:25.241 200 GET /api/health-check with 15 bytes took 2ms
01:50:55.578 200 GET /api/health-check with 15 bytes took 3ms
01:51:25.999 200 GET /api/health-check with 15 bytes took 2ms
01:51:56.299 200 GET /api/health-check with 15 bytes took 2ms
01:52:26.620 200 GET /api/health-check with 15 bytes took 3ms
01:52:56.932 200 GET /api/health-check with 15 bytes took 2ms
01:53:27.257 200 GET /api/health-check with 15 bytes took 2ms
01:53:57.543 200 GET /api/health-check with 15 bytes took 3ms
01:54:27.906 200 GET /api/health-check with 15 bytes took 2ms
01:54:58.206 200 GET /api/health-check with 15 bytes took 1ms
01:55:28.561 200 GET /api/health-check with 15 bytes took 1ms
01:55:58.856 200 GET /api/health-check with 15 bytes took 1ms
01:56:29.156 200 GET /api/health-check with 15 bytes took 2ms
01:56:59.450 200 GET /api/health-check with 15 bytes took 5ms
01:57:29.782 200 GET /api/health-check with 15 bytes took 5ms
01:58:00.102 200 GET /api/health-check with 15 bytes took 3ms
01:58:30.422 200 GET /api/health-check with 15 bytes took 4ms
01:59:00.709 200 GET /api/health-check with 15 bytes took 1ms
01:59:30.999 200 GET /api/health-check with 15 bytes took 1ms
02:00:01.288 200 GET /api/health-check with 15 bytes took 0ms
02:00:31.603 200 GET /api/health-check with 15 bytes took 2ms
02:01:01.924 200 GET /api/health-check with 15 bytes took 1ms
02:01:32.231 200 GET /api/health-check with 15 bytes took 1ms
02:02:02.560 200 GET /api/health-check with 15 bytes took 2ms
02:02:32.882 200 GET /api/health-check with 15 bytes took 1ms
02:03:03.185 200 GET /api/health-check with 15 bytes took 1ms
02:03:33.490 200 GET /api/health-check with 15 bytes took 2ms
02:04:03.816 200 GET /api/health-check with 15 bytes took 2ms
02:04:34.115 200 GET /api/health-check with 15 bytes took 1ms
02:05:04.427 200 GET /api/health-check with 15 bytes took 1ms
02:05:34.702 200 GET /api/health-check with 15 bytes took 1ms
02:06:04.993 200 GET /api/health-check with 15 bytes took 3ms
02:06:35.340 200 GET /api/health-check with 15 bytes took 3ms
02:07:05.631 200 GET /api/health-check with 15 bytes took 0ms
02:07:35.939 200 GET /api/health-check with 15 bytes took 2ms
02:08:06.253 200 GET /api/health-check with 15 bytes took 1ms
02:08:36.556 200 GET /api/health-check with 15 bytes took 0ms
02:09:06.847 200 GET /api/health-check with 15 bytes took 1ms
02:09:22.239 Table counts: notes: 595, revisions: 51, attachments: 23, branches: 611, attributes: 882, etapi_tokens: 2, blobs: 252
02:09:22.270 All consistency checks passed with no errors detected (took 32ms)
02:09:22.329 Updating attribute _help_Un4wj2Mak2Ky_ldocName from "User Guide/User Guide/Installation & Setup/Server Installation/Nix flake.clone" to "User Guide/User Guide/Installation & Setup/Desktop Installation/Nix flake"
02:09:22.336 Updating attribute _help_Un4wj2Mak2Ky_liconClass from "bx bx-file" to "bx bxl-tux"
02:09:22.338 Updating attribute _help_Un4wj2Mak2Ky_ldocName from "User Guide/User Guide/Installation & Setup/Desktop Installation/Nix flake" to "User Guide/User Guide/Installation & Setup/Server Installation/Nix flake.clone"
02:09:22.338 Updating attribute _help_Un4wj2Mak2Ky_liconClass from "bx bxl-tux" to "bx bx-file"
02:09:22.342 Updating attribute _help_ZjLYv08Rp3qC_ldocName from "User Guide/User Guide/Basic Concepts and Features/Navigation/Quick edit.clone" to "User Guide/User Guide/Basic Concepts and Features/UI Elements/Quick edit"
02:09:22.343 Updating attribute _help_ZjLYv08Rp3qC_ldocName from "User Guide/User Guide/Basic Concepts and Features/UI Elements/Quick edit" to "User Guide/User Guide/Basic Concepts and Features/Navigation/Quick edit.clone"
02:09:37.134 200 GET /api/health-check with 15 bytes took 0ms
02:10:07.444 200 GET /api/health-check with 15 bytes took 1ms
02:10:37.731 200 GET /api/health-check with 15 bytes took 2ms
02:11:08.030 200 GET /api/health-check with 15 bytes took 1ms
02:11:38.356 200 GET /api/health-check with 15 bytes took 2ms
02:12:08.690 200 GET /api/health-check with 15 bytes took 2ms
02:12:38.989 200 GET /api/health-check with 15 bytes took 1ms
02:13:09.330 200 GET /api/health-check with 15 bytes took 2ms
02:13:39.639 200 GET /api/health-check with 15 bytes took 2ms
02:14:09.946 200 GET /api/health-check with 15 bytes took 1ms
02:14:40.255 200 GET /api/health-check with 15 bytes took 2ms
02:15:10.601 200 GET /api/health-check with 15 bytes took 2ms
02:15:40.895 200 GET /api/health-check with 15 bytes took 1ms
02:16:11.190 200 GET /api/health-check with 15 bytes took 2ms
02:16:41.527 200 GET /api/health-check with 15 bytes took 2ms
02:17:11.814 200 GET /api/health-check with 15 bytes took 0ms
02:17:42.114 200 GET /api/health-check with 15 bytes took 1ms
02:18:12.427 200 GET /api/health-check with 15 bytes took 2ms
02:18:42.687 200 GET /api/health-check with 15 bytes took 0ms
02:19:13.001 200 GET /api/health-check with 15 bytes took 4ms
02:19:43.271 200 GET /api/health-check with 15 bytes took 1ms
02:20:13.589 200 GET /api/health-check with 15 bytes took 2ms
02:20:43.901 200 GET /api/health-check with 15 bytes took 2ms
02:21:14.214 200 GET /api/health-check with 15 bytes took 2ms
02:21:44.517 200 GET /api/health-check with 15 bytes took 1ms
02:22:14.835 200 GET /api/health-check with 15 bytes took 2ms
02:22:45.102 200 GET /api/health-check with 15 bytes took 0ms
02:23:15.400 200 GET /api/health-check with 15 bytes took 2ms
02:23:45.673 200 GET /api/health-check with 15 bytes took 1ms
02:24:15.990 200 GET /api/health-check with 15 bytes took 4ms
02:24:46.278 200 GET /api/health-check with 15 bytes took 1ms
02:25:16.614 200 GET /api/health-check with 15 bytes took 1ms
02:25:46.904 200 GET /api/health-check with 15 bytes took 1ms
02:26:17.179 200 GET /api/health-check with 15 bytes took 2ms
02:26:47.472 200 GET /api/health-check with 15 bytes took 1ms
02:27:17.791 200 GET /api/health-check with 15 bytes took 1ms
02:27:48.108 200 GET /api/health-check with 15 bytes took 2ms
02:28:18.379 200 GET /api/health-check with 15 bytes took 1ms
02:28:48.664 200 GET /api/health-check with 15 bytes took 1ms
02:29:18.964 200 GET /api/health-check with 15 bytes took 1ms
02:29:49.273 200 GET /api/health-check with 15 bytes took 1ms
02:30:19.595 200 GET /api/health-check with 15 bytes took 1ms
02:30:49.877 200 GET /api/health-check with 15 bytes took 1ms
02:31:20.168 200 GET /api/health-check with 15 bytes took 1ms
02:31:50.473 200 GET /api/health-check with 15 bytes took 1ms
02:32:20.799 200 GET /api/health-check with 15 bytes took 1ms
02:32:51.127 200 GET /api/health-check with 15 bytes took 1ms
02:33:21.401 200 GET /api/health-check with 15 bytes took 2ms
02:33:51.782 200 GET /api/health-check with 15 bytes took 5ms
02:34:22.065 200 GET /api/health-check with 15 bytes took 1ms
02:34:52.357 200 GET /api/health-check with 15 bytes took 1ms
02:35:22.669 200 GET /api/health-check with 15 bytes took 1ms
02:35:52.934 200 GET /api/health-check with 15 bytes took 1ms
02:36:23.238 200 GET /api/health-check with 15 bytes took 3ms
02:36:53.530 200 GET /api/health-check with 15 bytes took 1ms
02:37:23.963 200 GET /api/health-check with 15 bytes took 1ms
02:37:54.241 200 GET /api/health-check with 15 bytes took 1ms
02:38:24.554 200 GET /api/health-check with 15 bytes took 5ms
02:38:54.885 200 GET /api/health-check with 15 bytes took 2ms
02:39:25.231 200 GET /api/health-check with 15 bytes took 2ms
02:39:55.570 200 GET /api/health-check with 15 bytes took 2ms
02:40:25.856 200 GET /api/health-check with 15 bytes took 1ms
02:40:56.141 200 GET /api/health-check with 15 bytes took 1ms
02:41:26.453 200 GET /api/health-check with 15 bytes took 2ms
02:41:56.760 200 GET /api/health-check with 15 bytes took 2ms
02:42:27.035 200 GET /api/health-check with 15 bytes took 1ms
02:42:57.373 200 GET /api/health-check with 15 bytes took 1ms
02:43:27.691 200 GET /api/health-check with 15 bytes took 2ms
02:43:57.981 200 GET /api/health-check with 15 bytes took 1ms
02:44:28.290 200 GET /api/health-check with 15 bytes took 1ms
02:44:58.602 200 GET /api/health-check with 15 bytes took 2ms
02:45:28.929 200 GET /api/health-check with 15 bytes took 1ms
02:45:59.225 200 GET /api/health-check with 15 bytes took 1ms
02:46:29.511 200 GET /api/health-check with 15 bytes took 2ms
02:46:59.809 200 GET /api/health-check with 15 bytes took 0ms
02:47:30.160 200 GET /api/health-check with 15 bytes took 3ms
02:48:00.473 200 GET /api/health-check with 15 bytes took 5ms
02:48:30.774 200 GET /api/health-check with 15 bytes took 1ms
02:49:01.078 200 GET /api/health-check with 15 bytes took 1ms
02:49:31.384 200 GET /api/health-check with 15 bytes took 2ms
02:50:01.704 200 GET /api/health-check with 15 bytes took 1ms
02:50:32.007 200 GET /api/health-check with 15 bytes took 2ms
02:51:02.297 200 GET /api/health-check with 15 bytes took 2ms
02:51:32.611 200 GET /api/health-check with 15 bytes took 1ms
02:51:51.698 CSRF token generation: Successful
02:52:00.812 404 GET /assets/v0.99.5/stylesheets/print.css
02:52:02.976 200 GET /api/health-check with 15 bytes took 1ms
02:52:33.268 200 GET /api/health-check with 15 bytes took 1ms
02:53:03.557 200 GET /api/health-check with 15 bytes took 1ms
02:53:33.869 200 GET /api/health-check with 15 bytes took 2ms
02:54:04.151 200 GET /api/health-check with 15 bytes took 1ms
02:54:34.470 200 GET /api/health-check with 15 bytes took 3ms
02:55:04.753 200 GET /api/health-check with 15 bytes took 2ms
02:55:35.069 200 GET /api/health-check with 15 bytes took 1ms
02:56:05.372 200 GET /api/health-check with 15 bytes took 2ms
02:56:35.667 200 GET /api/health-check with 15 bytes took 1ms
02:57:05.975 200 GET /api/health-check with 15 bytes took 2ms
02:57:36.301 200 GET /api/health-check with 15 bytes took 2ms
02:58:06.604 200 GET /api/health-check with 15 bytes took 1ms
02:58:36.943 200 GET /api/health-check with 15 bytes took 2ms
02:59:07.238 200 GET /api/health-check with 15 bytes took 1ms
02:59:37.559 200 GET /api/health-check with 15 bytes took 2ms
03:00:07.911 200 GET /api/health-check with 15 bytes took 1ms
03:00:38.204 200 GET /api/health-check with 15 bytes took 1ms
03:01:08.475 200 GET /api/health-check with 15 bytes took 1ms
03:01:38.774 200 GET /api/health-check with 15 bytes took 2ms
03:02:09.069 200 GET /api/health-check with 15 bytes took 2ms
03:02:39.363 200 GET /api/health-check with 15 bytes took 1ms
03:03:09.673 200 GET /api/health-check with 15 bytes took 1ms
03:03:39.969 200 GET /api/health-check with 15 bytes took 2ms
03:04:10.259 200 GET /api/health-check with 15 bytes took 1ms
03:04:40.538 200 GET /api/health-check with 15 bytes took 2ms
03:05:10.835 200 GET /api/health-check with 15 bytes took 1ms
03:05:41.136 200 GET /api/health-check with 15 bytes took 1ms
03:06:11.444 200 GET /api/health-check with 15 bytes took 1ms
03:06:41.791 200 GET /api/health-check with 15 bytes took 2ms
03:07:12.106 200 GET /api/health-check with 15 bytes took 1ms
03:07:42.391 200 GET /api/health-check with 15 bytes took 2ms
03:08:12.654 200 GET /api/health-check with 15 bytes took 1ms
03:08:38.063 CSRF token generation: Successful
03:08:40.560 404 GET /assets/v0.99.5/stylesheets/print.css
03:08:42.968 200 GET /api/health-check with 15 bytes took 0ms
03:08:43.438 200 GET /api/tree with 15691 bytes took 4ms
03:08:43.456 200 GET /api/options with 8989 bytes took 1ms
03:08:43.488 200 GET /api/autocomplete/notesCount with 3 bytes took 1ms
03:08:43.512 Slow 200 GET /api/keyboard-actions with 18473 bytes took 16ms
03:08:43.769 200 GET /api/options/locales with 1023 bytes took 2ms
03:08:44.703 200 GET /api/script/widgets with 2829 bytes took 2ms
03:08:45.003 200 POST /api/tree/load with 4895 bytes took 2ms
03:08:51.486 200 GET /api/keyboard-shortcuts-for-notes with 2 bytes took 2ms
03:08:51.496 200 POST /api/tree/load with 6719 bytes took 2ms
03:08:51.497 200 GET /api/system-checks with 27 bytes took 1ms
03:08:51.505 200 GET /api/sql/schema with 7987 bytes took 4ms
03:08:51.545 304 GET /api/notes/KavEmTQMXLfq/blob with 284 bytes took 2ms
03:08:51.787 200 POST /api/tree/load with 21526 bytes took 4ms
03:08:51.831 JS Info: Creating new CKEditor
03:08:51.851 200 GET /api/search/%23textSnippet with 2 bytes took 6ms
03:08:52.324 200 GET /api/recent-changes/undefined with 2 bytes took 5ms
03:08:52.337 200 POST /api/tree/load with 4679 bytes took 7ms
03:08:52.754 200 POST /api/tree/load with 14650 bytes took 3ms
03:08:53.050 200 GET /api/notes/root with 315 bytes took 1ms
03:08:53.164 204 PUT /api/options with 0 bytes took 3ms
03:08:53.191 200 GET /api/note-map/KavEmTQMXLfq/backlink-count with 11 bytes took 5ms
03:08:53.196 200 GET /api/notes/KavEmTQMXLfq/attachments with 2 bytes took 3ms
03:08:53.352 200 GET /api/notes/_template_text_snippet with 333 bytes took 1ms
03:08:53.640 200 GET /api/notes/_template_list_view with 321 bytes took 2ms
03:08:53.930 200 GET /api/notes/_template_grid_view with 321 bytes took 1ms
03:08:54.166 200 GET /api/script/startup with 2 bytes took 2ms
03:08:54.227 200 GET /api/notes/_template_calendar with 318 bytes took 2ms
03:08:54.514 200 GET /api/notes/_template_table with 315 bytes took 1ms
03:08:54.812 200 GET /api/notes/_template_geo_map with 319 bytes took 2ms
03:08:55.106 200 GET /api/notes/_template_board with 315 bytes took 1ms
03:08:55.396 200 GET /api/notes/_template_presentation with 322 bytes took 2ms
03:08:55.688 200 GET /api/search-templates with 16 bytes took 2ms
03:08:55.980 200 POST /api/tree/load with 5793 bytes took 2ms
03:08:56.279 200 GET /api/notes/9BVdgdj9Kcyp with 332 bytes took 1ms
03:09:13.236 200 GET /api/health-check with 15 bytes took 1ms
03:09:16.773 JS Info: CKEditor state changed to ready
03:09:16.781 304 GET /api/notes/KavEmTQMXLfq/blob with 284 bytes took 1ms
03:09:22.238 Table counts: notes: 595, revisions: 51, attachments: 23, branches: 611, attributes: 882, etapi_tokens: 2, blobs: 252
03:09:22.265 All consistency checks passed with no errors detected (took 27ms)
03:09:43.588 200 GET /api/health-check with 15 bytes took 3ms
03:10:13.893 200 GET /api/health-check with 15 bytes took 2ms
03:10:44.188 200 GET /api/health-check with 15 bytes took 2ms
03:11:14.574 200 GET /api/health-check with 15 bytes took 4ms
03:11:44.885 200 GET /api/health-check with 15 bytes took 2ms
03:12:15.245 200 GET /api/health-check with 15 bytes took 4ms
03:12:45.614 200 GET /api/health-check with 15 bytes took 7ms
03:13:15.982 200 GET /api/health-check with 15 bytes took 2ms
03:13:46.294 200 GET /api/health-check with 15 bytes took 3ms
03:14:16.611 200 GET /api/health-check with 15 bytes took 1ms
03:14:46.976 200 GET /api/health-check with 15 bytes took 1ms
03:15:17.312 200 GET /api/health-check with 15 bytes took 1ms
03:15:47.653 200 GET /api/health-check with 15 bytes took 2ms
03:16:17.965 200 GET /api/health-check with 15 bytes took 2ms
03:16:48.334 200 GET /api/health-check with 15 bytes took 2ms
03:17:18.655 200 GET /api/health-check with 15 bytes took 2ms
03:17:49.009 200 GET /api/health-check with 15 bytes took 2ms
03:18:19.333 200 GET /api/health-check with 15 bytes took 2ms
03:18:49.703 200 GET /api/health-check with 15 bytes took 5ms
03:19:20.039 200 GET /api/health-check with 15 bytes took 2ms
03:19:50.353 200 GET /api/health-check with 15 bytes took 2ms
03:20:20.704 200 GET /api/health-check with 15 bytes took 7ms
03:20:51.066 200 GET /api/health-check with 15 bytes took 3ms
03:21:21.388 200 GET /api/health-check with 15 bytes took 2ms
03:21:51.692 200 GET /api/health-check with 15 bytes took 1ms
03:22:21.994 200 GET /api/health-check with 15 bytes took 1ms
03:22:52.476 200 GET /api/health-check with 15 bytes took 1ms
03:23:22.796 200 GET /api/health-check with 15 bytes took 1ms
03:23:53.136 200 GET /api/health-check with 15 bytes took 2ms
03:24:23.461 200 GET /api/health-check with 15 bytes took 2ms
03:24:53.798 200 GET /api/health-check with 15 bytes took 4ms
03:25:24.064 200 GET /api/health-check with 15 bytes took 1ms
03:25:54.391 200 GET /api/health-check with 15 bytes took 2ms
03:26:24.704 200 GET /api/health-check with 15 bytes took 2ms
03:26:54.979 200 GET /api/health-check with 15 bytes took 1ms
03:27:25.300 200 GET /api/health-check with 15 bytes took 2ms
03:27:55.599 200 GET /api/health-check with 15 bytes took 2ms
03:28:25.912 200 GET /api/health-check with 15 bytes took 3ms
03:28:56.238 200 GET /api/health-check with 15 bytes took 2ms
03:29:26.552 200 GET /api/health-check with 15 bytes took 1ms
03:29:56.884 200 GET /api/health-check with 15 bytes took 2ms
03:30:27.273 200 GET /api/health-check with 15 bytes took 4ms
03:30:57.631 200 GET /api/health-check with 15 bytes took 4ms
03:31:27.970 200 GET /api/health-check with 15 bytes took 2ms
03:31:58.297 200 GET /api/health-check with 15 bytes took 1ms
03:32:28.637 200 GET /api/health-check with 15 bytes took 1ms
03:32:59.021 200 GET /api/health-check with 15 bytes took 3ms
03:33:29.367 200 GET /api/health-check with 15 bytes took 3ms
03:33:59.709 200 GET /api/health-check with 15 bytes took 2ms
03:34:30.023 200 GET /api/health-check with 15 bytes took 2ms
03:35:00.342 200 GET /api/health-check with 15 bytes took 1ms
03:35:30.690 200 GET /api/health-check with 15 bytes took 2ms
03:36:01.019 200 GET /api/health-check with 15 bytes took 5ms
03:36:31.324 200 GET /api/health-check with 15 bytes took 2ms
03:37:01.615 200 GET /api/health-check with 15 bytes took 1ms
03:37:31.947 200 GET /api/health-check with 15 bytes took 4ms
03:38:02.359 200 GET /api/health-check with 15 bytes took 4ms
03:38:32.664 200 GET /api/health-check with 15 bytes took 1ms
03:39:03.060 200 GET /api/health-check with 15 bytes took 2ms
03:39:33.353 200 GET /api/health-check with 15 bytes took 1ms
03:40:03.654 200 GET /api/health-check with 15 bytes took 1ms
03:40:33.961 200 GET /api/health-check with 15 bytes took 1ms
03:41:04.252 200 GET /api/health-check with 15 bytes took 1ms
03:41:34.590 200 GET /api/health-check with 15 bytes took 3ms
03:42:04.849 200 GET /api/health-check with 15 bytes took 1ms
03:42:35.164 200 GET /api/health-check with 15 bytes took 2ms
03:43:05.506 200 GET /api/health-check with 15 bytes took 2ms
03:43:35.809 200 GET /api/health-check with 15 bytes took 2ms
03:44:06.121 200 GET /api/health-check with 15 bytes took 2ms
03:44:36.452 200 GET /api/health-check with 15 bytes took 2ms
03:45:06.758 200 GET /api/health-check with 15 bytes took 3ms
03:45:37.125 200 GET /api/health-check with 15 bytes took 3ms
03:46:07.471 200 GET /api/health-check with 15 bytes took 6ms
03:46:37.784 200 GET /api/health-check with 15 bytes took 1ms
03:47:08.125 200 GET /api/health-check with 15 bytes took 1ms
03:47:38.424 200 GET /api/health-check with 15 bytes took 1ms
03:48:08.722 200 GET /api/health-check with 15 bytes took 1ms
03:48:39.035 200 GET /api/health-check with 15 bytes took 1ms
03:49:09.379 200 GET /api/health-check with 15 bytes took 2ms
03:49:39.807 200 GET /api/health-check with 15 bytes took 7ms
03:50:10.158 200 GET /api/health-check with 15 bytes took 3ms
03:50:40.496 200 GET /api/health-check with 15 bytes took 1ms
03:51:10.855 200 GET /api/health-check with 15 bytes took 2ms
03:51:41.149 200 GET /api/health-check with 15 bytes took 1ms
03:52:11.502 200 GET /api/health-check with 15 bytes took 5ms
03:52:41.855 200 GET /api/health-check with 15 bytes took 3ms
03:53:12.176 200 GET /api/health-check with 15 bytes took 1ms
03:53:42.518 200 GET /api/health-check with 15 bytes took 4ms
03:54:12.863 200 GET /api/health-check with 15 bytes took 2ms
03:54:43.216 200 GET /api/health-check with 15 bytes took 1ms
03:55:13.574 200 GET /api/health-check with 15 bytes took 2ms
03:55:43.932 200 GET /api/health-check with 15 bytes took 1ms
03:56:14.263 200 GET /api/health-check with 15 bytes took 4ms
03:56:44.585 200 GET /api/health-check with 15 bytes took 2ms
03:57:14.913 200 GET /api/health-check with 15 bytes took 3ms
03:57:45.306 200 GET /api/health-check with 15 bytes took 4ms
03:58:15.624 200 GET /api/health-check with 15 bytes took 1ms
03:58:45.943 200 GET /api/health-check with 15 bytes took 2ms
03:59:16.284 200 GET /api/health-check with 15 bytes took 2ms
03:59:46.654 200 GET /api/health-check with 15 bytes took 2ms
